  Building Custom Rule C:/EQMacEmu/libs/zlibng/CMakeLists.txt
  CMake does not need to re-run because C:/EQMacEmu/Build/libs/zlibng/CMakeFiles/generate.stamp is up-to-date.
  adler32.c
  chunkset.c
  compare258.c
  compress.c
  crc32.c
  crc32_comb.c
  deflate.c
  deflate_fast.c
  deflate_medium.c
  deflate_quick.c
  deflate_slow.c
  functable.c
  infback.c
  inffast.c
  inflate.c
C:\EQMacEmu\libs\zlibng\inflate.c(1215,24): warning C4267: '=': conversion from 'size_t' to 'unsigned long', possible loss of data
C:\EQMacEmu\libs\zlibng\inflate.c(1216,26): warning C4267: '=': conversion from 'size_t' to 'unsigned long', possible loss of data
  inftrees.c
  insert_string.c
  trees.c
  uncompr.c
  zutil.c
  Generating Code...
  Compiling...
  x86.c
  slide_avx.c
  chunkset_avx.c
  compare258_avx.c
  adler32_avx.c
  insert_string_sse.c
  compare258_sse.c
  chunkset_sse.c
  slide_sse.c
  adler32_ssse3.c
  crc_folding.c
  gzlib.c
  gzread.c
  gzwrite.c
  Generating Code...
  zlibstatic.vcxproj -> C:\EQMacEmu\Build\libs\zlibng\RelWithDebInfo\zlib-ng.lib
