  Building Custom Rule C:/EQMacEmu/queryserv/CMakeLists.txt
  CMake does not need to re-run because C:/EQMacEmu/Build/queryserv/CMakeFiles/generate.stamp is up-to-date.
  database.cpp
  dbupdate.cpp
  queryserv.cpp
  queryservconfig.cpp
  worldserver.cpp
C:\EQMacEmu\common\../common/eq_packet_structs.h(386,7): warning C4200: nonstandard extension used: zero-sized array in struct/union (compiling source file C:\EQMacEmu\queryserv\dbupdate.cpp)
C:\EQMacEmu\common\../common/eq_packet_structs.h(386,7): message : This member will be ignored by a defaulted constructor or copy/move assignment operator (compiling source file C:\EQMacEmu\queryserv\dbupdate.cpp)
C:\EQMacEmu\common\../common/eq_packet_structs.h(841,15): warning C4200: nonstandard extension used: zero-sized array in struct/union (compiling source file C:\EQMacEmu\queryserv\dbupdate.cpp)
C:\EQMacEmu\common\../common/eq_packet_structs.h(841,15): message : This member will be ignored by a defaulted constructor or copy/move assignment operator (compiling source file C:\EQMacEmu\queryserv\dbupdate.cpp)
C:\EQMacEmu\common\../common/eq_packet_structs.h(1058,7): warning C4200: nonstandard extension used: zero-sized array in struct/union (compiling source file C:\EQMacEmu\queryserv\dbupdate.cpp)
C:\EQMacEmu\common\../common/eq_packet_structs.h(1058,7): message : This member will be ignored by a defaulted constructor or copy/move assignment operator (compiling source file C:\EQMacEmu\queryserv\dbupdate.cpp)
C:\EQMacEmu\common\../common/eq_packet_structs.h(1151,15): warning C4200: nonstandard extension used: zero-sized array in struct/union (compiling source file C:\EQMacEmu\queryserv\dbupdate.cpp)
C:\EQMacEmu\common\../common/eq_packet_structs.h(1151,15): message : This member will be ignored by a defaulted constructor or copy/move assignment operator (compiling source file C:\EQMacEmu\queryserv\dbupdate.cpp)
C:\EQMacEmu\common\../common/eq_packet_structs.h(1477,33): warning C4200: nonstandard extension used: zero-sized array in struct/union (compiling source file C:\EQMacEmu\queryserv\dbupdate.cpp)
C:\EQMacEmu\common\../common/eq_packet_structs.h(1477,33): message : This member will be ignored by a defaulted constructor or copy/move assignment operator (compiling source file C:\EQMacEmu\queryserv\dbupdate.cpp)
C:\EQMacEmu\common\../common/eq_packet_structs.h(1813,21): warning C4200: nonstandard extension used: zero-sized array in struct/union (compiling source file C:\EQMacEmu\queryserv\dbupdate.cpp)
C:\EQMacEmu\common\../common/eq_packet_structs.h(1813,21): message : This member will be ignored by a defaulted constructor or copy/move assignment operator (compiling source file C:\EQMacEmu\queryserv\dbupdate.cpp)
C:\EQMacEmu\common\../common/eq_packet_structs.h(2157,21): warning C4200: nonstandard extension used: zero-sized array in struct/union (compiling source file C:\EQMacEmu\queryserv\dbupdate.cpp)
C:\EQMacEmu\common\../common/eq_packet_structs.h(2157,21): message : This member will be ignored by a defaulted constructor or copy/move assignment operator (compiling source file C:\EQMacEmu\queryserv\dbupdate.cpp)
C:\EQMacEmu\common\../common/eq_packet_structs.h(2213,7): warning C4200: nonstandard extension used: zero-sized array in struct/union (compiling source file C:\EQMacEmu\queryserv\dbupdate.cpp)
C:\EQMacEmu\common\../common/eq_packet_structs.h(2213,7): message : This member will be ignored by a defaulted constructor or copy/move assignment operator (compiling source file C:\EQMacEmu\queryserv\dbupdate.cpp)
C:\EQMacEmu\common\../common/eq_packet_structs.h(2237,35): warning C4200: nonstandard extension used: zero-sized array in struct/union (compiling source file C:\EQMacEmu\queryserv\dbupdate.cpp)
C:\EQMacEmu\common\../common/eq_packet_structs.h(2237,35): message : This member will be ignored by a defaulted constructor or copy/move assignment operator (compiling source file C:\EQMacEmu\queryserv\dbupdate.cpp)
C:\EQMacEmu\common\../common/eq_packet_structs.h(2379,19): warning C4200: nonstandard extension used: zero-sized array in struct/union (compiling source file C:\EQMacEmu\queryserv\dbupdate.cpp)
C:\EQMacEmu\common\../common/eq_packet_structs.h(2379,19): message : This member will be ignored by a defaulted constructor or copy/move assignment operator (compiling source file C:\EQMacEmu\queryserv\dbupdate.cpp)
C:\EQMacEmu\queryserv\../common/servertalk.h(288,8): warning C4200: nonstandard extension used: zero-sized array in struct/union (compiling source file C:\EQMacEmu\queryserv\dbupdate.cpp)
C:\EQMacEmu\queryserv\../common/servertalk.h(288,8): message : This member will be ignored by a defaulted constructor or copy/move assignment operator (compiling source file C:\EQMacEmu\queryserv\dbupdate.cpp)
C:\EQMacEmu\queryserv\../common/servertalk.h(349,7): warning C4200: nonstandard extension used: zero-sized array in struct/union (compiling source file C:\EQMacEmu\queryserv\dbupdate.cpp)
C:\EQMacEmu\queryserv\../common/servertalk.h(349,7): message : This member will be ignored by a defaulted constructor or copy/move assignment operator (compiling source file C:\EQMacEmu\queryserv\dbupdate.cpp)
C:\EQMacEmu\queryserv\../common/servertalk.h(357,7): warning C4200: nonstandard extension used: zero-sized array in struct/union (compiling source file C:\EQMacEmu\queryserv\dbupdate.cpp)
C:\EQMacEmu\queryserv\../common/servertalk.h(357,7): message : This member will be ignored by a defaulted constructor or copy/move assignment operator (compiling source file C:\EQMacEmu\queryserv\dbupdate.cpp)
C:\EQMacEmu\queryserv\../common/servertalk.h(395,9): warning C4200: nonstandard extension used: zero-sized array in struct/union (compiling source file C:\EQMacEmu\queryserv\dbupdate.cpp)
C:\EQMacEmu\queryserv\../common/servertalk.h(395,9): message : This member will be ignored by a defaulted constructor or copy/move assignment operator (compiling source file C:\EQMacEmu\queryserv\dbupdate.cpp)
C:\EQMacEmu\queryserv\../common/servertalk.h(527,7): warning C4200: nonstandard extension used: zero-sized array in struct/union (compiling source file C:\EQMacEmu\queryserv\dbupdate.cpp)
C:\EQMacEmu\queryserv\../common/servertalk.h(527,7): message : This member will be ignored by a defaulted constructor or copy/move assignment operator (compiling source file C:\EQMacEmu\queryserv\dbupdate.cpp)
C:\EQMacEmu\queryserv\../common/servertalk.h(550,7): warning C4200: nonstandard extension used: zero-sized array in struct/union (compiling source file C:\EQMacEmu\queryserv\dbupdate.cpp)
C:\EQMacEmu\queryserv\../common/servertalk.h(550,7): message : This member will be ignored by a defaulted constructor or copy/move assignment operator (compiling source file C:\EQMacEmu\queryserv\dbupdate.cpp)
C:\EQMacEmu\queryserv\../common/servertalk.h(615,8): warning C4200: nonstandard extension used: zero-sized array in struct/union (compiling source file C:\EQMacEmu\queryserv\dbupdate.cpp)
C:\EQMacEmu\queryserv\../common/servertalk.h(615,8): message : This member will be ignored by a defaulted constructor or copy/move assignment operator (compiling source file C:\EQMacEmu\queryserv\dbupdate.cpp)
C:\EQMacEmu\queryserv\../common/servertalk.h(677,7): warning C4200: nonstandard extension used: zero-sized array in struct/union (compiling source file C:\EQMacEmu\queryserv\dbupdate.cpp)
C:\EQMacEmu\queryserv\../common/servertalk.h(677,7): message : This member will be ignored by a defaulted constructor or copy/move assignment operator (compiling source file C:\EQMacEmu\queryserv\dbupdate.cpp)
C:\EQMacEmu\queryserv\../common/servertalk.h(736,7): warning C4200: nonstandard extension used: zero-sized array in struct/union (compiling source file C:\EQMacEmu\queryserv\dbupdate.cpp)
C:\EQMacEmu\queryserv\../common/servertalk.h(736,7): message : This member will be ignored by a defaulted constructor or copy/move assignment operator (compiling source file C:\EQMacEmu\queryserv\dbupdate.cpp)
C:\EQMacEmu\queryserv\../common/servertalk.h(878,7): warning C4200: nonstandard extension used: zero-sized array in struct/union (compiling source file C:\EQMacEmu\queryserv\dbupdate.cpp)
C:\EQMacEmu\queryserv\../common/servertalk.h(878,7): message : This member will be ignored by a defaulted constructor or copy/move assignment operator (compiling source file C:\EQMacEmu\queryserv\dbupdate.cpp)
C:\EQMacEmu\queryserv\../common/servertalk.h(934,7): warning C4200: nonstandard extension used: zero-sized array in struct/union (compiling source file C:\EQMacEmu\queryserv\dbupdate.cpp)
C:\EQMacEmu\queryserv\../common/servertalk.h(934,7): message : This member will be ignored by a defaulted constructor or copy/move assignment operator (compiling source file C:\EQMacEmu\queryserv\dbupdate.cpp)
C:\EQMacEmu\queryserv\../common/servertalk.h(943,7): warning C4200: nonstandard extension used: zero-sized array in struct/union (compiling source file C:\EQMacEmu\queryserv\dbupdate.cpp)
C:\EQMacEmu\queryserv\../common/servertalk.h(943,7): message : This member will be ignored by a defaulted constructor or copy/move assignment operator (compiling source file C:\EQMacEmu\queryserv\dbupdate.cpp)
C:\EQMacEmu\queryserv\../common/servertalk.h(954,7): warning C4200: nonstandard extension used: zero-sized array in struct/union (compiling source file C:\EQMacEmu\queryserv\dbupdate.cpp)
C:\EQMacEmu\queryserv\../common/servertalk.h(954,7): message : This member will be ignored by a defaulted constructor or copy/move assignment operator (compiling source file C:\EQMacEmu\queryserv\dbupdate.cpp)
C:\EQMacEmu\queryserv\../common/servertalk.h(990,36): warning C4200: nonstandard extension used: zero-sized array in struct/union (compiling source file C:\EQMacEmu\queryserv\dbupdate.cpp)
C:\EQMacEmu\queryserv\../common/servertalk.h(990,36): message : This member will be ignored by a defaulted constructor or copy/move assignment operator (compiling source file C:\EQMacEmu\queryserv\dbupdate.cpp)
C:\EQMacEmu\queryserv\../common/servertalk.h(1023,21): warning C4200: nonstandard extension used: zero-sized array in struct/union (compiling source file C:\EQMacEmu\queryserv\dbupdate.cpp)
C:\EQMacEmu\queryserv\../common/servertalk.h(1023,21): message : This member will be ignored by a defaulted constructor or copy/move assignment operator (compiling source file C:\EQMacEmu\queryserv\dbupdate.cpp)
C:\EQMacEmu\queryserv\../common/servertalk.h(1098,7): warning C4200: nonstandard extension used: zero-sized array in struct/union (compiling source file C:\EQMacEmu\queryserv\dbupdate.cpp)
C:\EQMacEmu\queryserv\../common/servertalk.h(1098,7): message : This member will be ignored by a defaulted constructor or copy/move assignment operator (compiling source file C:\EQMacEmu\queryserv\dbupdate.cpp)
C:\EQMacEmu\queryserv\../common/servertalk.h(1109,7): warning C4200: nonstandard extension used: zero-sized array in struct/union (compiling source file C:\EQMacEmu\queryserv\dbupdate.cpp)
C:\EQMacEmu\queryserv\../common/servertalk.h(1109,7): message : This member will be ignored by a defaulted constructor or copy/move assignment operator (compiling source file C:\EQMacEmu\queryserv\dbupdate.cpp)
C:\EQMacEmu\common\../common/eq_packet_structs.h(386,7): warning C4200: nonstandard extension used: zero-sized array in struct/union (compiling source file C:\EQMacEmu\queryserv\database.cpp)
C:\EQMacEmu\common\../common/eq_packet_structs.h(386,7): message : This member will be ignored by a defaulted constructor or copy/move assignment operator (compiling source file C:\EQMacEmu\queryserv\database.cpp)
C:\EQMacEmu\common\../common/eq_packet_structs.h(841,15): warning C4200: nonstandard extension used: zero-sized array in struct/union (compiling source file C:\EQMacEmu\queryserv\database.cpp)
C:\EQMacEmu\common\../common/eq_packet_structs.h(841,15): message : This member will be ignored by a defaulted constructor or copy/move assignment operator (compiling source file C:\EQMacEmu\queryserv\database.cpp)
C:\EQMacEmu\common\../common/eq_packet_structs.h(1058,7): warning C4200: nonstandard extension used: zero-sized array in struct/union (compiling source file C:\EQMacEmu\queryserv\database.cpp)
C:\EQMacEmu\common\../common/eq_packet_structs.h(1058,7): message : This member will be ignored by a defaulted constructor or copy/move assignment operator (compiling source file C:\EQMacEmu\queryserv\database.cpp)
C:\EQMacEmu\common\../common/eq_packet_structs.h(1151,15): warning C4200: nonstandard extension used: zero-sized array in struct/union (compiling source file C:\EQMacEmu\queryserv\database.cpp)
C:\EQMacEmu\common\../common/eq_packet_structs.h(1151,15): message : This member will be ignored by a defaulted constructor or copy/move assignment operator (compiling source file C:\EQMacEmu\queryserv\database.cpp)
C:\EQMacEmu\common\../common/eq_packet_structs.h(1477,33): warning C4200: nonstandard extension used: zero-sized array in struct/union (compiling source file C:\EQMacEmu\queryserv\database.cpp)
C:\EQMacEmu\common\../common/eq_packet_structs.h(1477,33): message : This member will be ignored by a defaulted constructor or copy/move assignment operator (compiling source file C:\EQMacEmu\queryserv\database.cpp)
C:\EQMacEmu\common\../common/eq_packet_structs.h(1813,21): warning C4200: nonstandard extension used: zero-sized array in struct/union (compiling source file C:\EQMacEmu\queryserv\database.cpp)
C:\EQMacEmu\common\../common/eq_packet_structs.h(1813,21): message : This member will be ignored by a defaulted constructor or copy/move assignment operator (compiling source file C:\EQMacEmu\queryserv\database.cpp)
C:\EQMacEmu\common\../common/eq_packet_structs.h(2157,21): warning C4200: nonstandard extension used: zero-sized array in struct/union (compiling source file C:\EQMacEmu\queryserv\database.cpp)
C:\EQMacEmu\common\../common/eq_packet_structs.h(2157,21): message : This member will be ignored by a defaulted constructor or copy/move assignment operator (compiling source file C:\EQMacEmu\queryserv\database.cpp)
C:\EQMacEmu\common\../common/eq_packet_structs.h(2213,7): warning C4200: nonstandard extension used: zero-sized array in struct/union (compiling source file C:\EQMacEmu\queryserv\database.cpp)
C:\EQMacEmu\common\../common/eq_packet_structs.h(2213,7): message : This member will be ignored by a defaulted constructor or copy/move assignment operator (compiling source file C:\EQMacEmu\queryserv\database.cpp)
C:\EQMacEmu\common\../common/eq_packet_structs.h(2237,35): warning C4200: nonstandard extension used: zero-sized array in struct/union (compiling source file C:\EQMacEmu\queryserv\database.cpp)
C:\EQMacEmu\common\../common/eq_packet_structs.h(2237,35): message : This member will be ignored by a defaulted constructor or copy/move assignment operator (compiling source file C:\EQMacEmu\queryserv\database.cpp)
C:\EQMacEmu\common\../common/eq_packet_structs.h(2379,19): warning C4200: nonstandard extension used: zero-sized array in struct/union (compiling source file C:\EQMacEmu\queryserv\database.cpp)
C:\EQMacEmu\common\../common/eq_packet_structs.h(2379,19): message : This member will be ignored by a defaulted constructor or copy/move assignment operator (compiling source file C:\EQMacEmu\queryserv\database.cpp)
C:\EQMacEmu\queryserv\../common/servertalk.h(288,8): warning C4200: nonstandard extension used: zero-sized array in struct/union (compiling source file C:\EQMacEmu\queryserv\database.cpp)
C:\EQMacEmu\queryserv\../common/servertalk.h(288,8): message : This member will be ignored by a defaulted constructor or copy/move assignment operator (compiling source file C:\EQMacEmu\queryserv\database.cpp)
C:\EQMacEmu\queryserv\../common/servertalk.h(349,7): warning C4200: nonstandard extension used: zero-sized array in struct/union (compiling source file C:\EQMacEmu\queryserv\database.cpp)
C:\EQMacEmu\queryserv\../common/servertalk.h(349,7): message : This member will be ignored by a defaulted constructor or copy/move assignment operator (compiling source file C:\EQMacEmu\queryserv\database.cpp)
C:\EQMacEmu\queryserv\../common/servertalk.h(357,7): warning C4200: nonstandard extension used: zero-sized array in struct/union (compiling source file C:\EQMacEmu\queryserv\database.cpp)
C:\EQMacEmu\queryserv\../common/servertalk.h(357,7): message : This member will be ignored by a defaulted constructor or copy/move assignment operator (compiling source file C:\EQMacEmu\queryserv\database.cpp)
C:\EQMacEmu\queryserv\../common/servertalk.h(395,9): warning C4200: nonstandard extension used: zero-sized array in struct/union (compiling source file C:\EQMacEmu\queryserv\database.cpp)
C:\EQMacEmu\queryserv\../common/servertalk.h(395,9): message : This member will be ignored by a defaulted constructor or copy/move assignment operator (compiling source file C:\EQMacEmu\queryserv\database.cpp)
C:\EQMacEmu\queryserv\../common/servertalk.h(527,7): warning C4200: nonstandard extension used: zero-sized array in struct/union (compiling source file C:\EQMacEmu\queryserv\database.cpp)
C:\EQMacEmu\queryserv\../common/servertalk.h(527,7): message : This member will be ignored by a defaulted constructor or copy/move assignment operator (compiling source file C:\EQMacEmu\queryserv\database.cpp)
C:\EQMacEmu\queryserv\../common/servertalk.h(550,7): warning C4200: nonstandard extension used: zero-sized array in struct/union (compiling source file C:\EQMacEmu\queryserv\database.cpp)
C:\EQMacEmu\queryserv\../common/servertalk.h(550,7): message : This member will be ignored by a defaulted constructor or copy/move assignment operator (compiling source file C:\EQMacEmu\queryserv\database.cpp)
C:\EQMacEmu\queryserv\../common/servertalk.h(615,8): warning C4200: nonstandard extension used: zero-sized array in struct/union (compiling source file C:\EQMacEmu\queryserv\database.cpp)
C:\EQMacEmu\queryserv\../common/servertalk.h(615,8): message : This member will be ignored by a defaulted constructor or copy/move assignment operator (compiling source file C:\EQMacEmu\queryserv\database.cpp)
C:\EQMacEmu\queryserv\../common/servertalk.h(677,7): warning C4200: nonstandard extension used: zero-sized array in struct/union (compiling source file C:\EQMacEmu\queryserv\database.cpp)
C:\EQMacEmu\queryserv\../common/servertalk.h(677,7): message : This member will be ignored by a defaulted constructor or copy/move assignment operator (compiling source file C:\EQMacEmu\queryserv\database.cpp)
C:\EQMacEmu\queryserv\../common/servertalk.h(736,7): warning C4200: nonstandard extension used: zero-sized array in struct/union (compiling source file C:\EQMacEmu\queryserv\database.cpp)
C:\EQMacEmu\queryserv\../common/servertalk.h(736,7): message : This member will be ignored by a defaulted constructor or copy/move assignment operator (compiling source file C:\EQMacEmu\queryserv\database.cpp)
C:\EQMacEmu\queryserv\../common/servertalk.h(878,7): warning C4200: nonstandard extension used: zero-sized array in struct/union (compiling source file C:\EQMacEmu\queryserv\database.cpp)
C:\EQMacEmu\queryserv\../common/servertalk.h(878,7): message : This member will be ignored by a defaulted constructor or copy/move assignment operator (compiling source file C:\EQMacEmu\queryserv\database.cpp)
C:\EQMacEmu\queryserv\../common/servertalk.h(934,7): warning C4200: nonstandard extension used: zero-sized array in struct/union (compiling source file C:\EQMacEmu\queryserv\database.cpp)
C:\EQMacEmu\queryserv\../common/servertalk.h(934,7): message : This member will be ignored by a defaulted constructor or copy/move assignment operator (compiling source file C:\EQMacEmu\queryserv\database.cpp)
C:\EQMacEmu\queryserv\../common/servertalk.h(943,7): warning C4200: nonstandard extension used: zero-sized array in struct/union (compiling source file C:\EQMacEmu\queryserv\database.cpp)
C:\EQMacEmu\queryserv\../common/servertalk.h(943,7): message : This member will be ignored by a defaulted constructor or copy/move assignment operator (compiling source file C:\EQMacEmu\queryserv\database.cpp)
C:\EQMacEmu\queryserv\../common/servertalk.h(954,7): warning C4200: nonstandard extension used: zero-sized array in struct/union (compiling source file C:\EQMacEmu\queryserv\database.cpp)
C:\EQMacEmu\queryserv\../common/servertalk.h(954,7): message : This member will be ignored by a defaulted constructor or copy/move assignment operator (compiling source file C:\EQMacEmu\queryserv\database.cpp)
C:\EQMacEmu\queryserv\../common/servertalk.h(990,36): warning C4200: nonstandard extension used: zero-sized array in struct/union (compiling source file C:\EQMacEmu\queryserv\database.cpp)
C:\EQMacEmu\queryserv\../common/servertalk.h(990,36): message : This member will be ignored by a defaulted constructor or copy/move assignment operator (compiling source file C:\EQMacEmu\queryserv\database.cpp)
C:\EQMacEmu\queryserv\../common/servertalk.h(1023,21): warning C4200: nonstandard extension used: zero-sized array in struct/union (compiling source file C:\EQMacEmu\queryserv\database.cpp)
C:\EQMacEmu\queryserv\../common/servertalk.h(1023,21): message : This member will be ignored by a defaulted constructor or copy/move assignment operator (compiling source file C:\EQMacEmu\queryserv\database.cpp)
C:\EQMacEmu\queryserv\../common/servertalk.h(1098,7): warning C4200: nonstandard extension used: zero-sized array in struct/union (compiling source file C:\EQMacEmu\queryserv\database.cpp)
C:\EQMacEmu\queryserv\../common/servertalk.h(1098,7): message : This member will be ignored by a defaulted constructor or copy/move assignment operator (compiling source file C:\EQMacEmu\queryserv\database.cpp)
C:\EQMacEmu\queryserv\../common/servertalk.h(1109,7): warning C4200: nonstandard extension used: zero-sized array in struct/union (compiling source file C:\EQMacEmu\queryserv\database.cpp)
C:\EQMacEmu\queryserv\../common/servertalk.h(1109,7): message : This member will be ignored by a defaulted constructor or copy/move assignment operator (compiling source file C:\EQMacEmu\queryserv\database.cpp)
C:\EQMacEmu\common\../common/eq_packet_structs.h(386,7): warning C4200: nonstandard extension used: zero-sized array in struct/union (compiling source file C:\EQMacEmu\queryserv\worldserver.cpp)
C:\EQMacEmu\common\../common/eq_packet_structs.h(386,7): message : This member will be ignored by a defaulted constructor or copy/move assignment operator (compiling source file C:\EQMacEmu\queryserv\worldserver.cpp)
C:\EQMacEmu\common\../common/eq_packet_structs.h(841,15): warning C4200: nonstandard extension used: zero-sized array in struct/union (compiling source file C:\EQMacEmu\queryserv\worldserver.cpp)
C:\EQMacEmu\common\../common/eq_packet_structs.h(841,15): message : This member will be ignored by a defaulted constructor or copy/move assignment operator (compiling source file C:\EQMacEmu\queryserv\worldserver.cpp)
C:\EQMacEmu\common\../common/eq_packet_structs.h(1058,7): warning C4200: nonstandard extension used: zero-sized array in struct/union (compiling source file C:\EQMacEmu\queryserv\worldserver.cpp)
C:\EQMacEmu\common\../common/eq_packet_structs.h(1058,7): message : This member will be ignored by a defaulted constructor or copy/move assignment operator (compiling source file C:\EQMacEmu\queryserv\worldserver.cpp)
C:\EQMacEmu\common\../common/eq_packet_structs.h(1151,15): warning C4200: nonstandard extension used: zero-sized array in struct/union (compiling source file C:\EQMacEmu\queryserv\worldserver.cpp)
C:\EQMacEmu\common\../common/eq_packet_structs.h(1151,15): message : This member will be ignored by a defaulted constructor or copy/move assignment operator (compiling source file C:\EQMacEmu\queryserv\worldserver.cpp)
C:\EQMacEmu\common\../common/eq_packet_structs.h(1477,33): warning C4200: nonstandard extension used: zero-sized array in struct/union (compiling source file C:\EQMacEmu\queryserv\worldserver.cpp)
C:\EQMacEmu\common\../common/eq_packet_structs.h(1477,33): message : This member will be ignored by a defaulted constructor or copy/move assignment operator (compiling source file C:\EQMacEmu\queryserv\worldserver.cpp)
C:\EQMacEmu\common\../common/eq_packet_structs.h(1813,21): warning C4200: nonstandard extension used: zero-sized array in struct/union (compiling source file C:\EQMacEmu\queryserv\worldserver.cpp)
C:\EQMacEmu\common\../common/eq_packet_structs.h(1813,21): message : This member will be ignored by a defaulted constructor or copy/move assignment operator (compiling source file C:\EQMacEmu\queryserv\worldserver.cpp)
C:\EQMacEmu\common\../common/eq_packet_structs.h(2157,21): warning C4200: nonstandard extension used: zero-sized array in struct/union (compiling source file C:\EQMacEmu\queryserv\worldserver.cpp)
C:\EQMacEmu\common\../common/eq_packet_structs.h(2157,21): message : This member will be ignored by a defaulted constructor or copy/move assignment operator (compiling source file C:\EQMacEmu\queryserv\worldserver.cpp)
C:\EQMacEmu\common\../common/eq_packet_structs.h(2213,7): warning C4200: nonstandard extension used: zero-sized array in struct/union (compiling source file C:\EQMacEmu\queryserv\worldserver.cpp)
C:\EQMacEmu\common\../common/eq_packet_structs.h(2213,7): message : This member will be ignored by a defaulted constructor or copy/move assignment operator (compiling source file C:\EQMacEmu\queryserv\worldserver.cpp)
C:\EQMacEmu\common\../common/eq_packet_structs.h(2237,35): warning C4200: nonstandard extension used: zero-sized array in struct/union (compiling source file C:\EQMacEmu\queryserv\worldserver.cpp)
C:\EQMacEmu\common\../common/eq_packet_structs.h(2237,35): message : This member will be ignored by a defaulted constructor or copy/move assignment operator (compiling source file C:\EQMacEmu\queryserv\worldserver.cpp)
C:\EQMacEmu\common\../common/eq_packet_structs.h(2379,19): warning C4200: nonstandard extension used: zero-sized array in struct/union (compiling source file C:\EQMacEmu\queryserv\worldserver.cpp)
C:\EQMacEmu\common\../common/eq_packet_structs.h(2379,19): message : This member will be ignored by a defaulted constructor or copy/move assignment operator (compiling source file C:\EQMacEmu\queryserv\worldserver.cpp)
C:\EQMacEmu\queryserv\../common/servertalk.h(288,8): warning C4200: nonstandard extension used: zero-sized array in struct/union (compiling source file C:\EQMacEmu\queryserv\worldserver.cpp)
C:\EQMacEmu\queryserv\../common/servertalk.h(288,8): message : This member will be ignored by a defaulted constructor or copy/move assignment operator (compiling source file C:\EQMacEmu\queryserv\worldserver.cpp)
C:\EQMacEmu\queryserv\../common/servertalk.h(349,7): warning C4200: nonstandard extension used: zero-sized array in struct/union (compiling source file C:\EQMacEmu\queryserv\worldserver.cpp)
C:\EQMacEmu\queryserv\../common/servertalk.h(349,7): message : This member will be ignored by a defaulted constructor or copy/move assignment operator (compiling source file C:\EQMacEmu\queryserv\worldserver.cpp)
C:\EQMacEmu\queryserv\../common/servertalk.h(357,7): warning C4200: nonstandard extension used: zero-sized array in struct/union (compiling source file C:\EQMacEmu\queryserv\worldserver.cpp)
C:\EQMacEmu\queryserv\../common/servertalk.h(357,7): message : This member will be ignored by a defaulted constructor or copy/move assignment operator (compiling source file C:\EQMacEmu\queryserv\worldserver.cpp)
C:\EQMacEmu\queryserv\../common/servertalk.h(395,9): warning C4200: nonstandard extension used: zero-sized array in struct/union (compiling source file C:\EQMacEmu\queryserv\worldserver.cpp)
C:\EQMacEmu\queryserv\../common/servertalk.h(395,9): message : This member will be ignored by a defaulted constructor or copy/move assignment operator (compiling source file C:\EQMacEmu\queryserv\worldserver.cpp)
C:\EQMacEmu\queryserv\../common/servertalk.h(527,7): warning C4200: nonstandard extension used: zero-sized array in struct/union (compiling source file C:\EQMacEmu\queryserv\worldserver.cpp)
C:\EQMacEmu\queryserv\../common/servertalk.h(527,7): message : This member will be ignored by a defaulted constructor or copy/move assignment operator (compiling source file C:\EQMacEmu\queryserv\worldserver.cpp)
C:\EQMacEmu\queryserv\../common/servertalk.h(550,7): warning C4200: nonstandard extension used: zero-sized array in struct/union (compiling source file C:\EQMacEmu\queryserv\worldserver.cpp)
C:\EQMacEmu\queryserv\../common/servertalk.h(550,7): message : This member will be ignored by a defaulted constructor or copy/move assignment operator (compiling source file C:\EQMacEmu\queryserv\worldserver.cpp)
C:\EQMacEmu\queryserv\../common/servertalk.h(615,8): warning C4200: nonstandard extension used: zero-sized array in struct/union (compiling source file C:\EQMacEmu\queryserv\worldserver.cpp)
C:\EQMacEmu\queryserv\../common/servertalk.h(615,8): message : This member will be ignored by a defaulted constructor or copy/move assignment operator (compiling source file C:\EQMacEmu\queryserv\worldserver.cpp)
C:\EQMacEmu\queryserv\../common/servertalk.h(677,7): warning C4200: nonstandard extension used: zero-sized array in struct/union (compiling source file C:\EQMacEmu\queryserv\worldserver.cpp)
C:\EQMacEmu\queryserv\../common/servertalk.h(677,7): message : This member will be ignored by a defaulted constructor or copy/move assignment operator (compiling source file C:\EQMacEmu\queryserv\worldserver.cpp)
C:\EQMacEmu\queryserv\../common/servertalk.h(736,7): warning C4200: nonstandard extension used: zero-sized array in struct/union (compiling source file C:\EQMacEmu\queryserv\worldserver.cpp)
C:\EQMacEmu\queryserv\../common/servertalk.h(736,7): message : This member will be ignored by a defaulted constructor or copy/move assignment operator (compiling source file C:\EQMacEmu\queryserv\worldserver.cpp)
C:\EQMacEmu\queryserv\../common/servertalk.h(878,7): warning C4200: nonstandard extension used: zero-sized array in struct/union (compiling source file C:\EQMacEmu\queryserv\worldserver.cpp)
C:\EQMacEmu\queryserv\../common/servertalk.h(878,7): message : This member will be ignored by a defaulted constructor or copy/move assignment operator (compiling source file C:\EQMacEmu\queryserv\worldserver.cpp)
C:\EQMacEmu\queryserv\../common/servertalk.h(934,7): warning C4200: nonstandard extension used: zero-sized array in struct/union (compiling source file C:\EQMacEmu\queryserv\worldserver.cpp)
C:\EQMacEmu\queryserv\../common/servertalk.h(934,7): message : This member will be ignored by a defaulted constructor or copy/move assignment operator (compiling source file C:\EQMacEmu\queryserv\worldserver.cpp)
C:\EQMacEmu\queryserv\../common/servertalk.h(943,7): warning C4200: nonstandard extension used: zero-sized array in struct/union (compiling source file C:\EQMacEmu\queryserv\worldserver.cpp)
C:\EQMacEmu\queryserv\../common/servertalk.h(943,7): message : This member will be ignored by a defaulted constructor or copy/move assignment operator (compiling source file C:\EQMacEmu\queryserv\worldserver.cpp)
C:\EQMacEmu\queryserv\../common/servertalk.h(954,7): warning C4200: nonstandard extension used: zero-sized array in struct/union (compiling source file C:\EQMacEmu\queryserv\worldserver.cpp)
C:\EQMacEmu\queryserv\../common/servertalk.h(954,7): message : This member will be ignored by a defaulted constructor or copy/move assignment operator (compiling source file C:\EQMacEmu\queryserv\worldserver.cpp)
C:\EQMacEmu\queryserv\../common/servertalk.h(990,36): warning C4200: nonstandard extension used: zero-sized array in struct/union (compiling source file C:\EQMacEmu\queryserv\worldserver.cpp)
C:\EQMacEmu\queryserv\../common/servertalk.h(990,36): message : This member will be ignored by a defaulted constructor or copy/move assignment operator (compiling source file C:\EQMacEmu\queryserv\worldserver.cpp)
C:\EQMacEmu\queryserv\../common/servertalk.h(1023,21): warning C4200: nonstandard extension used: zero-sized array in struct/union (compiling source file C:\EQMacEmu\queryserv\worldserver.cpp)
C:\EQMacEmu\queryserv\../common/servertalk.h(1023,21): message : This member will be ignored by a defaulted constructor or copy/move assignment operator (compiling source file C:\EQMacEmu\queryserv\worldserver.cpp)
C:\EQMacEmu\queryserv\../common/servertalk.h(1098,7): warning C4200: nonstandard extension used: zero-sized array in struct/union (compiling source file C:\EQMacEmu\queryserv\worldserver.cpp)
C:\EQMacEmu\queryserv\../common/servertalk.h(1098,7): message : This member will be ignored by a defaulted constructor or copy/move assignment operator (compiling source file C:\EQMacEmu\queryserv\worldserver.cpp)
C:\EQMacEmu\queryserv\../common/servertalk.h(1109,7): warning C4200: nonstandard extension used: zero-sized array in struct/union (compiling source file C:\EQMacEmu\queryserv\worldserver.cpp)
C:\EQMacEmu\queryserv\../common/servertalk.h(1109,7): message : This member will be ignored by a defaulted constructor or copy/move assignment operator (compiling source file C:\EQMacEmu\queryserv\worldserver.cpp)
C:\EQMacEmu\common\../common/eq_packet_structs.h(386,7): warning C4200: nonstandard extension used: zero-sized array in struct/union (compiling source file C:\EQMacEmu\queryserv\queryserv.cpp)
C:\EQMacEmu\common\../common/eq_packet_structs.h(386,7): message : This member will be ignored by a defaulted constructor or copy/move assignment operator (compiling source file C:\EQMacEmu\queryserv\queryserv.cpp)
C:\EQMacEmu\common\../common/eq_packet_structs.h(841,15): warning C4200: nonstandard extension used: zero-sized array in struct/union (compiling source file C:\EQMacEmu\queryserv\queryserv.cpp)
C:\EQMacEmu\common\../common/eq_packet_structs.h(841,15): message : This member will be ignored by a defaulted constructor or copy/move assignment operator (compiling source file C:\EQMacEmu\queryserv\queryserv.cpp)
C:\EQMacEmu\common\../common/eq_packet_structs.h(1058,7): warning C4200: nonstandard extension used: zero-sized array in struct/union (compiling source file C:\EQMacEmu\queryserv\queryserv.cpp)
C:\EQMacEmu\common\../common/eq_packet_structs.h(1058,7): message : This member will be ignored by a defaulted constructor or copy/move assignment operator (compiling source file C:\EQMacEmu\queryserv\queryserv.cpp)
C:\EQMacEmu\common\../common/eq_packet_structs.h(1151,15): warning C4200: nonstandard extension used: zero-sized array in struct/union (compiling source file C:\EQMacEmu\queryserv\queryserv.cpp)
C:\EQMacEmu\common\../common/eq_packet_structs.h(1151,15): message : This member will be ignored by a defaulted constructor or copy/move assignment operator (compiling source file C:\EQMacEmu\queryserv\queryserv.cpp)
C:\EQMacEmu\common\../common/eq_packet_structs.h(1477,33): warning C4200: nonstandard extension used: zero-sized array in struct/union (compiling source file C:\EQMacEmu\queryserv\queryserv.cpp)
C:\EQMacEmu\common\../common/eq_packet_structs.h(1477,33): message : This member will be ignored by a defaulted constructor or copy/move assignment operator (compiling source file C:\EQMacEmu\queryserv\queryserv.cpp)
C:\EQMacEmu\common\../common/eq_packet_structs.h(1813,21): warning C4200: nonstandard extension used: zero-sized array in struct/union (compiling source file C:\EQMacEmu\queryserv\queryserv.cpp)
C:\EQMacEmu\common\../common/eq_packet_structs.h(1813,21): message : This member will be ignored by a defaulted constructor or copy/move assignment operator (compiling source file C:\EQMacEmu\queryserv\queryserv.cpp)
C:\EQMacEmu\common\../common/eq_packet_structs.h(2157,21): warning C4200: nonstandard extension used: zero-sized array in struct/union (compiling source file C:\EQMacEmu\queryserv\queryserv.cpp)
C:\EQMacEmu\common\../common/eq_packet_structs.h(2157,21): message : This member will be ignored by a defaulted constructor or copy/move assignment operator (compiling source file C:\EQMacEmu\queryserv\queryserv.cpp)
C:\EQMacEmu\common\../common/eq_packet_structs.h(2213,7): warning C4200: nonstandard extension used: zero-sized array in struct/union (compiling source file C:\EQMacEmu\queryserv\queryserv.cpp)
C:\EQMacEmu\common\../common/eq_packet_structs.h(2213,7): message : This member will be ignored by a defaulted constructor or copy/move assignment operator (compiling source file C:\EQMacEmu\queryserv\queryserv.cpp)
C:\EQMacEmu\common\../common/eq_packet_structs.h(2237,35): warning C4200: nonstandard extension used: zero-sized array in struct/union (compiling source file C:\EQMacEmu\queryserv\queryserv.cpp)
C:\EQMacEmu\common\../common/eq_packet_structs.h(2237,35): message : This member will be ignored by a defaulted constructor or copy/move assignment operator (compiling source file C:\EQMacEmu\queryserv\queryserv.cpp)
C:\EQMacEmu\common\../common/eq_packet_structs.h(2379,19): warning C4200: nonstandard extension used: zero-sized array in struct/union (compiling source file C:\EQMacEmu\queryserv\queryserv.cpp)
C:\EQMacEmu\common\../common/eq_packet_structs.h(2379,19): message : This member will be ignored by a defaulted constructor or copy/move assignment operator (compiling source file C:\EQMacEmu\queryserv\queryserv.cpp)
C:\EQMacEmu\queryserv\../common/servertalk.h(288,8): warning C4200: nonstandard extension used: zero-sized array in struct/union (compiling source file C:\EQMacEmu\queryserv\queryserv.cpp)
C:\EQMacEmu\queryserv\../common/servertalk.h(288,8): message : This member will be ignored by a defaulted constructor or copy/move assignment operator (compiling source file C:\EQMacEmu\queryserv\queryserv.cpp)
C:\EQMacEmu\queryserv\../common/servertalk.h(349,7): warning C4200: nonstandard extension used: zero-sized array in struct/union (compiling source file C:\EQMacEmu\queryserv\queryserv.cpp)
C:\EQMacEmu\queryserv\../common/servertalk.h(349,7): message : This member will be ignored by a defaulted constructor or copy/move assignment operator (compiling source file C:\EQMacEmu\queryserv\queryserv.cpp)
C:\EQMacEmu\queryserv\../common/servertalk.h(357,7): warning C4200: nonstandard extension used: zero-sized array in struct/union (compiling source file C:\EQMacEmu\queryserv\queryserv.cpp)
C:\EQMacEmu\queryserv\../common/servertalk.h(357,7): message : This member will be ignored by a defaulted constructor or copy/move assignment operator (compiling source file C:\EQMacEmu\queryserv\queryserv.cpp)
C:\EQMacEmu\queryserv\../common/servertalk.h(395,9): warning C4200: nonstandard extension used: zero-sized array in struct/union (compiling source file C:\EQMacEmu\queryserv\queryserv.cpp)
C:\EQMacEmu\queryserv\../common/servertalk.h(395,9): message : This member will be ignored by a defaulted constructor or copy/move assignment operator (compiling source file C:\EQMacEmu\queryserv\queryserv.cpp)
C:\EQMacEmu\queryserv\../common/servertalk.h(527,7): warning C4200: nonstandard extension used: zero-sized array in struct/union (compiling source file C:\EQMacEmu\queryserv\queryserv.cpp)
C:\EQMacEmu\queryserv\../common/servertalk.h(527,7): message : This member will be ignored by a defaulted constructor or copy/move assignment operator (compiling source file C:\EQMacEmu\queryserv\queryserv.cpp)
C:\EQMacEmu\queryserv\../common/servertalk.h(550,7): warning C4200: nonstandard extension used: zero-sized array in struct/union (compiling source file C:\EQMacEmu\queryserv\queryserv.cpp)
C:\EQMacEmu\queryserv\../common/servertalk.h(550,7): message : This member will be ignored by a defaulted constructor or copy/move assignment operator (compiling source file C:\EQMacEmu\queryserv\queryserv.cpp)
C:\EQMacEmu\queryserv\../common/servertalk.h(615,8): warning C4200: nonstandard extension used: zero-sized array in struct/union (compiling source file C:\EQMacEmu\queryserv\queryserv.cpp)
C:\EQMacEmu\queryserv\../common/servertalk.h(615,8): message : This member will be ignored by a defaulted constructor or copy/move assignment operator (compiling source file C:\EQMacEmu\queryserv\queryserv.cpp)
C:\EQMacEmu\queryserv\../common/servertalk.h(677,7): warning C4200: nonstandard extension used: zero-sized array in struct/union (compiling source file C:\EQMacEmu\queryserv\queryserv.cpp)
C:\EQMacEmu\queryserv\../common/servertalk.h(677,7): message : This member will be ignored by a defaulted constructor or copy/move assignment operator (compiling source file C:\EQMacEmu\queryserv\queryserv.cpp)
C:\EQMacEmu\queryserv\../common/servertalk.h(736,7): warning C4200: nonstandard extension used: zero-sized array in struct/union (compiling source file C:\EQMacEmu\queryserv\queryserv.cpp)
C:\EQMacEmu\queryserv\../common/servertalk.h(736,7): message : This member will be ignored by a defaulted constructor or copy/move assignment operator (compiling source file C:\EQMacEmu\queryserv\queryserv.cpp)
C:\EQMacEmu\queryserv\../common/servertalk.h(878,7): warning C4200: nonstandard extension used: zero-sized array in struct/union (compiling source file C:\EQMacEmu\queryserv\queryserv.cpp)
C:\EQMacEmu\queryserv\../common/servertalk.h(878,7): message : This member will be ignored by a defaulted constructor or copy/move assignment operator (compiling source file C:\EQMacEmu\queryserv\queryserv.cpp)
C:\EQMacEmu\queryserv\../common/servertalk.h(934,7): warning C4200: nonstandard extension used: zero-sized array in struct/union (compiling source file C:\EQMacEmu\queryserv\queryserv.cpp)
C:\EQMacEmu\queryserv\../common/servertalk.h(934,7): message : This member will be ignored by a defaulted constructor or copy/move assignment operator (compiling source file C:\EQMacEmu\queryserv\queryserv.cpp)
C:\EQMacEmu\queryserv\../common/servertalk.h(943,7): warning C4200: nonstandard extension used: zero-sized array in struct/union (compiling source file C:\EQMacEmu\queryserv\queryserv.cpp)
C:\EQMacEmu\queryserv\../common/servertalk.h(943,7): message : This member will be ignored by a defaulted constructor or copy/move assignment operator (compiling source file C:\EQMacEmu\queryserv\queryserv.cpp)
C:\EQMacEmu\queryserv\../common/servertalk.h(954,7): warning C4200: nonstandard extension used: zero-sized array in struct/union (compiling source file C:\EQMacEmu\queryserv\queryserv.cpp)
C:\EQMacEmu\queryserv\../common/servertalk.h(954,7): message : This member will be ignored by a defaulted constructor or copy/move assignment operator (compiling source file C:\EQMacEmu\queryserv\queryserv.cpp)
C:\EQMacEmu\queryserv\../common/servertalk.h(990,36): warning C4200: nonstandard extension used: zero-sized array in struct/union (compiling source file C:\EQMacEmu\queryserv\queryserv.cpp)
C:\EQMacEmu\queryserv\../common/servertalk.h(990,36): message : This member will be ignored by a defaulted constructor or copy/move assignment operator (compiling source file C:\EQMacEmu\queryserv\queryserv.cpp)
C:\EQMacEmu\queryserv\../common/servertalk.h(1023,21): warning C4200: nonstandard extension used: zero-sized array in struct/union (compiling source file C:\EQMacEmu\queryserv\queryserv.cpp)
C:\EQMacEmu\queryserv\../common/servertalk.h(1023,21): message : This member will be ignored by a defaulted constructor or copy/move assignment operator (compiling source file C:\EQMacEmu\queryserv\queryserv.cpp)
C:\EQMacEmu\queryserv\../common/servertalk.h(1098,7): warning C4200: nonstandard extension used: zero-sized array in struct/union (compiling source file C:\EQMacEmu\queryserv\queryserv.cpp)
C:\EQMacEmu\queryserv\../common/servertalk.h(1098,7): message : This member will be ignored by a defaulted constructor or copy/move assignment operator (compiling source file C:\EQMacEmu\queryserv\queryserv.cpp)
C:\EQMacEmu\queryserv\../common/servertalk.h(1109,7): warning C4200: nonstandard extension used: zero-sized array in struct/union (compiling source file C:\EQMacEmu\queryserv\queryserv.cpp)
C:\EQMacEmu\queryserv\../common/servertalk.h(1109,7): message : This member will be ignored by a defaulted constructor or copy/move assignment operator (compiling source file C:\EQMacEmu\queryserv\queryserv.cpp)
C:\EQMacEmu\common\../common/emu_tcp_connection.h(23,9): warning C4200: nonstandard extension used: zero-sized array in struct/union (compiling source file C:\EQMacEmu\queryserv\worldserver.cpp)
C:\EQMacEmu\common\../common/emu_tcp_connection.h(23,9): message : This member will be ignored by a defaulted constructor or copy/move assignment operator (compiling source file C:\EQMacEmu\queryserv\worldserver.cpp)
C:\EQMacEmu\common\../common/emu_tcp_connection.h(23,9): warning C4200: nonstandard extension used: zero-sized array in struct/union (compiling source file C:\EQMacEmu\queryserv\queryserv.cpp)
C:\EQMacEmu\common\../common/emu_tcp_connection.h(23,9): message : This member will be ignored by a defaulted constructor or copy/move assignment operator (compiling source file C:\EQMacEmu\queryserv\queryserv.cpp)
  queryserv.vcxproj -> C:\EQMacEmu\Build\bin\RelWithDebInfo\queryserv.exe
