c:\eqmacemu\build\loginserver\loginserver.dir\debug\server_manager.obj
c:\eqmacemu\build\loginserver\loginserver.dir\debug\config.obj
c:\eqmacemu\build\loginserver\loginserver.dir\debug\client.obj
c:\eqmacemu\build\loginserver\loginserver.dir\debug\client_manager.obj
c:\eqmacemu\build\loginserver\loginserver.dir\debug\database.obj
c:\eqmacemu\build\loginserver\loginserver.dir\debug\main.obj
c:\eqmacemu\build\loginserver\loginserver.dir\debug\world_server.obj
c:\eqmacemu\build\loginserver\loginserver.dir\debug\eq_crypto.obj
c:\eqmacemu\build\loginserver\loginserver.dir\debug\vc142.pdb
c:\eqmacemu\build\loginserver\cmakefiles\generate.stamp
c:\eqmacemu\build\loginserver\loginserver.dir\debug\loginserver.ilk
c:\eqmacemu\build\bin\debug\loginserver.exe
c:\eqmacemu\build\bin\debug\loginserver.pdb
c:\eqmacemu\build\loginserver\loginserver.dir\debug\loginserver.tlog\cl.16940.write.1.tlog
c:\eqmacemu\build\loginserver\loginserver.dir\debug\loginserver.tlog\cl.command.1.tlog
c:\eqmacemu\build\loginserver\loginserver.dir\debug\loginserver.tlog\cl.read.1.tlog
c:\eqmacemu\build\loginserver\loginserver.dir\debug\loginserver.tlog\custombuild.command.1.tlog
c:\eqmacemu\build\loginserver\loginserver.dir\debug\loginserver.tlog\custombuild.read.1.tlog
c:\eqmacemu\build\loginserver\loginserver.dir\debug\loginserver.tlog\custombuild.write.1.tlog
c:\eqmacemu\build\loginserver\loginserver.dir\debug\loginserver.tlog\link.command.1.tlog
c:\eqmacemu\build\loginserver\loginserver.dir\debug\loginserver.tlog\link.read.1.tlog
c:\eqmacemu\build\loginserver\loginserver.dir\debug\loginserver.tlog\link.write.1.tlog
