c:\eqmacemu\build\world\world.dir\debug\cliententry.obj
c:\eqmacemu\build\world\world.dir\debug\world_server_command_handler.obj
c:\eqmacemu\build\world\world.dir\debug\launcher_link.obj
c:\eqmacemu\build\world\world.dir\debug\queryserv.obj
c:\eqmacemu\build\world\world.dir\debug\zoneserver.obj
c:\eqmacemu\build\world\world.dir\debug\client.obj
c:\eqmacemu\build\world\world.dir\debug\ucs.obj
c:\eqmacemu\build\world\world.dir\debug\eql_config.obj
c:\eqmacemu\build\world\world.dir\debug\world_config.obj
c:\eqmacemu\build\world\world.dir\debug\clientlist.obj
c:\eqmacemu\build\world\world.dir\debug\wguild_mgr.obj
c:\eqmacemu\build\world\world.dir\debug\console.obj
c:\eqmacemu\build\world\world.dir\debug\net.obj
c:\eqmacemu\build\world\world.dir\debug\launcher_list.obj
c:\eqmacemu\build\world\world.dir\debug\login_server_list.obj
c:\eqmacemu\build\world\world.dir\debug\zonelist.obj
c:\eqmacemu\build\world\world.dir\debug\login_server.obj
c:\eqmacemu\build\world\world.dir\debug\worlddb.obj
c:\eqmacemu\build\world\world.dir\debug\vc142.pdb
c:\eqmacemu\build\world\cmakefiles\generate.stamp
c:\eqmacemu\build\world\world.dir\debug\world.ilk
c:\eqmacemu\build\bin\debug\world.exe
c:\eqmacemu\build\bin\debug\world.pdb
c:\eqmacemu\build\world\world.dir\debug\world.tlog\cl.144.write.1.tlog
c:\eqmacemu\build\world\world.dir\debug\world.tlog\cl.command.1.tlog
c:\eqmacemu\build\world\world.dir\debug\world.tlog\cl.read.1.tlog
c:\eqmacemu\build\world\world.dir\debug\world.tlog\custombuild.command.1.tlog
c:\eqmacemu\build\world\world.dir\debug\world.tlog\custombuild.read.1.tlog
c:\eqmacemu\build\world\world.dir\debug\world.tlog\custombuild.write.1.tlog
c:\eqmacemu\build\world\world.dir\debug\world.tlog\link.command.1.tlog
c:\eqmacemu\build\world\world.dir\debug\world.tlog\link.read.1.tlog
c:\eqmacemu\build\world\world.dir\debug\world.tlog\link.write.1.tlog
