  Building Custom Rule C:/EQMacEmu/ucs/CMakeLists.txt
  CMake does not need to re-run because C:/EQMacEmu/Build/ucs/CMakeFiles/generate.stamp is up-to-date.
  chatchannel.cpp
  clientlist.cpp
  database.cpp
  ucs.cpp
  ucsconfig.cpp
  worldserver.cpp
C:\EQMacEmu\common\../common/eq_packet_structs.h(386,7): warning C4200: nonstandard extension used: zero-sized array in struct/union (compiling source file C:\EQMacEmu\ucs\ucs.cpp)
C:\EQMacEmu\common\../common/eq_packet_structs.h(386,7): message : This member will be ignored by a defaulted constructor or copy/move assignment operator (compiling source file C:\EQMacEmu\ucs\ucs.cpp)
C:\EQMacEmu\common\../common/eq_packet_structs.h(841,15): warning C4200: nonstandard extension used: zero-sized array in struct/union (compiling source file C:\EQMacEmu\ucs\ucs.cpp)
C:\EQMacEmu\common\../common/eq_packet_structs.h(841,15): message : This member will be ignored by a defaulted constructor or copy/move assignment operator (compiling source file C:\EQMacEmu\ucs\ucs.cpp)
C:\EQMacEmu\common\../common/eq_packet_structs.h(1058,7): warning C4200: nonstandard extension used: zero-sized array in struct/union (compiling source file C:\EQMacEmu\ucs\ucs.cpp)
C:\EQMacEmu\common\../common/eq_packet_structs.h(1058,7): message : This member will be ignored by a defaulted constructor or copy/move assignment operator (compiling source file C:\EQMacEmu\ucs\ucs.cpp)
C:\EQMacEmu\common\../common/eq_packet_structs.h(1151,15): warning C4200: nonstandard extension used: zero-sized array in struct/union (compiling source file C:\EQMacEmu\ucs\ucs.cpp)
C:\EQMacEmu\common\../common/eq_packet_structs.h(1151,15): message : This member will be ignored by a defaulted constructor or copy/move assignment operator (compiling source file C:\EQMacEmu\ucs\ucs.cpp)
C:\EQMacEmu\common\../common/eq_packet_structs.h(1477,33): warning C4200: nonstandard extension used: zero-sized array in struct/union (compiling source file C:\EQMacEmu\ucs\ucs.cpp)
C:\EQMacEmu\common\../common/eq_packet_structs.h(1477,33): message : This member will be ignored by a defaulted constructor or copy/move assignment operator (compiling source file C:\EQMacEmu\ucs\ucs.cpp)
C:\EQMacEmu\common\../common/eq_packet_structs.h(1813,21): warning C4200: nonstandard extension used: zero-sized array in struct/union (compiling source file C:\EQMacEmu\ucs\ucs.cpp)
C:\EQMacEmu\common\../common/eq_packet_structs.h(1813,21): message : This member will be ignored by a defaulted constructor or copy/move assignment operator (compiling source file C:\EQMacEmu\ucs\ucs.cpp)
C:\EQMacEmu\common\../common/eq_packet_structs.h(2157,21): warning C4200: nonstandard extension used: zero-sized array in struct/union (compiling source file C:\EQMacEmu\ucs\ucs.cpp)
C:\EQMacEmu\common\../common/eq_packet_structs.h(2157,21): message : This member will be ignored by a defaulted constructor or copy/move assignment operator (compiling source file C:\EQMacEmu\ucs\ucs.cpp)
C:\EQMacEmu\common\../common/eq_packet_structs.h(2213,7): warning C4200: nonstandard extension used: zero-sized array in struct/union (compiling source file C:\EQMacEmu\ucs\ucs.cpp)
C:\EQMacEmu\common\../common/eq_packet_structs.h(2213,7): message : This member will be ignored by a defaulted constructor or copy/move assignment operator (compiling source file C:\EQMacEmu\ucs\ucs.cpp)
C:\EQMacEmu\common\../common/eq_packet_structs.h(2237,35): warning C4200: nonstandard extension used: zero-sized array in struct/union (compiling source file C:\EQMacEmu\ucs\ucs.cpp)
C:\EQMacEmu\common\../common/eq_packet_structs.h(2237,35): message : This member will be ignored by a defaulted constructor or copy/move assignment operator (compiling source file C:\EQMacEmu\ucs\ucs.cpp)
C:\EQMacEmu\common\../common/eq_packet_structs.h(2379,19): warning C4200: nonstandard extension used: zero-sized array in struct/union (compiling source file C:\EQMacEmu\ucs\ucs.cpp)
C:\EQMacEmu\common\../common/eq_packet_structs.h(2379,19): message : This member will be ignored by a defaulted constructor or copy/move assignment operator (compiling source file C:\EQMacEmu\ucs\ucs.cpp)
C:\EQMacEmu\ucs\../common/servertalk.h(288,8): warning C4200: nonstandard extension used: zero-sized array in struct/union (compiling source file C:\EQMacEmu\ucs\ucs.cpp)
C:\EQMacEmu\ucs\../common/servertalk.h(288,8): message : This member will be ignored by a defaulted constructor or copy/move assignment operator (compiling source file C:\EQMacEmu\ucs\ucs.cpp)
C:\EQMacEmu\ucs\../common/servertalk.h(349,7): warning C4200: nonstandard extension used: zero-sized array in struct/union (compiling source file C:\EQMacEmu\ucs\ucs.cpp)
C:\EQMacEmu\ucs\../common/servertalk.h(349,7): message : This member will be ignored by a defaulted constructor or copy/move assignment operator (compiling source file C:\EQMacEmu\ucs\ucs.cpp)
C:\EQMacEmu\ucs\../common/servertalk.h(357,7): warning C4200: nonstandard extension used: zero-sized array in struct/union (compiling source file C:\EQMacEmu\ucs\ucs.cpp)
C:\EQMacEmu\ucs\../common/servertalk.h(357,7): message : This member will be ignored by a defaulted constructor or copy/move assignment operator (compiling source file C:\EQMacEmu\ucs\ucs.cpp)
C:\EQMacEmu\ucs\../common/servertalk.h(395,9): warning C4200: nonstandard extension used: zero-sized array in struct/union (compiling source file C:\EQMacEmu\ucs\ucs.cpp)
C:\EQMacEmu\ucs\../common/servertalk.h(395,9): message : This member will be ignored by a defaulted constructor or copy/move assignment operator (compiling source file C:\EQMacEmu\ucs\ucs.cpp)
C:\EQMacEmu\ucs\../common/servertalk.h(527,7): warning C4200: nonstandard extension used: zero-sized array in struct/union (compiling source file C:\EQMacEmu\ucs\ucs.cpp)
C:\EQMacEmu\ucs\../common/servertalk.h(527,7): message : This member will be ignored by a defaulted constructor or copy/move assignment operator (compiling source file C:\EQMacEmu\ucs\ucs.cpp)
C:\EQMacEmu\ucs\../common/servertalk.h(550,7): warning C4200: nonstandard extension used: zero-sized array in struct/union (compiling source file C:\EQMacEmu\ucs\ucs.cpp)
C:\EQMacEmu\ucs\../common/servertalk.h(550,7): message : This member will be ignored by a defaulted constructor or copy/move assignment operator (compiling source file C:\EQMacEmu\ucs\ucs.cpp)
C:\EQMacEmu\ucs\../common/servertalk.h(615,8): warning C4200: nonstandard extension used: zero-sized array in struct/union (compiling source file C:\EQMacEmu\ucs\ucs.cpp)
C:\EQMacEmu\ucs\../common/servertalk.h(615,8): message : This member will be ignored by a defaulted constructor or copy/move assignment operator (compiling source file C:\EQMacEmu\ucs\ucs.cpp)
C:\EQMacEmu\ucs\../common/servertalk.h(677,7): warning C4200: nonstandard extension used: zero-sized array in struct/union (compiling source file C:\EQMacEmu\ucs\ucs.cpp)
C:\EQMacEmu\ucs\../common/servertalk.h(677,7): message : This member will be ignored by a defaulted constructor or copy/move assignment operator (compiling source file C:\EQMacEmu\ucs\ucs.cpp)
C:\EQMacEmu\ucs\../common/servertalk.h(736,7): warning C4200: nonstandard extension used: zero-sized array in struct/union (compiling source file C:\EQMacEmu\ucs\ucs.cpp)
C:\EQMacEmu\ucs\../common/servertalk.h(736,7): message : This member will be ignored by a defaulted constructor or copy/move assignment operator (compiling source file C:\EQMacEmu\ucs\ucs.cpp)
C:\EQMacEmu\ucs\../common/servertalk.h(878,7): warning C4200: nonstandard extension used: zero-sized array in struct/union (compiling source file C:\EQMacEmu\ucs\ucs.cpp)
C:\EQMacEmu\ucs\../common/servertalk.h(878,7): message : This member will be ignored by a defaulted constructor or copy/move assignment operator (compiling source file C:\EQMacEmu\ucs\ucs.cpp)
C:\EQMacEmu\ucs\../common/servertalk.h(934,7): warning C4200: nonstandard extension used: zero-sized array in struct/union (compiling source file C:\EQMacEmu\ucs\ucs.cpp)
C:\EQMacEmu\ucs\../common/servertalk.h(934,7): message : This member will be ignored by a defaulted constructor or copy/move assignment operator (compiling source file C:\EQMacEmu\ucs\ucs.cpp)
C:\EQMacEmu\ucs\../common/servertalk.h(943,7): warning C4200: nonstandard extension used: zero-sized array in struct/union (compiling source file C:\EQMacEmu\ucs\ucs.cpp)
C:\EQMacEmu\ucs\../common/servertalk.h(943,7): message : This member will be ignored by a defaulted constructor or copy/move assignment operator (compiling source file C:\EQMacEmu\ucs\ucs.cpp)
C:\EQMacEmu\ucs\../common/servertalk.h(954,7): warning C4200: nonstandard extension used: zero-sized array in struct/union (compiling source file C:\EQMacEmu\ucs\ucs.cpp)
C:\EQMacEmu\ucs\../common/servertalk.h(954,7): message : This member will be ignored by a defaulted constructor or copy/move assignment operator (compiling source file C:\EQMacEmu\ucs\ucs.cpp)
C:\EQMacEmu\ucs\../common/servertalk.h(990,36): warning C4200: nonstandard extension used: zero-sized array in struct/union (compiling source file C:\EQMacEmu\ucs\ucs.cpp)
C:\EQMacEmu\ucs\../common/servertalk.h(990,36): message : This member will be ignored by a defaulted constructor or copy/move assignment operator (compiling source file C:\EQMacEmu\ucs\ucs.cpp)
C:\EQMacEmu\ucs\../common/servertalk.h(1023,21): warning C4200: nonstandard extension used: zero-sized array in struct/union (compiling source file C:\EQMacEmu\ucs\ucs.cpp)
C:\EQMacEmu\ucs\../common/servertalk.h(1023,21): message : This member will be ignored by a defaulted constructor or copy/move assignment operator (compiling source file C:\EQMacEmu\ucs\ucs.cpp)
C:\EQMacEmu\ucs\../common/servertalk.h(1098,7): warning C4200: nonstandard extension used: zero-sized array in struct/union (compiling source file C:\EQMacEmu\ucs\ucs.cpp)
C:\EQMacEmu\ucs\../common/servertalk.h(1098,7): message : This member will be ignored by a defaulted constructor or copy/move assignment operator (compiling source file C:\EQMacEmu\ucs\ucs.cpp)
C:\EQMacEmu\ucs\../common/servertalk.h(1109,7): warning C4200: nonstandard extension used: zero-sized array in struct/union (compiling source file C:\EQMacEmu\ucs\ucs.cpp)
C:\EQMacEmu\ucs\../common/servertalk.h(1109,7): message : This member will be ignored by a defaulted constructor or copy/move assignment operator (compiling source file C:\EQMacEmu\ucs\ucs.cpp)
C:\EQMacEmu\common\../common/eq_packet_structs.h(386,7): warning C4200: nonstandard extension used: zero-sized array in struct/union (compiling source file C:\EQMacEmu\ucs\worldserver.cpp)
C:\EQMacEmu\common\../common/eq_packet_structs.h(386,7): message : This member will be ignored by a defaulted constructor or copy/move assignment operator (compiling source file C:\EQMacEmu\ucs\worldserver.cpp)
C:\EQMacEmu\common\../common/emu_tcp_connection.h(23,9): warning C4200: nonstandard extension used: zero-sized array in struct/union (compiling source file C:\EQMacEmu\ucs\ucs.cpp)
C:\EQMacEmu\common\../common/emu_tcp_connection.h(23,9): message : This member will be ignored by a defaulted constructor or copy/move assignment operator (compiling source file C:\EQMacEmu\ucs\ucs.cpp)
C:\EQMacEmu\common\../common/eq_packet_structs.h(841,15): warning C4200: nonstandard extension used: zero-sized array in struct/union (compiling source file C:\EQMacEmu\ucs\worldserver.cpp)
C:\EQMacEmu\common\../common/eq_packet_structs.h(841,15): message : This member will be ignored by a defaulted constructor or copy/move assignment operator (compiling source file C:\EQMacEmu\ucs\worldserver.cpp)
C:\EQMacEmu\common\../common/eq_packet_structs.h(1058,7): warning C4200: nonstandard extension used: zero-sized array in struct/union (compiling source file C:\EQMacEmu\ucs\worldserver.cpp)
C:\EQMacEmu\common\../common/eq_packet_structs.h(1058,7): message : This member will be ignored by a defaulted constructor or copy/move assignment operator (compiling source file C:\EQMacEmu\ucs\worldserver.cpp)
C:\EQMacEmu\common\../common/eq_packet_structs.h(1151,15): warning C4200: nonstandard extension used: zero-sized array in struct/union (compiling source file C:\EQMacEmu\ucs\worldserver.cpp)
C:\EQMacEmu\common\../common/eq_packet_structs.h(1151,15): message : This member will be ignored by a defaulted constructor or copy/move assignment operator (compiling source file C:\EQMacEmu\ucs\worldserver.cpp)
C:\EQMacEmu\common\../common/eq_packet_structs.h(1477,33): warning C4200: nonstandard extension used: zero-sized array in struct/union (compiling source file C:\EQMacEmu\ucs\worldserver.cpp)
C:\EQMacEmu\common\../common/eq_packet_structs.h(1477,33): message : This member will be ignored by a defaulted constructor or copy/move assignment operator (compiling source file C:\EQMacEmu\ucs\worldserver.cpp)
C:\EQMacEmu\common\../common/eq_packet_structs.h(1813,21): warning C4200: nonstandard extension used: zero-sized array in struct/union (compiling source file C:\EQMacEmu\ucs\worldserver.cpp)
C:\EQMacEmu\common\../common/eq_packet_structs.h(1813,21): message : This member will be ignored by a defaulted constructor or copy/move assignment operator (compiling source file C:\EQMacEmu\ucs\worldserver.cpp)
C:\EQMacEmu\common\../common/eq_packet_structs.h(2157,21): warning C4200: nonstandard extension used: zero-sized array in struct/union (compiling source file C:\EQMacEmu\ucs\worldserver.cpp)
C:\EQMacEmu\common\../common/eq_packet_structs.h(2157,21): message : This member will be ignored by a defaulted constructor or copy/move assignment operator (compiling source file C:\EQMacEmu\ucs\worldserver.cpp)
C:\EQMacEmu\common\../common/eq_packet_structs.h(2213,7): warning C4200: nonstandard extension used: zero-sized array in struct/union (compiling source file C:\EQMacEmu\ucs\worldserver.cpp)
C:\EQMacEmu\common\../common/eq_packet_structs.h(2213,7): message : This member will be ignored by a defaulted constructor or copy/move assignment operator (compiling source file C:\EQMacEmu\ucs\worldserver.cpp)
C:\EQMacEmu\common\../common/eq_packet_structs.h(2237,35): warning C4200: nonstandard extension used: zero-sized array in struct/union (compiling source file C:\EQMacEmu\ucs\worldserver.cpp)
C:\EQMacEmu\common\../common/eq_packet_structs.h(2237,35): message : This member will be ignored by a defaulted constructor or copy/move assignment operator (compiling source file C:\EQMacEmu\ucs\worldserver.cpp)
C:\EQMacEmu\common\../common/eq_packet_structs.h(2379,19): warning C4200: nonstandard extension used: zero-sized array in struct/union (compiling source file C:\EQMacEmu\ucs\worldserver.cpp)
C:\EQMacEmu\common\../common/eq_packet_structs.h(2379,19): message : This member will be ignored by a defaulted constructor or copy/move assignment operator (compiling source file C:\EQMacEmu\ucs\worldserver.cpp)
C:\EQMacEmu\ucs\../common/servertalk.h(288,8): warning C4200: nonstandard extension used: zero-sized array in struct/union (compiling source file C:\EQMacEmu\ucs\worldserver.cpp)
C:\EQMacEmu\ucs\../common/servertalk.h(288,8): message : This member will be ignored by a defaulted constructor or copy/move assignment operator (compiling source file C:\EQMacEmu\ucs\worldserver.cpp)
C:\EQMacEmu\ucs\../common/servertalk.h(349,7): warning C4200: nonstandard extension used: zero-sized array in struct/union (compiling source file C:\EQMacEmu\ucs\worldserver.cpp)
C:\EQMacEmu\ucs\../common/servertalk.h(349,7): message : This member will be ignored by a defaulted constructor or copy/move assignment operator (compiling source file C:\EQMacEmu\ucs\worldserver.cpp)
C:\EQMacEmu\ucs\../common/servertalk.h(357,7): warning C4200: nonstandard extension used: zero-sized array in struct/union (compiling source file C:\EQMacEmu\ucs\worldserver.cpp)
C:\EQMacEmu\ucs\../common/servertalk.h(357,7): message : This member will be ignored by a defaulted constructor or copy/move assignment operator (compiling source file C:\EQMacEmu\ucs\worldserver.cpp)
C:\EQMacEmu\ucs\../common/servertalk.h(395,9): warning C4200: nonstandard extension used: zero-sized array in struct/union (compiling source file C:\EQMacEmu\ucs\worldserver.cpp)
C:\EQMacEmu\ucs\../common/servertalk.h(395,9): message : This member will be ignored by a defaulted constructor or copy/move assignment operator (compiling source file C:\EQMacEmu\ucs\worldserver.cpp)
C:\EQMacEmu\ucs\../common/servertalk.h(527,7): warning C4200: nonstandard extension used: zero-sized array in struct/union (compiling source file C:\EQMacEmu\ucs\worldserver.cpp)
C:\EQMacEmu\ucs\../common/servertalk.h(527,7): message : This member will be ignored by a defaulted constructor or copy/move assignment operator (compiling source file C:\EQMacEmu\ucs\worldserver.cpp)
C:\EQMacEmu\ucs\../common/servertalk.h(550,7): warning C4200: nonstandard extension used: zero-sized array in struct/union (compiling source file C:\EQMacEmu\ucs\worldserver.cpp)
C:\EQMacEmu\ucs\../common/servertalk.h(550,7): message : This member will be ignored by a defaulted constructor or copy/move assignment operator (compiling source file C:\EQMacEmu\ucs\worldserver.cpp)
C:\EQMacEmu\ucs\../common/servertalk.h(615,8): warning C4200: nonstandard extension used: zero-sized array in struct/union (compiling source file C:\EQMacEmu\ucs\worldserver.cpp)
C:\EQMacEmu\ucs\../common/servertalk.h(615,8): message : This member will be ignored by a defaulted constructor or copy/move assignment operator (compiling source file C:\EQMacEmu\ucs\worldserver.cpp)
C:\EQMacEmu\ucs\../common/servertalk.h(677,7): warning C4200: nonstandard extension used: zero-sized array in struct/union (compiling source file C:\EQMacEmu\ucs\worldserver.cpp)
C:\EQMacEmu\ucs\../common/servertalk.h(677,7): message : This member will be ignored by a defaulted constructor or copy/move assignment operator (compiling source file C:\EQMacEmu\ucs\worldserver.cpp)
C:\EQMacEmu\ucs\../common/servertalk.h(736,7): warning C4200: nonstandard extension used: zero-sized array in struct/union (compiling source file C:\EQMacEmu\ucs\worldserver.cpp)
C:\EQMacEmu\ucs\../common/servertalk.h(736,7): message : This member will be ignored by a defaulted constructor or copy/move assignment operator (compiling source file C:\EQMacEmu\ucs\worldserver.cpp)
C:\EQMacEmu\ucs\../common/servertalk.h(878,7): warning C4200: nonstandard extension used: zero-sized array in struct/union (compiling source file C:\EQMacEmu\ucs\worldserver.cpp)
C:\EQMacEmu\ucs\../common/servertalk.h(878,7): message : This member will be ignored by a defaulted constructor or copy/move assignment operator (compiling source file C:\EQMacEmu\ucs\worldserver.cpp)
C:\EQMacEmu\ucs\../common/servertalk.h(934,7): warning C4200: nonstandard extension used: zero-sized array in struct/union (compiling source file C:\EQMacEmu\ucs\worldserver.cpp)
C:\EQMacEmu\ucs\../common/servertalk.h(934,7): message : This member will be ignored by a defaulted constructor or copy/move assignment operator (compiling source file C:\EQMacEmu\ucs\worldserver.cpp)
C:\EQMacEmu\ucs\../common/servertalk.h(943,7): warning C4200: nonstandard extension used: zero-sized array in struct/union (compiling source file C:\EQMacEmu\ucs\worldserver.cpp)
C:\EQMacEmu\ucs\../common/servertalk.h(943,7): message : This member will be ignored by a defaulted constructor or copy/move assignment operator (compiling source file C:\EQMacEmu\ucs\worldserver.cpp)
C:\EQMacEmu\ucs\../common/servertalk.h(954,7): warning C4200: nonstandard extension used: zero-sized array in struct/union (compiling source file C:\EQMacEmu\ucs\worldserver.cpp)
C:\EQMacEmu\ucs\../common/servertalk.h(954,7): message : This member will be ignored by a defaulted constructor or copy/move assignment operator (compiling source file C:\EQMacEmu\ucs\worldserver.cpp)
C:\EQMacEmu\ucs\../common/servertalk.h(990,36): warning C4200: nonstandard extension used: zero-sized array in struct/union (compiling source file C:\EQMacEmu\ucs\worldserver.cpp)
C:\EQMacEmu\ucs\../common/servertalk.h(990,36): message : This member will be ignored by a defaulted constructor or copy/move assignment operator (compiling source file C:\EQMacEmu\ucs\worldserver.cpp)
C:\EQMacEmu\ucs\../common/servertalk.h(1023,21): warning C4200: nonstandard extension used: zero-sized array in struct/union (compiling source file C:\EQMacEmu\ucs\worldserver.cpp)
C:\EQMacEmu\ucs\../common/servertalk.h(1023,21): message : This member will be ignored by a defaulted constructor or copy/move assignment operator (compiling source file C:\EQMacEmu\ucs\worldserver.cpp)
C:\EQMacEmu\ucs\../common/servertalk.h(1098,7): warning C4200: nonstandard extension used: zero-sized array in struct/union (compiling source file C:\EQMacEmu\ucs\worldserver.cpp)
C:\EQMacEmu\ucs\../common/servertalk.h(1098,7): message : This member will be ignored by a defaulted constructor or copy/move assignment operator (compiling source file C:\EQMacEmu\ucs\worldserver.cpp)
C:\EQMacEmu\ucs\../common/servertalk.h(1109,7): warning C4200: nonstandard extension used: zero-sized array in struct/union (compiling source file C:\EQMacEmu\ucs\worldserver.cpp)
C:\EQMacEmu\ucs\../common/servertalk.h(1109,7): message : This member will be ignored by a defaulted constructor or copy/move assignment operator (compiling source file C:\EQMacEmu\ucs\worldserver.cpp)
C:\EQMacEmu\common\../common/emu_tcp_connection.h(23,9): warning C4200: nonstandard extension used: zero-sized array in struct/union (compiling source file C:\EQMacEmu\ucs\worldserver.cpp)
C:\EQMacEmu\common\../common/emu_tcp_connection.h(23,9): message : This member will be ignored by a defaulted constructor or copy/move assignment operator (compiling source file C:\EQMacEmu\ucs\worldserver.cpp)
C:\EQMacEmu\ucs\../common/emu_tcp_connection.h(23,9): warning C4200: nonstandard extension used: zero-sized array in struct/union (compiling source file C:\EQMacEmu\ucs\clientlist.cpp)
C:\EQMacEmu\ucs\../common/emu_tcp_connection.h(23,9): message : This member will be ignored by a defaulted constructor or copy/move assignment operator (compiling source file C:\EQMacEmu\ucs\clientlist.cpp)
C:\EQMacEmu\common\../common/eq_packet_structs.h(386,7): warning C4200: nonstandard extension used: zero-sized array in struct/union (compiling source file C:\EQMacEmu\ucs\clientlist.cpp)
C:\EQMacEmu\common\../common/eq_packet_structs.h(386,7): message : This member will be ignored by a defaulted constructor or copy/move assignment operator (compiling source file C:\EQMacEmu\ucs\clientlist.cpp)
C:\EQMacEmu\common\../common/eq_packet_structs.h(841,15): warning C4200: nonstandard extension used: zero-sized array in struct/union (compiling source file C:\EQMacEmu\ucs\clientlist.cpp)
C:\EQMacEmu\common\../common/eq_packet_structs.h(841,15): message : This member will be ignored by a defaulted constructor or copy/move assignment operator (compiling source file C:\EQMacEmu\ucs\clientlist.cpp)
C:\EQMacEmu\common\../common/eq_packet_structs.h(1058,7): warning C4200: nonstandard extension used: zero-sized array in struct/union (compiling source file C:\EQMacEmu\ucs\clientlist.cpp)
C:\EQMacEmu\common\../common/eq_packet_structs.h(1058,7): message : This member will be ignored by a defaulted constructor or copy/move assignment operator (compiling source file C:\EQMacEmu\ucs\clientlist.cpp)
C:\EQMacEmu\common\../common/eq_packet_structs.h(1151,15): warning C4200: nonstandard extension used: zero-sized array in struct/union (compiling source file C:\EQMacEmu\ucs\clientlist.cpp)
C:\EQMacEmu\common\../common/eq_packet_structs.h(1151,15): message : This member will be ignored by a defaulted constructor or copy/move assignment operator (compiling source file C:\EQMacEmu\ucs\clientlist.cpp)
C:\EQMacEmu\common\../common/eq_packet_structs.h(1477,33): warning C4200: nonstandard extension used: zero-sized array in struct/union (compiling source file C:\EQMacEmu\ucs\clientlist.cpp)
C:\EQMacEmu\common\../common/eq_packet_structs.h(1477,33): message : This member will be ignored by a defaulted constructor or copy/move assignment operator (compiling source file C:\EQMacEmu\ucs\clientlist.cpp)
C:\EQMacEmu\common\../common/eq_packet_structs.h(1813,21): warning C4200: nonstandard extension used: zero-sized array in struct/union (compiling source file C:\EQMacEmu\ucs\clientlist.cpp)
C:\EQMacEmu\common\../common/eq_packet_structs.h(1813,21): message : This member will be ignored by a defaulted constructor or copy/move assignment operator (compiling source file C:\EQMacEmu\ucs\clientlist.cpp)
C:\EQMacEmu\common\../common/eq_packet_structs.h(2157,21): warning C4200: nonstandard extension used: zero-sized array in struct/union (compiling source file C:\EQMacEmu\ucs\clientlist.cpp)
C:\EQMacEmu\common\../common/eq_packet_structs.h(2157,21): message : This member will be ignored by a defaulted constructor or copy/move assignment operator (compiling source file C:\EQMacEmu\ucs\clientlist.cpp)
C:\EQMacEmu\common\../common/eq_packet_structs.h(2213,7): warning C4200: nonstandard extension used: zero-sized array in struct/union (compiling source file C:\EQMacEmu\ucs\clientlist.cpp)
C:\EQMacEmu\common\../common/eq_packet_structs.h(2213,7): message : This member will be ignored by a defaulted constructor or copy/move assignment operator (compiling source file C:\EQMacEmu\ucs\clientlist.cpp)
C:\EQMacEmu\common\../common/eq_packet_structs.h(2237,35): warning C4200: nonstandard extension used: zero-sized array in struct/union (compiling source file C:\EQMacEmu\ucs\clientlist.cpp)
C:\EQMacEmu\common\../common/eq_packet_structs.h(2237,35): message : This member will be ignored by a defaulted constructor or copy/move assignment operator (compiling source file C:\EQMacEmu\ucs\clientlist.cpp)
C:\EQMacEmu\common\../common/eq_packet_structs.h(2379,19): warning C4200: nonstandard extension used: zero-sized array in struct/union (compiling source file C:\EQMacEmu\ucs\clientlist.cpp)
C:\EQMacEmu\common\../common/eq_packet_structs.h(2379,19): message : This member will be ignored by a defaulted constructor or copy/move assignment operator (compiling source file C:\EQMacEmu\ucs\clientlist.cpp)
C:\EQMacEmu\ucs\../common/servertalk.h(288,8): warning C4200: nonstandard extension used: zero-sized array in struct/union (compiling source file C:\EQMacEmu\ucs\clientlist.cpp)
C:\EQMacEmu\ucs\../common/servertalk.h(288,8): message : This member will be ignored by a defaulted constructor or copy/move assignment operator (compiling source file C:\EQMacEmu\ucs\clientlist.cpp)
C:\EQMacEmu\ucs\../common/servertalk.h(349,7): warning C4200: nonstandard extension used: zero-sized array in struct/union (compiling source file C:\EQMacEmu\ucs\clientlist.cpp)
C:\EQMacEmu\ucs\../common/servertalk.h(349,7): message : This member will be ignored by a defaulted constructor or copy/move assignment operator (compiling source file C:\EQMacEmu\ucs\clientlist.cpp)
C:\EQMacEmu\ucs\../common/servertalk.h(357,7): warning C4200: nonstandard extension used: zero-sized array in struct/union (compiling source file C:\EQMacEmu\ucs\clientlist.cpp)
C:\EQMacEmu\ucs\../common/servertalk.h(357,7): message : This member will be ignored by a defaulted constructor or copy/move assignment operator (compiling source file C:\EQMacEmu\ucs\clientlist.cpp)
C:\EQMacEmu\ucs\../common/servertalk.h(395,9): warning C4200: nonstandard extension used: zero-sized array in struct/union (compiling source file C:\EQMacEmu\ucs\clientlist.cpp)
C:\EQMacEmu\ucs\../common/servertalk.h(395,9): message : This member will be ignored by a defaulted constructor or copy/move assignment operator (compiling source file C:\EQMacEmu\ucs\clientlist.cpp)
C:\EQMacEmu\ucs\../common/servertalk.h(527,7): warning C4200: nonstandard extension used: zero-sized array in struct/union (compiling source file C:\EQMacEmu\ucs\clientlist.cpp)
C:\EQMacEmu\ucs\../common/servertalk.h(527,7): message : This member will be ignored by a defaulted constructor or copy/move assignment operator (compiling source file C:\EQMacEmu\ucs\clientlist.cpp)
C:\EQMacEmu\ucs\../common/servertalk.h(550,7): warning C4200: nonstandard extension used: zero-sized array in struct/union (compiling source file C:\EQMacEmu\ucs\clientlist.cpp)
C:\EQMacEmu\ucs\../common/servertalk.h(550,7): message : This member will be ignored by a defaulted constructor or copy/move assignment operator (compiling source file C:\EQMacEmu\ucs\clientlist.cpp)
C:\EQMacEmu\ucs\../common/servertalk.h(615,8): warning C4200: nonstandard extension used: zero-sized array in struct/union (compiling source file C:\EQMacEmu\ucs\clientlist.cpp)
C:\EQMacEmu\ucs\../common/servertalk.h(615,8): message : This member will be ignored by a defaulted constructor or copy/move assignment operator (compiling source file C:\EQMacEmu\ucs\clientlist.cpp)
C:\EQMacEmu\ucs\../common/servertalk.h(677,7): warning C4200: nonstandard extension used: zero-sized array in struct/union (compiling source file C:\EQMacEmu\ucs\clientlist.cpp)
C:\EQMacEmu\ucs\../common/servertalk.h(677,7): message : This member will be ignored by a defaulted constructor or copy/move assignment operator (compiling source file C:\EQMacEmu\ucs\clientlist.cpp)
C:\EQMacEmu\ucs\../common/servertalk.h(736,7): warning C4200: nonstandard extension used: zero-sized array in struct/union (compiling source file C:\EQMacEmu\ucs\clientlist.cpp)
C:\EQMacEmu\ucs\../common/servertalk.h(736,7): message : This member will be ignored by a defaulted constructor or copy/move assignment operator (compiling source file C:\EQMacEmu\ucs\clientlist.cpp)
C:\EQMacEmu\ucs\../common/servertalk.h(878,7): warning C4200: nonstandard extension used: zero-sized array in struct/union (compiling source file C:\EQMacEmu\ucs\clientlist.cpp)
C:\EQMacEmu\ucs\../common/servertalk.h(878,7): message : This member will be ignored by a defaulted constructor or copy/move assignment operator (compiling source file C:\EQMacEmu\ucs\clientlist.cpp)
C:\EQMacEmu\ucs\../common/servertalk.h(934,7): warning C4200: nonstandard extension used: zero-sized array in struct/union (compiling source file C:\EQMacEmu\ucs\clientlist.cpp)
C:\EQMacEmu\ucs\../common/servertalk.h(934,7): message : This member will be ignored by a defaulted constructor or copy/move assignment operator (compiling source file C:\EQMacEmu\ucs\clientlist.cpp)
C:\EQMacEmu\ucs\../common/servertalk.h(943,7): warning C4200: nonstandard extension used: zero-sized array in struct/union (compiling source file C:\EQMacEmu\ucs\clientlist.cpp)
C:\EQMacEmu\ucs\../common/servertalk.h(943,7): message : This member will be ignored by a defaulted constructor or copy/move assignment operator (compiling source file C:\EQMacEmu\ucs\clientlist.cpp)
C:\EQMacEmu\ucs\../common/servertalk.h(954,7): warning C4200: nonstandard extension used: zero-sized array in struct/union (compiling source file C:\EQMacEmu\ucs\clientlist.cpp)
C:\EQMacEmu\ucs\../common/servertalk.h(954,7): message : This member will be ignored by a defaulted constructor or copy/move assignment operator (compiling source file C:\EQMacEmu\ucs\clientlist.cpp)
C:\EQMacEmu\ucs\../common/servertalk.h(990,36): warning C4200: nonstandard extension used: zero-sized array in struct/union (compiling source file C:\EQMacEmu\ucs\clientlist.cpp)
C:\EQMacEmu\ucs\../common/servertalk.h(990,36): message : This member will be ignored by a defaulted constructor or copy/move assignment operator (compiling source file C:\EQMacEmu\ucs\clientlist.cpp)
C:\EQMacEmu\ucs\../common/servertalk.h(1023,21): warning C4200: nonstandard extension used: zero-sized array in struct/union (compiling source file C:\EQMacEmu\ucs\clientlist.cpp)
C:\EQMacEmu\ucs\../common/servertalk.h(1023,21): message : This member will be ignored by a defaulted constructor or copy/move assignment operator (compiling source file C:\EQMacEmu\ucs\clientlist.cpp)
C:\EQMacEmu\ucs\../common/servertalk.h(1098,7): warning C4200: nonstandard extension used: zero-sized array in struct/union (compiling source file C:\EQMacEmu\ucs\clientlist.cpp)
C:\EQMacEmu\ucs\../common/servertalk.h(1098,7): message : This member will be ignored by a defaulted constructor or copy/move assignment operator (compiling source file C:\EQMacEmu\ucs\clientlist.cpp)
C:\EQMacEmu\ucs\../common/servertalk.h(1109,7): warning C4200: nonstandard extension used: zero-sized array in struct/union (compiling source file C:\EQMacEmu\ucs\clientlist.cpp)
C:\EQMacEmu\ucs\../common/servertalk.h(1109,7): message : This member will be ignored by a defaulted constructor or copy/move assignment operator (compiling source file C:\EQMacEmu\ucs\clientlist.cpp)
C:\EQMacEmu\ucs\clientlist.cpp(131,69): warning C4267: 'argument': conversion from 'size_t' to 'const uint32', possible loss of data
C:\EQMacEmu\ucs\clientlist.cpp(181,72): warning C4267: 'argument': conversion from 'size_t' to 'const uint32', possible loss of data
C:\EQMacEmu\ucs\clientlist.cpp(617,31): warning C4267: 'initializing': conversion from 'size_t' to 'int', possible loss of data
C:\EQMacEmu\ucs\clientlist.cpp(631,32): warning C4267: '+=': conversion from 'size_t' to 'int', possible loss of data
C:\EQMacEmu\ucs\clientlist.cpp(785,81): warning C4267: 'argument': conversion from 'size_t' to 'const uint32', possible loss of data
C:\EQMacEmu\ucs\clientlist.cpp(799,82): warning C4267: 'argument': conversion from 'size_t' to 'const uint32', possible loss of data
C:\EQMacEmu\ucs\clientlist.cpp(870,81): warning C4267: 'argument': conversion from 'size_t' to 'const uint32', possible loss of data
C:\EQMacEmu\ucs\clientlist.cpp(884,82): warning C4267: 'argument': conversion from 'size_t' to 'const uint32', possible loss of data
C:\EQMacEmu\ucs\clientlist.cpp(967,87): warning C4267: 'argument': conversion from 'size_t' to 'const uint32', possible loss of data
C:\EQMacEmu\ucs\clientlist.cpp(1003,17): warning C4018: '<': signed/unsigned mismatch
C:\EQMacEmu\ucs\clientlist.cpp(1116,17): warning C4018: '<': signed/unsigned mismatch
C:\EQMacEmu\ucs\clientlist.cpp(1203,88): warning C4267: 'initializing': conversion from 'size_t' to 'int', possible loss of data
C:\EQMacEmu\ucs\clientlist.cpp(1242,76): warning C4267: 'initializing': conversion from 'size_t' to 'int', possible loss of data
C:\EQMacEmu\ucs\clientlist.cpp(1261,76): warning C4267: 'initializing': conversion from 'size_t' to 'int', possible loss of data
C:\EQMacEmu\ucs\clientlist.cpp(1288,80): warning C4267: 'argument': conversion from 'size_t' to 'const uint32', possible loss of data
C:\EQMacEmu\ucs\clientlist.cpp(1928,71): warning C4267: 'argument': conversion from 'size_t' to 'const uint32', possible loss of data
C:\EQMacEmu\ucs\clientlist.cpp(1950,68): warning C4267: 'argument': conversion from 'size_t' to 'const uint32', possible loss of data
C:\EQMacEmu\ucs\../common/eq_packet_structs.h(386,7): warning C4200: nonstandard extension used: zero-sized array in struct/union (compiling source file C:\EQMacEmu\ucs\database.cpp)
C:\EQMacEmu\ucs\../common/eq_packet_structs.h(386,7): message : This member will be ignored by a defaulted constructor or copy/move assignment operator (compiling source file C:\EQMacEmu\ucs\database.cpp)
C:\EQMacEmu\ucs\../common/eq_packet_structs.h(841,15): warning C4200: nonstandard extension used: zero-sized array in struct/union (compiling source file C:\EQMacEmu\ucs\database.cpp)
C:\EQMacEmu\ucs\../common/eq_packet_structs.h(841,15): message : This member will be ignored by a defaulted constructor or copy/move assignment operator (compiling source file C:\EQMacEmu\ucs\database.cpp)
C:\EQMacEmu\ucs\../common/eq_packet_structs.h(1058,7): warning C4200: nonstandard extension used: zero-sized array in struct/union (compiling source file C:\EQMacEmu\ucs\database.cpp)
C:\EQMacEmu\ucs\../common/eq_packet_structs.h(1058,7): message : This member will be ignored by a defaulted constructor or copy/move assignment operator (compiling source file C:\EQMacEmu\ucs\database.cpp)
C:\EQMacEmu\ucs\../common/eq_packet_structs.h(1151,15): warning C4200: nonstandard extension used: zero-sized array in struct/union (compiling source file C:\EQMacEmu\ucs\database.cpp)
C:\EQMacEmu\ucs\../common/eq_packet_structs.h(1151,15): message : This member will be ignored by a defaulted constructor or copy/move assignment operator (compiling source file C:\EQMacEmu\ucs\database.cpp)
C:\EQMacEmu\ucs\../common/eq_packet_structs.h(1477,33): warning C4200: nonstandard extension used: zero-sized array in struct/union (compiling source file C:\EQMacEmu\ucs\database.cpp)
C:\EQMacEmu\ucs\../common/eq_packet_structs.h(1477,33): message : This member will be ignored by a defaulted constructor or copy/move assignment operator (compiling source file C:\EQMacEmu\ucs\database.cpp)
C:\EQMacEmu\ucs\../common/eq_packet_structs.h(1813,21): warning C4200: nonstandard extension used: zero-sized array in struct/union (compiling source file C:\EQMacEmu\ucs\database.cpp)
C:\EQMacEmu\ucs\../common/eq_packet_structs.h(1813,21): message : This member will be ignored by a defaulted constructor or copy/move assignment operator (compiling source file C:\EQMacEmu\ucs\database.cpp)
C:\EQMacEmu\ucs\../common/eq_packet_structs.h(2157,21): warning C4200: nonstandard extension used: zero-sized array in struct/union (compiling source file C:\EQMacEmu\ucs\database.cpp)
C:\EQMacEmu\ucs\../common/eq_packet_structs.h(2157,21): message : This member will be ignored by a defaulted constructor or copy/move assignment operator (compiling source file C:\EQMacEmu\ucs\database.cpp)
C:\EQMacEmu\ucs\../common/eq_packet_structs.h(2213,7): warning C4200: nonstandard extension used: zero-sized array in struct/union (compiling source file C:\EQMacEmu\ucs\database.cpp)
C:\EQMacEmu\ucs\../common/eq_packet_structs.h(2213,7): message : This member will be ignored by a defaulted constructor or copy/move assignment operator (compiling source file C:\EQMacEmu\ucs\database.cpp)
C:\EQMacEmu\ucs\../common/eq_packet_structs.h(2237,35): warning C4200: nonstandard extension used: zero-sized array in struct/union (compiling source file C:\EQMacEmu\ucs\database.cpp)
C:\EQMacEmu\ucs\../common/eq_packet_structs.h(2237,35): message : This member will be ignored by a defaulted constructor or copy/move assignment operator (compiling source file C:\EQMacEmu\ucs\database.cpp)
C:\EQMacEmu\ucs\../common/eq_packet_structs.h(2379,19): warning C4200: nonstandard extension used: zero-sized array in struct/union (compiling source file C:\EQMacEmu\ucs\database.cpp)
C:\EQMacEmu\ucs\../common/eq_packet_structs.h(2379,19): message : This member will be ignored by a defaulted constructor or copy/move assignment operator (compiling source file C:\EQMacEmu\ucs\database.cpp)
  ucs.vcxproj -> C:\EQMacEmu\Build\bin\RelWithDebInfo\ucs.exe
