  Building Custom Rule C:/EQMacEmu/submodules/libuv/CMakeLists.txt
  CMake does not need to re-run because C:/EQMacEmu/Build/submodules/libuv/CMakeFiles/generate.stamp is up-to-date.
  fs-poll.c
C:\EQMacEmu\submodules\libuv\src\fs-poll.c(188,31): warning C4244: 'function': conversion from 'ssize_t' to 'int', possible loss of data
C:\EQMacEmu\submodules\libuv\src\fs-poll.c(191,38): warning C4244: '=': conversion from 'ssize_t' to 'int', possible loss of data
C:\EQMacEmu\submodules\libuv\src\win\winapi.h(4155,6): warning C4201: nonstandard extension used: nameless struct/union
C:\EQMacEmu\submodules\libuv\src\win\winapi.h(4163,4): warning C4201: nonstandard extension used: nameless struct/union
C:\EQMacEmu\submodules\libuv\src\fs-poll.c(250,37): warning C4100: 'loop': unreferenced formal parameter
  idna.c
C:\EQMacEmu\submodules\libuv\src\idna.c(33,14): warning C4245: 'return': conversion from 'int' to 'unsigned int', signed/unsigned mismatch
C:\EQMacEmu\submodules\libuv\src\idna.c(65,14): warning C4245: 'return': conversion from 'int' to 'unsigned int', signed/unsigned mismatch
C:\EQMacEmu\submodules\libuv\src\idna.c(69,14): warning C4245: 'return': conversion from 'int' to 'unsigned int', signed/unsigned mismatch
C:\EQMacEmu\submodules\libuv\src\idna.c(77,14): warning C4245: 'return': conversion from 'int' to 'unsigned int', signed/unsigned mismatch
C:\EQMacEmu\submodules\libuv\src\idna.c(80,14): warning C4245: 'return': conversion from 'int' to 'unsigned int', signed/unsigned mismatch
C:\EQMacEmu\submodules\libuv\src\idna.c(83,14): warning C4245: 'return': conversion from 'int' to 'unsigned int', signed/unsigned mismatch
C:\EQMacEmu\submodules\libuv\src\idna.c(147,18): warning C4244: '=': conversion from 'unsigned int' to 'char', possible loss of data
C:\EQMacEmu\submodules\libuv\src\idna.c(167,11): warning C4245: '=': conversion from 'int' to 'unsigned int', signed/unsigned mismatch
C:\EQMacEmu\submodules\libuv\src\idna.c(290,16): warning C4244: 'return': conversion from '__int64' to 'long', possible loss of data
  inet.c
C:\EQMacEmu\submodules\libuv\src\inet.c(164,20): warning C4244: '=': conversion from '__int64' to 'int', possible loss of data
C:\EQMacEmu\submodules\libuv\src\inet.c(197,15): warning C4244: '=': conversion from 'unsigned int' to 'unsigned char', possible loss of data
C:\EQMacEmu\submodules\libuv\src\inet.c(191,1): warning C4244: 'initializing': conversion from '__int64' to 'unsigned int', possible loss of data
C:\EQMacEmu\submodules\libuv\src\inet.c(287,1): warning C4244: 'initializing': conversion from '__int64' to 'const int', possible loss of data
  strscpy.c
  threadpool.c
