c:\eqmacemu\build\libs\luabind\luabind.dir\debug\function.obj
c:\eqmacemu\build\libs\luabind\luabind.dir\debug\weak_ref.obj
c:\eqmacemu\build\libs\luabind\luabind.dir\debug\error.obj
c:\eqmacemu\build\libs\luabind\luabind.dir\debug\inheritance.obj
c:\eqmacemu\build\libs\luabind\luabind.dir\debug\pcall.obj
c:\eqmacemu\build\libs\luabind\luabind.dir\debug\scope.obj
c:\eqmacemu\build\libs\luabind\luabind.dir\debug\stack_content_by_name.obj
c:\eqmacemu\build\libs\luabind\luabind.dir\debug\class_registry.obj
c:\eqmacemu\build\libs\luabind\luabind.dir\debug\class_info.obj
c:\eqmacemu\build\libs\luabind\luabind.dir\debug\wrapper_base.obj
c:\eqmacemu\build\libs\luabind\luabind.dir\debug\create_class.obj
c:\eqmacemu\build\libs\luabind\luabind.dir\debug\class.obj
c:\eqmacemu\build\libs\luabind\luabind.dir\debug\class_rep.obj
c:\eqmacemu\build\libs\luabind\luabind.dir\debug\exception_handler.obj
c:\eqmacemu\build\libs\luabind\luabind.dir\debug\link_compatibility.obj
c:\eqmacemu\build\libs\luabind\luabind.dir\debug\object_rep.obj
c:\eqmacemu\build\libs\luabind\luabind.dir\debug\open.obj
c:\eqmacemu\build\bin\debug\luabind.pdb
c:\eqmacemu\build\libs\luabind\cmakefiles\generate.stamp
c:\eqmacemu\build\bin\debug\luabind.lib
c:\eqmacemu\build\libs\luabind\luabind.dir\debug\luabind.tlog\cl.18208.write.1.tlog
c:\eqmacemu\build\libs\luabind\luabind.dir\debug\luabind.tlog\cl.command.1.tlog
c:\eqmacemu\build\libs\luabind\luabind.dir\debug\luabind.tlog\cl.read.1.tlog
c:\eqmacemu\build\libs\luabind\luabind.dir\debug\luabind.tlog\custombuild.command.1.tlog
c:\eqmacemu\build\libs\luabind\luabind.dir\debug\luabind.tlog\custombuild.read.1.tlog
c:\eqmacemu\build\libs\luabind\luabind.dir\debug\luabind.tlog\custombuild.write.1.tlog
c:\eqmacemu\build\libs\luabind\luabind.dir\debug\luabind.tlog\lib-link.read.1.tlog
c:\eqmacemu\build\libs\luabind\luabind.dir\debug\luabind.tlog\lib-link.write.1.tlog
c:\eqmacemu\build\libs\luabind\luabind.dir\debug\luabind.tlog\lib.command.1.tlog
