c:\eqmacemu\build\ucs\ucs.dir\debug\clientlist.obj
c:\eqmacemu\build\ucs\ucs.dir\debug\ucsconfig.obj
c:\eqmacemu\build\ucs\ucs.dir\debug\database.obj
c:\eqmacemu\build\ucs\ucs.dir\debug\chatchannel.obj
c:\eqmacemu\build\ucs\ucs.dir\debug\worldserver.obj
c:\eqmacemu\build\ucs\ucs.dir\debug\ucs.obj
c:\eqmacemu\build\ucs\ucs.dir\debug\vc142.pdb
c:\eqmacemu\build\ucs\cmakefiles\generate.stamp
c:\eqmacemu\build\ucs\ucs.dir\debug\ucs.ilk
c:\eqmacemu\build\bin\debug\ucs.exe
c:\eqmacemu\build\bin\debug\ucs.pdb
c:\eqmacemu\build\ucs\ucs.dir\debug\ucs.tlog\cl.13060.write.1.tlog
c:\eqmacemu\build\ucs\ucs.dir\debug\ucs.tlog\cl.command.1.tlog
c:\eqmacemu\build\ucs\ucs.dir\debug\ucs.tlog\cl.read.1.tlog
c:\eqmacemu\build\ucs\ucs.dir\debug\ucs.tlog\custombuild.command.1.tlog
c:\eqmacemu\build\ucs\ucs.dir\debug\ucs.tlog\custombuild.read.1.tlog
c:\eqmacemu\build\ucs\ucs.dir\debug\ucs.tlog\custombuild.write.1.tlog
c:\eqmacemu\build\ucs\ucs.dir\debug\ucs.tlog\link.command.1.tlog
c:\eqmacemu\build\ucs\ucs.dir\debug\ucs.tlog\link.read.1.tlog
c:\eqmacemu\build\ucs\ucs.dir\debug\ucs.tlog\link.write.1.tlog
