c:\eqmacemu\build\zone\zone.dir\debug\buffstacking.obj
c:\eqmacemu\build\zone\zone.dir\debug\client_packet.obj
c:\eqmacemu\build\zone\zone.dir\debug\guild_mgr.obj
c:\eqmacemu\build\zone\zone.dir\debug\lua_encounter.obj
c:\eqmacemu\build\zone\zone.dir\debug\lua_item.obj
c:\eqmacemu\build\zone\zone.dir\debug\lua_raid.obj
c:\eqmacemu\build\zone\zone.dir\debug\pathfinder_waypoint.obj
c:\eqmacemu\build\zone\zone.dir\debug\water_map_v1.obj
c:\eqmacemu\build\zone\zone.dir\debug\zone_config.obj
c:\eqmacemu\build\zone\zone.dir\debug\aggro.obj
c:\eqmacemu\build\zone\zone.dir\debug\doors.obj
c:\eqmacemu\build\zone\zone.dir\debug\forage.obj
c:\eqmacemu\build\zone\zone.dir\debug\lua_door.obj
c:\eqmacemu\build\zone\zone.dir\debug\lua_inventory.obj
c:\eqmacemu\build\zone\zone.dir\debug\lua_parser_events.obj
c:\eqmacemu\build\zone\zone.dir\debug\pathfinder_nav_mesh.obj
c:\eqmacemu\build\zone\zone.dir\debug\quest_parser_collection.obj
c:\eqmacemu\build\zone\zone.dir\debug\tradeskills.obj
c:\eqmacemu\build\zone\zone.dir\debug\zonedb.obj
c:\eqmacemu\build\zone\zone.dir\debug\bonuses.obj
c:\eqmacemu\build\zone\zone.dir\debug\corpse.obj
c:\eqmacemu\build\zone\zone.dir\debug\groups.obj
c:\eqmacemu\build\zone\zone.dir\debug\lua_client.obj
c:\eqmacemu\build\zone\zone.dir\debug\lua_mob.obj
c:\eqmacemu\build\zone\zone.dir\debug\map.obj
c:\eqmacemu\build\zone\zone.dir\debug\mob_ai.obj
c:\eqmacemu\build\zone\zone.dir\debug\object.obj
c:\eqmacemu\build\zone\zone.dir\debug\qglobals.obj
c:\eqmacemu\build\zone\zone.dir\debug\special_attacks.obj
c:\eqmacemu\build\zone\zone.dir\debug\water_map.obj
c:\eqmacemu\build\zone\zone.dir\debug\worldserver.obj
c:\eqmacemu\build\zone\zone.dir\debug\beacon.obj
c:\eqmacemu\build\zone\zone.dir\debug\client_process.obj
c:\eqmacemu\build\zone\zone.dir\debug\fearpath.obj
c:\eqmacemu\build\zone\zone.dir\debug\loottables.obj
c:\eqmacemu\build\zone\zone.dir\debug\lua_group.obj
c:\eqmacemu\build\zone\zone.dir\debug\lua_npc.obj
c:\eqmacemu\build\zone\zone.dir\debug\lua_spell.obj
c:\eqmacemu\build\zone\zone.dir\debug\pathfinder_interface.obj
c:\eqmacemu\build\zone\zone.dir\debug\questmgr.obj
c:\eqmacemu\build\zone\zone.dir\debug\titles.obj
c:\eqmacemu\build\zone\zone.dir\debug\zone.obj
c:\eqmacemu\build\zone\zone.dir\debug\client_mods.obj
c:\eqmacemu\build\zone\zone.dir\debug\command.obj
c:\eqmacemu\build\zone\zone.dir\debug\hate_list.obj
c:\eqmacemu\build\zone\zone.dir\debug\lua_entity.obj
c:\eqmacemu\build\zone\zone.dir\debug\lua_iteminst.obj
c:\eqmacemu\build\zone\zone.dir\debug\lua_spawn.obj
c:\eqmacemu\build\zone\zone.dir\debug\petitions.obj
c:\eqmacemu\build\zone\zone.dir\debug\raycast_mesh.obj
c:\eqmacemu\build\zone\zone.dir\debug\spawngroup.obj
c:\eqmacemu\build\zone\zone.dir\debug\trading.obj
c:\eqmacemu\build\zone\zone.dir\debug\aa.obj
c:\eqmacemu\build\zone\zone.dir\debug\encounter.obj
c:\eqmacemu\build\zone\zone.dir\debug\exp.obj
c:\eqmacemu\build\zone\zone.dir\debug\inventory.obj
c:\eqmacemu\build\zone\zone.dir\debug\lua_general.obj
c:\eqmacemu\build\zone\zone.dir\debug\lua_packet.obj
c:\eqmacemu\build\zone\zone.dir\debug\mob.obj
c:\eqmacemu\build\zone\zone.dir\debug\npc.obj
c:\eqmacemu\build\zone\zone.dir\debug\position.obj
c:\eqmacemu\build\zone\zone.dir\debug\queryserv.obj
c:\eqmacemu\build\zone\zone.dir\debug\spell_effects.obj
c:\eqmacemu\build\zone\zone.dir\debug\water_map_v2.obj
c:\eqmacemu\build\zone\zone.dir\debug\zoning.obj
c:\eqmacemu\build\zone\zone.dir\debug\client.obj
c:\eqmacemu\build\zone\zone.dir\debug\entity.obj
c:\eqmacemu\build\zone\zone.dir\debug\horse.obj
c:\eqmacemu\build\zone\zone.dir\debug\lua_entity_list.obj
c:\eqmacemu\build\zone\zone.dir\debug\lua_object.obj
c:\eqmacemu\build\zone\zone.dir\debug\main.obj
c:\eqmacemu\build\zone\zone.dir\debug\mob_movement_manager.obj
c:\eqmacemu\build\zone\zone.dir\debug\oriented_bounding_box.obj
c:\eqmacemu\build\zone\zone.dir\debug\pathfinder_null.obj
c:\eqmacemu\build\zone\zone.dir\debug\pets.obj
c:\eqmacemu\build\zone\zone.dir\debug\spawn2.obj
c:\eqmacemu\build\zone\zone.dir\debug\trap.obj
c:\eqmacemu\build\zone\zone.dir\debug\attack.obj
c:\eqmacemu\build\zone\zone.dir\debug\effects.obj
c:\eqmacemu\build\zone\zone.dir\debug\guild.obj
c:\eqmacemu\build\zone\zone.dir\debug\lua_bit.obj
c:\eqmacemu\build\zone\zone.dir\debug\lua_corpse.obj
c:\eqmacemu\build\zone\zone.dir\debug\lua_hate_list.obj
c:\eqmacemu\build\zone\zone.dir\debug\lua_parser.obj
c:\eqmacemu\build\zone\zone.dir\debug\pathing.obj
c:\eqmacemu\build\zone\zone.dir\debug\raids.obj
c:\eqmacemu\build\zone\zone.dir\debug\spells.obj
c:\eqmacemu\build\zone\zone.dir\debug\waypoints.obj
c:\eqmacemu\build\zone\zone.dir\debug\vc142.pdb
c:\eqmacemu\build\zone\cmakefiles\generate.stamp
c:\eqmacemu\build\bin\debug\zone.exe
c:\eqmacemu\build\zone\zone.dir\debug\zone.ilk
c:\eqmacemu\build\bin\debug\zone.pdb
c:\eqmacemu\build\zone\zone.dir\debug\zone.tlog\cl.command.1.tlog
c:\eqmacemu\build\zone\zone.dir\debug\zone.tlog\cl.read.1.tlog
c:\eqmacemu\build\zone\zone.dir\debug\zone.tlog\cl.write.1.tlog
c:\eqmacemu\build\zone\zone.dir\debug\zone.tlog\custombuild.command.1.tlog
c:\eqmacemu\build\zone\zone.dir\debug\zone.tlog\custombuild.read.1.tlog
c:\eqmacemu\build\zone\zone.dir\debug\zone.tlog\custombuild.write.1.tlog
c:\eqmacemu\build\zone\zone.dir\debug\zone.tlog\link.command.1.tlog
c:\eqmacemu\build\zone\zone.dir\debug\zone.tlog\link.read.1.tlog
c:\eqmacemu\build\zone\zone.dir\debug\zone.tlog\link.write.1.tlog
