  Building Custom Rule C:/EQMacEmu/loginserver/CMakeLists.txt
  CMake does not need to re-run because C:/EQMacEmu/Build/loginserver/CMakeFiles/generate.stamp is up-to-date.
  client.cpp
  client_manager.cpp
  config.cpp
  database.cpp
  eq_crypto.cpp
  main.cpp
  server_manager.cpp
  world_server.cpp
C:\EQMacEmu\loginserver\../common/emu_tcp_connection.h(23,9): warning C4200: nonstandard extension used: zero-sized array in struct/union (compiling source file C:\EQMacEmu\loginserver\database.cpp)
C:\EQMacEmu\loginserver\../common/emu_tcp_connection.h(23,9): message : This member will be ignored by a defaulted constructor or copy/move assignment operator (compiling source file C:\EQMacEmu\loginserver\database.cpp)
C:\EQMacEmu\common\../common/eq_packet_structs.h(386,7): warning C4200: nonstandard extension used: zero-sized array in struct/union (compiling source file C:\EQMacEmu\loginserver\database.cpp)
C:\EQMacEmu\common\../common/eq_packet_structs.h(386,7): message : This member will be ignored by a defaulted constructor or copy/move assignment operator (compiling source file C:\EQMacEmu\loginserver\database.cpp)
C:\EQMacEmu\common\../common/eq_packet_structs.h(841,15): warning C4200: nonstandard extension used: zero-sized array in struct/union (compiling source file C:\EQMacEmu\loginserver\database.cpp)
C:\EQMacEmu\common\../common/eq_packet_structs.h(841,15): message : This member will be ignored by a defaulted constructor or copy/move assignment operator (compiling source file C:\EQMacEmu\loginserver\database.cpp)
C:\EQMacEmu\common\../common/eq_packet_structs.h(1058,7): warning C4200: nonstandard extension used: zero-sized array in struct/union (compiling source file C:\EQMacEmu\loginserver\database.cpp)
C:\EQMacEmu\common\../common/eq_packet_structs.h(1058,7): message : This member will be ignored by a defaulted constructor or copy/move assignment operator (compiling source file C:\EQMacEmu\loginserver\database.cpp)
C:\EQMacEmu\common\../common/eq_packet_structs.h(1151,15): warning C4200: nonstandard extension used: zero-sized array in struct/union (compiling source file C:\EQMacEmu\loginserver\database.cpp)
C:\EQMacEmu\common\../common/eq_packet_structs.h(1151,15): message : This member will be ignored by a defaulted constructor or copy/move assignment operator (compiling source file C:\EQMacEmu\loginserver\database.cpp)
C:\EQMacEmu\common\../common/eq_packet_structs.h(1477,33): warning C4200: nonstandard extension used: zero-sized array in struct/union (compiling source file C:\EQMacEmu\loginserver\database.cpp)
C:\EQMacEmu\common\../common/eq_packet_structs.h(1477,33): message : This member will be ignored by a defaulted constructor or copy/move assignment operator (compiling source file C:\EQMacEmu\loginserver\database.cpp)
C:\EQMacEmu\common\../common/eq_packet_structs.h(1813,21): warning C4200: nonstandard extension used: zero-sized array in struct/union (compiling source file C:\EQMacEmu\loginserver\database.cpp)
C:\EQMacEmu\common\../common/eq_packet_structs.h(1813,21): message : This member will be ignored by a defaulted constructor or copy/move assignment operator (compiling source file C:\EQMacEmu\loginserver\database.cpp)
C:\EQMacEmu\common\../common/eq_packet_structs.h(2157,21): warning C4200: nonstandard extension used: zero-sized array in struct/union (compiling source file C:\EQMacEmu\loginserver\database.cpp)
C:\EQMacEmu\common\../common/eq_packet_structs.h(2157,21): message : This member will be ignored by a defaulted constructor or copy/move assignment operator (compiling source file C:\EQMacEmu\loginserver\database.cpp)
C:\EQMacEmu\common\../common/eq_packet_structs.h(2213,7): warning C4200: nonstandard extension used: zero-sized array in struct/union (compiling source file C:\EQMacEmu\loginserver\database.cpp)
C:\EQMacEmu\common\../common/eq_packet_structs.h(2213,7): message : This member will be ignored by a defaulted constructor or copy/move assignment operator (compiling source file C:\EQMacEmu\loginserver\database.cpp)
C:\EQMacEmu\common\../common/eq_packet_structs.h(2237,35): warning C4200: nonstandard extension used: zero-sized array in struct/union (compiling source file C:\EQMacEmu\loginserver\database.cpp)
C:\EQMacEmu\common\../common/eq_packet_structs.h(2237,35): message : This member will be ignored by a defaulted constructor or copy/move assignment operator (compiling source file C:\EQMacEmu\loginserver\database.cpp)
C:\EQMacEmu\common\../common/eq_packet_structs.h(2379,19): warning C4200: nonstandard extension used: zero-sized array in struct/union (compiling source file C:\EQMacEmu\loginserver\database.cpp)
C:\EQMacEmu\common\../common/eq_packet_structs.h(2379,19): message : This member will be ignored by a defaulted constructor or copy/move assignment operator (compiling source file C:\EQMacEmu\loginserver\database.cpp)
C:\EQMacEmu\loginserver\../common/servertalk.h(288,8): warning C4200: nonstandard extension used: zero-sized array in struct/union (compiling source file C:\EQMacEmu\loginserver\database.cpp)
C:\EQMacEmu\loginserver\../common/servertalk.h(288,8): message : This member will be ignored by a defaulted constructor or copy/move assignment operator (compiling source file C:\EQMacEmu\loginserver\database.cpp)
C:\EQMacEmu\loginserver\../common/servertalk.h(349,7): warning C4200: nonstandard extension used: zero-sized array in struct/union (compiling source file C:\EQMacEmu\loginserver\database.cpp)
C:\EQMacEmu\loginserver\../common/servertalk.h(349,7): message : This member will be ignored by a defaulted constructor or copy/move assignment operator (compiling source file C:\EQMacEmu\loginserver\database.cpp)
C:\EQMacEmu\loginserver\../common/servertalk.h(357,7): warning C4200: nonstandard extension used: zero-sized array in struct/union (compiling source file C:\EQMacEmu\loginserver\database.cpp)
C:\EQMacEmu\loginserver\../common/servertalk.h(357,7): message : This member will be ignored by a defaulted constructor or copy/move assignment operator (compiling source file C:\EQMacEmu\loginserver\database.cpp)
C:\EQMacEmu\loginserver\../common/servertalk.h(395,9): warning C4200: nonstandard extension used: zero-sized array in struct/union (compiling source file C:\EQMacEmu\loginserver\database.cpp)
C:\EQMacEmu\loginserver\../common/servertalk.h(395,9): message : This member will be ignored by a defaulted constructor or copy/move assignment operator (compiling source file C:\EQMacEmu\loginserver\database.cpp)
C:\EQMacEmu\loginserver\../common/servertalk.h(527,7): warning C4200: nonstandard extension used: zero-sized array in struct/union (compiling source file C:\EQMacEmu\loginserver\database.cpp)
C:\EQMacEmu\loginserver\../common/servertalk.h(527,7): message : This member will be ignored by a defaulted constructor or copy/move assignment operator (compiling source file C:\EQMacEmu\loginserver\database.cpp)
C:\EQMacEmu\loginserver\../common/servertalk.h(550,7): warning C4200: nonstandard extension used: zero-sized array in struct/union (compiling source file C:\EQMacEmu\loginserver\database.cpp)
C:\EQMacEmu\loginserver\../common/servertalk.h(550,7): message : This member will be ignored by a defaulted constructor or copy/move assignment operator (compiling source file C:\EQMacEmu\loginserver\database.cpp)
C:\EQMacEmu\loginserver\../common/servertalk.h(615,8): warning C4200: nonstandard extension used: zero-sized array in struct/union (compiling source file C:\EQMacEmu\loginserver\database.cpp)
C:\EQMacEmu\loginserver\../common/servertalk.h(615,8): message : This member will be ignored by a defaulted constructor or copy/move assignment operator (compiling source file C:\EQMacEmu\loginserver\database.cpp)
C:\EQMacEmu\loginserver\../common/servertalk.h(677,7): warning C4200: nonstandard extension used: zero-sized array in struct/union (compiling source file C:\EQMacEmu\loginserver\database.cpp)
C:\EQMacEmu\loginserver\../common/servertalk.h(677,7): message : This member will be ignored by a defaulted constructor or copy/move assignment operator (compiling source file C:\EQMacEmu\loginserver\database.cpp)
C:\EQMacEmu\loginserver\../common/servertalk.h(736,7): warning C4200: nonstandard extension used: zero-sized array in struct/union (compiling source file C:\EQMacEmu\loginserver\database.cpp)
C:\EQMacEmu\loginserver\../common/servertalk.h(736,7): message : This member will be ignored by a defaulted constructor or copy/move assignment operator (compiling source file C:\EQMacEmu\loginserver\database.cpp)
C:\EQMacEmu\loginserver\../common/servertalk.h(878,7): warning C4200: nonstandard extension used: zero-sized array in struct/union (compiling source file C:\EQMacEmu\loginserver\database.cpp)
C:\EQMacEmu\loginserver\../common/servertalk.h(878,7): message : This member will be ignored by a defaulted constructor or copy/move assignment operator (compiling source file C:\EQMacEmu\loginserver\database.cpp)
C:\EQMacEmu\loginserver\../common/servertalk.h(934,7): warning C4200: nonstandard extension used: zero-sized array in struct/union (compiling source file C:\EQMacEmu\loginserver\database.cpp)
C:\EQMacEmu\loginserver\../common/servertalk.h(934,7): message : This member will be ignored by a defaulted constructor or copy/move assignment operator (compiling source file C:\EQMacEmu\loginserver\database.cpp)
C:\EQMacEmu\loginserver\../common/servertalk.h(943,7): warning C4200: nonstandard extension used: zero-sized array in struct/union (compiling source file C:\EQMacEmu\loginserver\database.cpp)
C:\EQMacEmu\loginserver\../common/servertalk.h(943,7): message : This member will be ignored by a defaulted constructor or copy/move assignment operator (compiling source file C:\EQMacEmu\loginserver\database.cpp)
C:\EQMacEmu\loginserver\../common/servertalk.h(954,7): warning C4200: nonstandard extension used: zero-sized array in struct/union (compiling source file C:\EQMacEmu\loginserver\database.cpp)
C:\EQMacEmu\loginserver\../common/servertalk.h(954,7): message : This member will be ignored by a defaulted constructor or copy/move assignment operator (compiling source file C:\EQMacEmu\loginserver\database.cpp)
C:\EQMacEmu\loginserver\../common/servertalk.h(990,36): warning C4200: nonstandard extension used: zero-sized array in struct/union (compiling source file C:\EQMacEmu\loginserver\database.cpp)
C:\EQMacEmu\loginserver\../common/servertalk.h(990,36): message : This member will be ignored by a defaulted constructor or copy/move assignment operator (compiling source file C:\EQMacEmu\loginserver\database.cpp)
C:\EQMacEmu\loginserver\../common/servertalk.h(1023,21): warning C4200: nonstandard extension used: zero-sized array in struct/union (compiling source file C:\EQMacEmu\loginserver\database.cpp)
C:\EQMacEmu\loginserver\../common/servertalk.h(1023,21): message : This member will be ignored by a defaulted constructor or copy/move assignment operator (compiling source file C:\EQMacEmu\loginserver\database.cpp)
C:\EQMacEmu\loginserver\../common/servertalk.h(1098,7): warning C4200: nonstandard extension used: zero-sized array in struct/union (compiling source file C:\EQMacEmu\loginserver\database.cpp)
C:\EQMacEmu\loginserver\../common/servertalk.h(1098,7): message : This member will be ignored by a defaulted constructor or copy/move assignment operator (compiling source file C:\EQMacEmu\loginserver\database.cpp)
C:\EQMacEmu\loginserver\../common/servertalk.h(1109,7): warning C4200: nonstandard extension used: zero-sized array in struct/union (compiling source file C:\EQMacEmu\loginserver\database.cpp)
C:\EQMacEmu\loginserver\../common/servertalk.h(1109,7): message : This member will be ignored by a defaulted constructor or copy/move assignment operator (compiling source file C:\EQMacEmu\loginserver\database.cpp)
C:\EQMacEmu\common\eq_packet_structs.h(386,7): warning C4200: nonstandard extension used: zero-sized array in struct/union (compiling source file C:\EQMacEmu\loginserver\eq_crypto.cpp)
C:\EQMacEmu\common\eq_packet_structs.h(386,7): message : This member will be ignored by a defaulted constructor or copy/move assignment operator (compiling source file C:\EQMacEmu\loginserver\eq_crypto.cpp)
C:\EQMacEmu\common\eq_packet_structs.h(841,15): warning C4200: nonstandard extension used: zero-sized array in struct/union (compiling source file C:\EQMacEmu\loginserver\eq_crypto.cpp)
C:\EQMacEmu\common\eq_packet_structs.h(841,15): message : This member will be ignored by a defaulted constructor or copy/move assignment operator (compiling source file C:\EQMacEmu\loginserver\eq_crypto.cpp)
C:\EQMacEmu\common\eq_packet_structs.h(1058,7): warning C4200: nonstandard extension used: zero-sized array in struct/union (compiling source file C:\EQMacEmu\loginserver\eq_crypto.cpp)
C:\EQMacEmu\common\eq_packet_structs.h(1058,7): message : This member will be ignored by a defaulted constructor or copy/move assignment operator (compiling source file C:\EQMacEmu\loginserver\eq_crypto.cpp)
C:\EQMacEmu\common\eq_packet_structs.h(1151,15): warning C4200: nonstandard extension used: zero-sized array in struct/union (compiling source file C:\EQMacEmu\loginserver\eq_crypto.cpp)
C:\EQMacEmu\common\eq_packet_structs.h(1151,15): message : This member will be ignored by a defaulted constructor or copy/move assignment operator (compiling source file C:\EQMacEmu\loginserver\eq_crypto.cpp)
C:\EQMacEmu\common\eq_packet_structs.h(1477,33): warning C4200: nonstandard extension used: zero-sized array in struct/union (compiling source file C:\EQMacEmu\loginserver\eq_crypto.cpp)
C:\EQMacEmu\common\eq_packet_structs.h(1477,33): message : This member will be ignored by a defaulted constructor or copy/move assignment operator (compiling source file C:\EQMacEmu\loginserver\eq_crypto.cpp)
C:\EQMacEmu\common\eq_packet_structs.h(1813,21): warning C4200: nonstandard extension used: zero-sized array in struct/union (compiling source file C:\EQMacEmu\loginserver\eq_crypto.cpp)
C:\EQMacEmu\common\eq_packet_structs.h(1813,21): message : This member will be ignored by a defaulted constructor or copy/move assignment operator (compiling source file C:\EQMacEmu\loginserver\eq_crypto.cpp)
C:\EQMacEmu\common\eq_packet_structs.h(2157,21): warning C4200: nonstandard extension used: zero-sized array in struct/union (compiling source file C:\EQMacEmu\loginserver\eq_crypto.cpp)
C:\EQMacEmu\common\eq_packet_structs.h(2157,21): message : This member will be ignored by a defaulted constructor or copy/move assignment operator (compiling source file C:\EQMacEmu\loginserver\eq_crypto.cpp)
C:\EQMacEmu\common\eq_packet_structs.h(2213,7): warning C4200: nonstandard extension used: zero-sized array in struct/union (compiling source file C:\EQMacEmu\loginserver\eq_crypto.cpp)
C:\EQMacEmu\common\eq_packet_structs.h(2213,7): message : This member will be ignored by a defaulted constructor or copy/move assignment operator (compiling source file C:\EQMacEmu\loginserver\eq_crypto.cpp)
C:\EQMacEmu\common\eq_packet_structs.h(2237,35): warning C4200: nonstandard extension used: zero-sized array in struct/union (compiling source file C:\EQMacEmu\loginserver\eq_crypto.cpp)
C:\EQMacEmu\common\eq_packet_structs.h(2237,35): message : This member will be ignored by a defaulted constructor or copy/move assignment operator (compiling source file C:\EQMacEmu\loginserver\eq_crypto.cpp)
C:\EQMacEmu\common\eq_packet_structs.h(2379,19): warning C4200: nonstandard extension used: zero-sized array in struct/union (compiling source file C:\EQMacEmu\loginserver\eq_crypto.cpp)
C:\EQMacEmu\common\eq_packet_structs.h(2379,19): message : This member will be ignored by a defaulted constructor or copy/move assignment operator (compiling source file C:\EQMacEmu\loginserver\eq_crypto.cpp)
C:\EQMacEmu\loginserver\../common/emu_tcp_connection.h(23,9): warning C4200: nonstandard extension used: zero-sized array in struct/union (compiling source file C:\EQMacEmu\loginserver\main.cpp)
C:\EQMacEmu\loginserver\../common/emu_tcp_connection.h(23,9): message : This member will be ignored by a defaulted constructor or copy/move assignment operator (compiling source file C:\EQMacEmu\loginserver\main.cpp)
C:\EQMacEmu\common\../common/eq_packet_structs.h(386,7): warning C4200: nonstandard extension used: zero-sized array in struct/union (compiling source file C:\EQMacEmu\loginserver\main.cpp)
C:\EQMacEmu\common\../common/eq_packet_structs.h(386,7): message : This member will be ignored by a defaulted constructor or copy/move assignment operator (compiling source file C:\EQMacEmu\loginserver\main.cpp)
C:\EQMacEmu\common\../common/eq_packet_structs.h(841,15): warning C4200: nonstandard extension used: zero-sized array in struct/union (compiling source file C:\EQMacEmu\loginserver\main.cpp)
C:\EQMacEmu\common\../common/eq_packet_structs.h(841,15): message : This member will be ignored by a defaulted constructor or copy/move assignment operator (compiling source file C:\EQMacEmu\loginserver\main.cpp)
C:\EQMacEmu\common\../common/eq_packet_structs.h(1058,7): warning C4200: nonstandard extension used: zero-sized array in struct/union (compiling source file C:\EQMacEmu\loginserver\main.cpp)
C:\EQMacEmu\common\../common/eq_packet_structs.h(1058,7): message : This member will be ignored by a defaulted constructor or copy/move assignment operator (compiling source file C:\EQMacEmu\loginserver\main.cpp)
C:\EQMacEmu\common\../common/eq_packet_structs.h(1151,15): warning C4200: nonstandard extension used: zero-sized array in struct/union (compiling source file C:\EQMacEmu\loginserver\main.cpp)
C:\EQMacEmu\common\../common/eq_packet_structs.h(1151,15): message : This member will be ignored by a defaulted constructor or copy/move assignment operator (compiling source file C:\EQMacEmu\loginserver\main.cpp)
C:\EQMacEmu\common\../common/eq_packet_structs.h(1477,33): warning C4200: nonstandard extension used: zero-sized array in struct/union (compiling source file C:\EQMacEmu\loginserver\main.cpp)
C:\EQMacEmu\common\../common/eq_packet_structs.h(1477,33): message : This member will be ignored by a defaulted constructor or copy/move assignment operator (compiling source file C:\EQMacEmu\loginserver\main.cpp)
C:\EQMacEmu\common\../common/eq_packet_structs.h(1813,21): warning C4200: nonstandard extension used: zero-sized array in struct/union (compiling source file C:\EQMacEmu\loginserver\main.cpp)
C:\EQMacEmu\common\../common/eq_packet_structs.h(1813,21): message : This member will be ignored by a defaulted constructor or copy/move assignment operator (compiling source file C:\EQMacEmu\loginserver\main.cpp)
C:\EQMacEmu\common\../common/eq_packet_structs.h(2157,21): warning C4200: nonstandard extension used: zero-sized array in struct/union (compiling source file C:\EQMacEmu\loginserver\main.cpp)
C:\EQMacEmu\common\../common/eq_packet_structs.h(2157,21): message : This member will be ignored by a defaulted constructor or copy/move assignment operator (compiling source file C:\EQMacEmu\loginserver\main.cpp)
C:\EQMacEmu\common\../common/eq_packet_structs.h(2213,7): warning C4200: nonstandard extension used: zero-sized array in struct/union (compiling source file C:\EQMacEmu\loginserver\main.cpp)
C:\EQMacEmu\common\../common/eq_packet_structs.h(2213,7): message : This member will be ignored by a defaulted constructor or copy/move assignment operator (compiling source file C:\EQMacEmu\loginserver\main.cpp)
C:\EQMacEmu\common\../common/eq_packet_structs.h(2237,35): warning C4200: nonstandard extension used: zero-sized array in struct/union (compiling source file C:\EQMacEmu\loginserver\main.cpp)
C:\EQMacEmu\common\../common/eq_packet_structs.h(2237,35): message : This member will be ignored by a defaulted constructor or copy/move assignment operator (compiling source file C:\EQMacEmu\loginserver\main.cpp)
C:\EQMacEmu\common\../common/eq_packet_structs.h(2379,19): warning C4200: nonstandard extension used: zero-sized array in struct/union (compiling source file C:\EQMacEmu\loginserver\main.cpp)
C:\EQMacEmu\common\../common/eq_packet_structs.h(2379,19): message : This member will be ignored by a defaulted constructor or copy/move assignment operator (compiling source file C:\EQMacEmu\loginserver\main.cpp)
C:\EQMacEmu\loginserver\../common/servertalk.h(288,8): warning C4200: nonstandard extension used: zero-sized array in struct/union (compiling source file C:\EQMacEmu\loginserver\main.cpp)
C:\EQMacEmu\loginserver\../common/servertalk.h(288,8): message : This member will be ignored by a defaulted constructor or copy/move assignment operator (compiling source file C:\EQMacEmu\loginserver\main.cpp)
C:\EQMacEmu\loginserver\../common/servertalk.h(349,7): warning C4200: nonstandard extension used: zero-sized array in struct/union (compiling source file C:\EQMacEmu\loginserver\main.cpp)
C:\EQMacEmu\loginserver\../common/servertalk.h(349,7): message : This member will be ignored by a defaulted constructor or copy/move assignment operator (compiling source file C:\EQMacEmu\loginserver\main.cpp)
C:\EQMacEmu\loginserver\../common/servertalk.h(357,7): warning C4200: nonstandard extension used: zero-sized array in struct/union (compiling source file C:\EQMacEmu\loginserver\main.cpp)
C:\EQMacEmu\loginserver\../common/servertalk.h(357,7): message : This member will be ignored by a defaulted constructor or copy/move assignment operator (compiling source file C:\EQMacEmu\loginserver\main.cpp)
C:\EQMacEmu\loginserver\../common/servertalk.h(395,9): warning C4200: nonstandard extension used: zero-sized array in struct/union (compiling source file C:\EQMacEmu\loginserver\main.cpp)
C:\EQMacEmu\loginserver\../common/servertalk.h(395,9): message : This member will be ignored by a defaulted constructor or copy/move assignment operator (compiling source file C:\EQMacEmu\loginserver\main.cpp)
C:\EQMacEmu\loginserver\../common/servertalk.h(527,7): warning C4200: nonstandard extension used: zero-sized array in struct/union (compiling source file C:\EQMacEmu\loginserver\main.cpp)
C:\EQMacEmu\loginserver\../common/servertalk.h(527,7): message : This member will be ignored by a defaulted constructor or copy/move assignment operator (compiling source file C:\EQMacEmu\loginserver\main.cpp)
C:\EQMacEmu\loginserver\../common/servertalk.h(550,7): warning C4200: nonstandard extension used: zero-sized array in struct/union (compiling source file C:\EQMacEmu\loginserver\main.cpp)
C:\EQMacEmu\loginserver\../common/servertalk.h(550,7): message : This member will be ignored by a defaulted constructor or copy/move assignment operator (compiling source file C:\EQMacEmu\loginserver\main.cpp)
C:\EQMacEmu\loginserver\../common/servertalk.h(615,8): warning C4200: nonstandard extension used: zero-sized array in struct/union (compiling source file C:\EQMacEmu\loginserver\main.cpp)
C:\EQMacEmu\loginserver\../common/servertalk.h(615,8): message : This member will be ignored by a defaulted constructor or copy/move assignment operator (compiling source file C:\EQMacEmu\loginserver\main.cpp)
C:\EQMacEmu\loginserver\../common/servertalk.h(677,7): warning C4200: nonstandard extension used: zero-sized array in struct/union (compiling source file C:\EQMacEmu\loginserver\main.cpp)
C:\EQMacEmu\loginserver\../common/servertalk.h(677,7): message : This member will be ignored by a defaulted constructor or copy/move assignment operator (compiling source file C:\EQMacEmu\loginserver\main.cpp)
C:\EQMacEmu\loginserver\../common/servertalk.h(736,7): warning C4200: nonstandard extension used: zero-sized array in struct/union (compiling source file C:\EQMacEmu\loginserver\main.cpp)
C:\EQMacEmu\loginserver\../common/servertalk.h(736,7): message : This member will be ignored by a defaulted constructor or copy/move assignment operator (compiling source file C:\EQMacEmu\loginserver\main.cpp)
C:\EQMacEmu\loginserver\../common/servertalk.h(878,7): warning C4200: nonstandard extension used: zero-sized array in struct/union (compiling source file C:\EQMacEmu\loginserver\main.cpp)
C:\EQMacEmu\loginserver\../common/servertalk.h(878,7): message : This member will be ignored by a defaulted constructor or copy/move assignment operator (compiling source file C:\EQMacEmu\loginserver\main.cpp)
C:\EQMacEmu\loginserver\../common/servertalk.h(934,7): warning C4200: nonstandard extension used: zero-sized array in struct/union (compiling source file C:\EQMacEmu\loginserver\main.cpp)
C:\EQMacEmu\loginserver\../common/servertalk.h(934,7): message : This member will be ignored by a defaulted constructor or copy/move assignment operator (compiling source file C:\EQMacEmu\loginserver\main.cpp)
C:\EQMacEmu\loginserver\../common/servertalk.h(943,7): warning C4200: nonstandard extension used: zero-sized array in struct/union (compiling source file C:\EQMacEmu\loginserver\main.cpp)
C:\EQMacEmu\loginserver\../common/servertalk.h(943,7): message : This member will be ignored by a defaulted constructor or copy/move assignment operator (compiling source file C:\EQMacEmu\loginserver\main.cpp)
C:\EQMacEmu\loginserver\../common/servertalk.h(954,7): warning C4200: nonstandard extension used: zero-sized array in struct/union (compiling source file C:\EQMacEmu\loginserver\main.cpp)
C:\EQMacEmu\loginserver\../common/servertalk.h(954,7): message : This member will be ignored by a defaulted constructor or copy/move assignment operator (compiling source file C:\EQMacEmu\loginserver\main.cpp)
C:\EQMacEmu\loginserver\../common/servertalk.h(990,36): warning C4200: nonstandard extension used: zero-sized array in struct/union (compiling source file C:\EQMacEmu\loginserver\main.cpp)
C:\EQMacEmu\loginserver\../common/servertalk.h(990,36): message : This member will be ignored by a defaulted constructor or copy/move assignment operator (compiling source file C:\EQMacEmu\loginserver\main.cpp)
C:\EQMacEmu\loginserver\../common/servertalk.h(1023,21): warning C4200: nonstandard extension used: zero-sized array in struct/union (compiling source file C:\EQMacEmu\loginserver\main.cpp)
C:\EQMacEmu\loginserver\../common/servertalk.h(1023,21): message : This member will be ignored by a defaulted constructor or copy/move assignment operator (compiling source file C:\EQMacEmu\loginserver\main.cpp)
C:\EQMacEmu\loginserver\../common/servertalk.h(1098,7): warning C4200: nonstandard extension used: zero-sized array in struct/union (compiling source file C:\EQMacEmu\loginserver\main.cpp)
C:\EQMacEmu\loginserver\../common/servertalk.h(1098,7): message : This member will be ignored by a defaulted constructor or copy/move assignment operator (compiling source file C:\EQMacEmu\loginserver\main.cpp)
C:\EQMacEmu\loginserver\../common/servertalk.h(1109,7): warning C4200: nonstandard extension used: zero-sized array in struct/union (compiling source file C:\EQMacEmu\loginserver\main.cpp)
C:\EQMacEmu\loginserver\../common/servertalk.h(1109,7): message : This member will be ignored by a defaulted constructor or copy/move assignment operator (compiling source file C:\EQMacEmu\loginserver\main.cpp)
C:\EQMacEmu\loginserver\../common/emu_tcp_connection.h(23,9): warning C4200: nonstandard extension used: zero-sized array in struct/union (compiling source file C:\EQMacEmu\loginserver\client.cpp)
C:\EQMacEmu\loginserver\../common/emu_tcp_connection.h(23,9): message : This member will be ignored by a defaulted constructor or copy/move assignment operator (compiling source file C:\EQMacEmu\loginserver\client.cpp)
C:\EQMacEmu\common\../common/eq_packet_structs.h(386,7): warning C4200: nonstandard extension used: zero-sized array in struct/union (compiling source file C:\EQMacEmu\loginserver\client.cpp)
C:\EQMacEmu\common\../common/eq_packet_structs.h(386,7): message : This member will be ignored by a defaulted constructor or copy/move assignment operator (compiling source file C:\EQMacEmu\loginserver\client.cpp)
C:\EQMacEmu\common\../common/eq_packet_structs.h(841,15): warning C4200: nonstandard extension used: zero-sized array in struct/union (compiling source file C:\EQMacEmu\loginserver\client.cpp)
C:\EQMacEmu\common\../common/eq_packet_structs.h(841,15): message : This member will be ignored by a defaulted constructor or copy/move assignment operator (compiling source file C:\EQMacEmu\loginserver\client.cpp)
C:\EQMacEmu\common\../common/eq_packet_structs.h(1058,7): warning C4200: nonstandard extension used: zero-sized array in struct/union (compiling source file C:\EQMacEmu\loginserver\client.cpp)
C:\EQMacEmu\common\../common/eq_packet_structs.h(1058,7): message : This member will be ignored by a defaulted constructor or copy/move assignment operator (compiling source file C:\EQMacEmu\loginserver\client.cpp)
C:\EQMacEmu\common\../common/eq_packet_structs.h(1151,15): warning C4200: nonstandard extension used: zero-sized array in struct/union (compiling source file C:\EQMacEmu\loginserver\client.cpp)
C:\EQMacEmu\common\../common/eq_packet_structs.h(1151,15): message : This member will be ignored by a defaulted constructor or copy/move assignment operator (compiling source file C:\EQMacEmu\loginserver\client.cpp)
C:\EQMacEmu\common\../common/eq_packet_structs.h(1477,33): warning C4200: nonstandard extension used: zero-sized array in struct/union (compiling source file C:\EQMacEmu\loginserver\client.cpp)
C:\EQMacEmu\common\../common/eq_packet_structs.h(1477,33): message : This member will be ignored by a defaulted constructor or copy/move assignment operator (compiling source file C:\EQMacEmu\loginserver\client.cpp)
C:\EQMacEmu\common\../common/eq_packet_structs.h(1813,21): warning C4200: nonstandard extension used: zero-sized array in struct/union (compiling source file C:\EQMacEmu\loginserver\client.cpp)
C:\EQMacEmu\common\../common/eq_packet_structs.h(1813,21): message : This member will be ignored by a defaulted constructor or copy/move assignment operator (compiling source file C:\EQMacEmu\loginserver\client.cpp)
C:\EQMacEmu\common\../common/eq_packet_structs.h(2157,21): warning C4200: nonstandard extension used: zero-sized array in struct/union (compiling source file C:\EQMacEmu\loginserver\client.cpp)
C:\EQMacEmu\common\../common/eq_packet_structs.h(2157,21): message : This member will be ignored by a defaulted constructor or copy/move assignment operator (compiling source file C:\EQMacEmu\loginserver\client.cpp)
C:\EQMacEmu\common\../common/eq_packet_structs.h(2213,7): warning C4200: nonstandard extension used: zero-sized array in struct/union (compiling source file C:\EQMacEmu\loginserver\client.cpp)
C:\EQMacEmu\common\../common/eq_packet_structs.h(2213,7): message : This member will be ignored by a defaulted constructor or copy/move assignment operator (compiling source file C:\EQMacEmu\loginserver\client.cpp)
C:\EQMacEmu\common\../common/eq_packet_structs.h(2237,35): warning C4200: nonstandard extension used: zero-sized array in struct/union (compiling source file C:\EQMacEmu\loginserver\client.cpp)
C:\EQMacEmu\common\../common/eq_packet_structs.h(2237,35): message : This member will be ignored by a defaulted constructor or copy/move assignment operator (compiling source file C:\EQMacEmu\loginserver\client.cpp)
C:\EQMacEmu\common\../common/eq_packet_structs.h(2379,19): warning C4200: nonstandard extension used: zero-sized array in struct/union (compiling source file C:\EQMacEmu\loginserver\client.cpp)
C:\EQMacEmu\common\../common/eq_packet_structs.h(2379,19): message : This member will be ignored by a defaulted constructor or copy/move assignment operator (compiling source file C:\EQMacEmu\loginserver\client.cpp)
C:\EQMacEmu\loginserver\../common/servertalk.h(288,8): warning C4200: nonstandard extension used: zero-sized array in struct/union (compiling source file C:\EQMacEmu\loginserver\client.cpp)
C:\EQMacEmu\loginserver\../common/servertalk.h(288,8): message : This member will be ignored by a defaulted constructor or copy/move assignment operator (compiling source file C:\EQMacEmu\loginserver\client.cpp)
C:\EQMacEmu\loginserver\../common/servertalk.h(349,7): warning C4200: nonstandard extension used: zero-sized array in struct/union (compiling source file C:\EQMacEmu\loginserver\client.cpp)
C:\EQMacEmu\loginserver\../common/servertalk.h(349,7): message : This member will be ignored by a defaulted constructor or copy/move assignment operator (compiling source file C:\EQMacEmu\loginserver\client.cpp)
C:\EQMacEmu\loginserver\../common/servertalk.h(357,7): warning C4200: nonstandard extension used: zero-sized array in struct/union (compiling source file C:\EQMacEmu\loginserver\client.cpp)
C:\EQMacEmu\loginserver\../common/servertalk.h(357,7): message : This member will be ignored by a defaulted constructor or copy/move assignment operator (compiling source file C:\EQMacEmu\loginserver\client.cpp)
C:\EQMacEmu\loginserver\../common/servertalk.h(395,9): warning C4200: nonstandard extension used: zero-sized array in struct/union (compiling source file C:\EQMacEmu\loginserver\client.cpp)
C:\EQMacEmu\loginserver\../common/servertalk.h(395,9): message : This member will be ignored by a defaulted constructor or copy/move assignment operator (compiling source file C:\EQMacEmu\loginserver\client.cpp)
C:\EQMacEmu\loginserver\../common/servertalk.h(527,7): warning C4200: nonstandard extension used: zero-sized array in struct/union (compiling source file C:\EQMacEmu\loginserver\client.cpp)
C:\EQMacEmu\loginserver\../common/servertalk.h(527,7): message : This member will be ignored by a defaulted constructor or copy/move assignment operator (compiling source file C:\EQMacEmu\loginserver\client.cpp)
C:\EQMacEmu\loginserver\../common/servertalk.h(550,7): warning C4200: nonstandard extension used: zero-sized array in struct/union (compiling source file C:\EQMacEmu\loginserver\client.cpp)
C:\EQMacEmu\loginserver\../common/servertalk.h(550,7): message : This member will be ignored by a defaulted constructor or copy/move assignment operator (compiling source file C:\EQMacEmu\loginserver\client.cpp)
C:\EQMacEmu\loginserver\../common/servertalk.h(615,8): warning C4200: nonstandard extension used: zero-sized array in struct/union (compiling source file C:\EQMacEmu\loginserver\client.cpp)
C:\EQMacEmu\loginserver\../common/servertalk.h(615,8): message : This member will be ignored by a defaulted constructor or copy/move assignment operator (compiling source file C:\EQMacEmu\loginserver\client.cpp)
C:\EQMacEmu\loginserver\../common/servertalk.h(677,7): warning C4200: nonstandard extension used: zero-sized array in struct/union (compiling source file C:\EQMacEmu\loginserver\client.cpp)
C:\EQMacEmu\loginserver\../common/servertalk.h(677,7): message : This member will be ignored by a defaulted constructor or copy/move assignment operator (compiling source file C:\EQMacEmu\loginserver\client.cpp)
C:\EQMacEmu\loginserver\../common/servertalk.h(736,7): warning C4200: nonstandard extension used: zero-sized array in struct/union (compiling source file C:\EQMacEmu\loginserver\client.cpp)
C:\EQMacEmu\loginserver\../common/servertalk.h(736,7): message : This member will be ignored by a defaulted constructor or copy/move assignment operator (compiling source file C:\EQMacEmu\loginserver\client.cpp)
C:\EQMacEmu\loginserver\../common/servertalk.h(878,7): warning C4200: nonstandard extension used: zero-sized array in struct/union (compiling source file C:\EQMacEmu\loginserver\client.cpp)
C:\EQMacEmu\loginserver\../common/servertalk.h(878,7): message : This member will be ignored by a defaulted constructor or copy/move assignment operator (compiling source file C:\EQMacEmu\loginserver\client.cpp)
C:\EQMacEmu\loginserver\../common/servertalk.h(934,7): warning C4200: nonstandard extension used: zero-sized array in struct/union (compiling source file C:\EQMacEmu\loginserver\client.cpp)
C:\EQMacEmu\loginserver\../common/servertalk.h(934,7): message : This member will be ignored by a defaulted constructor or copy/move assignment operator (compiling source file C:\EQMacEmu\loginserver\client.cpp)
C:\EQMacEmu\loginserver\../common/servertalk.h(943,7): warning C4200: nonstandard extension used: zero-sized array in struct/union (compiling source file C:\EQMacEmu\loginserver\client.cpp)
C:\EQMacEmu\loginserver\../common/servertalk.h(943,7): message : This member will be ignored by a defaulted constructor or copy/move assignment operator (compiling source file C:\EQMacEmu\loginserver\client.cpp)
C:\EQMacEmu\loginserver\../common/servertalk.h(954,7): warning C4200: nonstandard extension used: zero-sized array in struct/union (compiling source file C:\EQMacEmu\loginserver\client.cpp)
C:\EQMacEmu\loginserver\../common/servertalk.h(954,7): message : This member will be ignored by a defaulted constructor or copy/move assignment operator (compiling source file C:\EQMacEmu\loginserver\client.cpp)
C:\EQMacEmu\loginserver\../common/servertalk.h(990,36): warning C4200: nonstandard extension used: zero-sized array in struct/union (compiling source file C:\EQMacEmu\loginserver\client.cpp)
C:\EQMacEmu\loginserver\../common/servertalk.h(990,36): message : This member will be ignored by a defaulted constructor or copy/move assignment operator (compiling source file C:\EQMacEmu\loginserver\client.cpp)
C:\EQMacEmu\loginserver\../common/servertalk.h(1023,21): warning C4200: nonstandard extension used: zero-sized array in struct/union (compiling source file C:\EQMacEmu\loginserver\client.cpp)
C:\EQMacEmu\loginserver\../common/servertalk.h(1023,21): message : This member will be ignored by a defaulted constructor or copy/move assignment operator (compiling source file C:\EQMacEmu\loginserver\client.cpp)
C:\EQMacEmu\loginserver\../common/servertalk.h(1098,7): warning C4200: nonstandard extension used: zero-sized array in struct/union (compiling source file C:\EQMacEmu\loginserver\client.cpp)
C:\EQMacEmu\loginserver\../common/servertalk.h(1098,7): message : This member will be ignored by a defaulted constructor or copy/move assignment operator (compiling source file C:\EQMacEmu\loginserver\client.cpp)
C:\EQMacEmu\loginserver\../common/servertalk.h(1109,7): warning C4200: nonstandard extension used: zero-sized array in struct/union (compiling source file C:\EQMacEmu\loginserver\client.cpp)
C:\EQMacEmu\loginserver\../common/servertalk.h(1109,7): message : This member will be ignored by a defaulted constructor or copy/move assignment operator (compiling source file C:\EQMacEmu\loginserver\client.cpp)
C:\EQMacEmu\loginserver\login_structures.h(27,8): warning C4200: nonstandard extension used: zero-sized array in struct/union (compiling source file C:\EQMacEmu\loginserver\client.cpp)
C:\EQMacEmu\loginserver\login_structures.h(27,8): message : This member will be ignored by a defaulted constructor or copy/move assignment operator (compiling source file C:\EQMacEmu\loginserver\client.cpp)
C:\EQMacEmu\loginserver\login_structures.h(34,8): warning C4200: nonstandard extension used: zero-sized array in struct/union (compiling source file C:\EQMacEmu\loginserver\client.cpp)
C:\EQMacEmu\loginserver\login_structures.h(34,8): message : This member will be ignored by a defaulted constructor or copy/move assignment operator (compiling source file C:\EQMacEmu\loginserver\client.cpp)
C:\EQMacEmu\loginserver\login_structures.h(72,8): warning C4200: nonstandard extension used: zero-sized array in struct/union (compiling source file C:\EQMacEmu\loginserver\client.cpp)
C:\EQMacEmu\loginserver\login_structures.h(72,8): message : This member will be ignored by a defaulted constructor or copy/move assignment operator (compiling source file C:\EQMacEmu\loginserver\client.cpp)
C:\EQMacEmu\loginserver\login_structures.h(77,7): warning C4200: nonstandard extension used: zero-sized array in struct/union (compiling source file C:\EQMacEmu\loginserver\client.cpp)
C:\EQMacEmu\loginserver\login_structures.h(77,7): message : This member will be ignored by a defaulted constructor or copy/move assignment operator (compiling source file C:\EQMacEmu\loginserver\client.cpp)
C:\EQMacEmu\loginserver\../common/emu_tcp_connection.h(23,9): warning C4200: nonstandard extension used: zero-sized array in struct/union (compiling source file C:\EQMacEmu\loginserver\server_manager.cpp)
C:\EQMacEmu\loginserver\../common/emu_tcp_connection.h(23,9): message : This member will be ignored by a defaulted constructor or copy/move assignment operator (compiling source file C:\EQMacEmu\loginserver\server_manager.cpp)
C:\EQMacEmu\common\../common/eq_packet_structs.h(386,7): warning C4200: nonstandard extension used: zero-sized array in struct/union (compiling source file C:\EQMacEmu\loginserver\server_manager.cpp)
C:\EQMacEmu\common\../common/eq_packet_structs.h(386,7): message : This member will be ignored by a defaulted constructor or copy/move assignment operator (compiling source file C:\EQMacEmu\loginserver\server_manager.cpp)
C:\EQMacEmu\common\../common/eq_packet_structs.h(841,15): warning C4200: nonstandard extension used: zero-sized array in struct/union (compiling source file C:\EQMacEmu\loginserver\server_manager.cpp)
C:\EQMacEmu\common\../common/eq_packet_structs.h(841,15): message : This member will be ignored by a defaulted constructor or copy/move assignment operator (compiling source file C:\EQMacEmu\loginserver\server_manager.cpp)
C:\EQMacEmu\common\../common/eq_packet_structs.h(1058,7): warning C4200: nonstandard extension used: zero-sized array in struct/union (compiling source file C:\EQMacEmu\loginserver\server_manager.cpp)
C:\EQMacEmu\common\../common/eq_packet_structs.h(1058,7): message : This member will be ignored by a defaulted constructor or copy/move assignment operator (compiling source file C:\EQMacEmu\loginserver\server_manager.cpp)
C:\EQMacEmu\common\../common/eq_packet_structs.h(1151,15): warning C4200: nonstandard extension used: zero-sized array in struct/union (compiling source file C:\EQMacEmu\loginserver\server_manager.cpp)
C:\EQMacEmu\common\../common/eq_packet_structs.h(1151,15): message : This member will be ignored by a defaulted constructor or copy/move assignment operator (compiling source file C:\EQMacEmu\loginserver\server_manager.cpp)
C:\EQMacEmu\common\../common/eq_packet_structs.h(1477,33): warning C4200: nonstandard extension used: zero-sized array in struct/union (compiling source file C:\EQMacEmu\loginserver\server_manager.cpp)
C:\EQMacEmu\common\../common/eq_packet_structs.h(1477,33): message : This member will be ignored by a defaulted constructor or copy/move assignment operator (compiling source file C:\EQMacEmu\loginserver\server_manager.cpp)
C:\EQMacEmu\common\../common/eq_packet_structs.h(1813,21): warning C4200: nonstandard extension used: zero-sized array in struct/union (compiling source file C:\EQMacEmu\loginserver\server_manager.cpp)
C:\EQMacEmu\common\../common/eq_packet_structs.h(1813,21): message : This member will be ignored by a defaulted constructor or copy/move assignment operator (compiling source file C:\EQMacEmu\loginserver\server_manager.cpp)
C:\EQMacEmu\common\../common/eq_packet_structs.h(2157,21): warning C4200: nonstandard extension used: zero-sized array in struct/union (compiling source file C:\EQMacEmu\loginserver\server_manager.cpp)
C:\EQMacEmu\common\../common/eq_packet_structs.h(2157,21): message : This member will be ignored by a defaulted constructor or copy/move assignment operator (compiling source file C:\EQMacEmu\loginserver\server_manager.cpp)
C:\EQMacEmu\common\../common/eq_packet_structs.h(2213,7): warning C4200: nonstandard extension used: zero-sized array in struct/union (compiling source file C:\EQMacEmu\loginserver\server_manager.cpp)
C:\EQMacEmu\common\../common/eq_packet_structs.h(2213,7): message : This member will be ignored by a defaulted constructor or copy/move assignment operator (compiling source file C:\EQMacEmu\loginserver\server_manager.cpp)
C:\EQMacEmu\common\../common/eq_packet_structs.h(2237,35): warning C4200: nonstandard extension used: zero-sized array in struct/union (compiling source file C:\EQMacEmu\loginserver\server_manager.cpp)
C:\EQMacEmu\common\../common/eq_packet_structs.h(2237,35): message : This member will be ignored by a defaulted constructor or copy/move assignment operator (compiling source file C:\EQMacEmu\loginserver\server_manager.cpp)
C:\EQMacEmu\common\../common/eq_packet_structs.h(2379,19): warning C4200: nonstandard extension used: zero-sized array in struct/union (compiling source file C:\EQMacEmu\loginserver\server_manager.cpp)
C:\EQMacEmu\common\../common/eq_packet_structs.h(2379,19): message : This member will be ignored by a defaulted constructor or copy/move assignment operator (compiling source file C:\EQMacEmu\loginserver\server_manager.cpp)
C:\EQMacEmu\loginserver\../common/servertalk.h(288,8): warning C4200: nonstandard extension used: zero-sized array in struct/union (compiling source file C:\EQMacEmu\loginserver\server_manager.cpp)
C:\EQMacEmu\loginserver\../common/servertalk.h(288,8): message : This member will be ignored by a defaulted constructor or copy/move assignment operator (compiling source file C:\EQMacEmu\loginserver\server_manager.cpp)
C:\EQMacEmu\loginserver\../common/servertalk.h(349,7): warning C4200: nonstandard extension used: zero-sized array in struct/union (compiling source file C:\EQMacEmu\loginserver\server_manager.cpp)
C:\EQMacEmu\loginserver\../common/servertalk.h(349,7): message : This member will be ignored by a defaulted constructor or copy/move assignment operator (compiling source file C:\EQMacEmu\loginserver\server_manager.cpp)
C:\EQMacEmu\loginserver\../common/servertalk.h(357,7): warning C4200: nonstandard extension used: zero-sized array in struct/union (compiling source file C:\EQMacEmu\loginserver\server_manager.cpp)
C:\EQMacEmu\loginserver\../common/servertalk.h(357,7): message : This member will be ignored by a defaulted constructor or copy/move assignment operator (compiling source file C:\EQMacEmu\loginserver\server_manager.cpp)
C:\EQMacEmu\loginserver\../common/servertalk.h(395,9): warning C4200: nonstandard extension used: zero-sized array in struct/union (compiling source file C:\EQMacEmu\loginserver\server_manager.cpp)
C:\EQMacEmu\loginserver\../common/servertalk.h(395,9): message : This member will be ignored by a defaulted constructor or copy/move assignment operator (compiling source file C:\EQMacEmu\loginserver\server_manager.cpp)
C:\EQMacEmu\loginserver\../common/servertalk.h(527,7): warning C4200: nonstandard extension used: zero-sized array in struct/union (compiling source file C:\EQMacEmu\loginserver\server_manager.cpp)
C:\EQMacEmu\loginserver\../common/servertalk.h(527,7): message : This member will be ignored by a defaulted constructor or copy/move assignment operator (compiling source file C:\EQMacEmu\loginserver\server_manager.cpp)
C:\EQMacEmu\loginserver\../common/servertalk.h(550,7): warning C4200: nonstandard extension used: zero-sized array in struct/union (compiling source file C:\EQMacEmu\loginserver\server_manager.cpp)
C:\EQMacEmu\loginserver\../common/servertalk.h(550,7): message : This member will be ignored by a defaulted constructor or copy/move assignment operator (compiling source file C:\EQMacEmu\loginserver\server_manager.cpp)
C:\EQMacEmu\loginserver\../common/servertalk.h(615,8): warning C4200: nonstandard extension used: zero-sized array in struct/union (compiling source file C:\EQMacEmu\loginserver\server_manager.cpp)
C:\EQMacEmu\loginserver\../common/servertalk.h(615,8): message : This member will be ignored by a defaulted constructor or copy/move assignment operator (compiling source file C:\EQMacEmu\loginserver\server_manager.cpp)
C:\EQMacEmu\loginserver\../common/servertalk.h(677,7): warning C4200: nonstandard extension used: zero-sized array in struct/union (compiling source file C:\EQMacEmu\loginserver\server_manager.cpp)
C:\EQMacEmu\loginserver\../common/servertalk.h(677,7): message : This member will be ignored by a defaulted constructor or copy/move assignment operator (compiling source file C:\EQMacEmu\loginserver\server_manager.cpp)
C:\EQMacEmu\loginserver\../common/servertalk.h(736,7): warning C4200: nonstandard extension used: zero-sized array in struct/union (compiling source file C:\EQMacEmu\loginserver\server_manager.cpp)
C:\EQMacEmu\loginserver\../common/servertalk.h(736,7): message : This member will be ignored by a defaulted constructor or copy/move assignment operator (compiling source file C:\EQMacEmu\loginserver\server_manager.cpp)
C:\EQMacEmu\loginserver\../common/servertalk.h(878,7): warning C4200: nonstandard extension used: zero-sized array in struct/union (compiling source file C:\EQMacEmu\loginserver\server_manager.cpp)
C:\EQMacEmu\loginserver\../common/servertalk.h(878,7): message : This member will be ignored by a defaulted constructor or copy/move assignment operator (compiling source file C:\EQMacEmu\loginserver\server_manager.cpp)
C:\EQMacEmu\loginserver\../common/servertalk.h(934,7): warning C4200: nonstandard extension used: zero-sized array in struct/union (compiling source file C:\EQMacEmu\loginserver\server_manager.cpp)
C:\EQMacEmu\loginserver\../common/servertalk.h(934,7): message : This member will be ignored by a defaulted constructor or copy/move assignment operator (compiling source file C:\EQMacEmu\loginserver\server_manager.cpp)
C:\EQMacEmu\loginserver\../common/servertalk.h(943,7): warning C4200: nonstandard extension used: zero-sized array in struct/union (compiling source file C:\EQMacEmu\loginserver\server_manager.cpp)
C:\EQMacEmu\loginserver\../common/servertalk.h(943,7): message : This member will be ignored by a defaulted constructor or copy/move assignment operator (compiling source file C:\EQMacEmu\loginserver\server_manager.cpp)
C:\EQMacEmu\loginserver\../common/servertalk.h(954,7): warning C4200: nonstandard extension used: zero-sized array in struct/union (compiling source file C:\EQMacEmu\loginserver\server_manager.cpp)
C:\EQMacEmu\loginserver\../common/servertalk.h(954,7): message : This member will be ignored by a defaulted constructor or copy/move assignment operator (compiling source file C:\EQMacEmu\loginserver\server_manager.cpp)
C:\EQMacEmu\loginserver\../common/servertalk.h(990,36): warning C4200: nonstandard extension used: zero-sized array in struct/union (compiling source file C:\EQMacEmu\loginserver\server_manager.cpp)
C:\EQMacEmu\loginserver\../common/servertalk.h(990,36): message : This member will be ignored by a defaulted constructor or copy/move assignment operator (compiling source file C:\EQMacEmu\loginserver\server_manager.cpp)
C:\EQMacEmu\loginserver\../common/servertalk.h(1023,21): warning C4200: nonstandard extension used: zero-sized array in struct/union (compiling source file C:\EQMacEmu\loginserver\server_manager.cpp)
C:\EQMacEmu\loginserver\../common/servertalk.h(1023,21): message : This member will be ignored by a defaulted constructor or copy/move assignment operator (compiling source file C:\EQMacEmu\loginserver\server_manager.cpp)
C:\EQMacEmu\loginserver\../common/servertalk.h(1098,7): warning C4200: nonstandard extension used: zero-sized array in struct/union (compiling source file C:\EQMacEmu\loginserver\server_manager.cpp)
C:\EQMacEmu\loginserver\../common/servertalk.h(1098,7): message : This member will be ignored by a defaulted constructor or copy/move assignment operator (compiling source file C:\EQMacEmu\loginserver\server_manager.cpp)
C:\EQMacEmu\loginserver\../common/servertalk.h(1109,7): warning C4200: nonstandard extension used: zero-sized array in struct/union (compiling source file C:\EQMacEmu\loginserver\server_manager.cpp)
C:\EQMacEmu\loginserver\../common/servertalk.h(1109,7): message : This member will be ignored by a defaulted constructor or copy/move assignment operator (compiling source file C:\EQMacEmu\loginserver\server_manager.cpp)
C:\EQMacEmu\loginserver\login_structures.h(27,8): warning C4200: nonstandard extension used: zero-sized array in struct/union (compiling source file C:\EQMacEmu\loginserver\server_manager.cpp)
C:\EQMacEmu\loginserver\login_structures.h(27,8): message : This member will be ignored by a defaulted constructor or copy/move assignment operator (compiling source file C:\EQMacEmu\loginserver\server_manager.cpp)
C:\EQMacEmu\loginserver\login_structures.h(34,8): warning C4200: nonstandard extension used: zero-sized array in struct/union (compiling source file C:\EQMacEmu\loginserver\server_manager.cpp)
C:\EQMacEmu\loginserver\login_structures.h(34,8): message : This member will be ignored by a defaulted constructor or copy/move assignment operator (compiling source file C:\EQMacEmu\loginserver\server_manager.cpp)
C:\EQMacEmu\loginserver\login_structures.h(72,8): warning C4200: nonstandard extension used: zero-sized array in struct/union (compiling source file C:\EQMacEmu\loginserver\server_manager.cpp)
C:\EQMacEmu\loginserver\login_structures.h(72,8): message : This member will be ignored by a defaulted constructor or copy/move assignment operator (compiling source file C:\EQMacEmu\loginserver\server_manager.cpp)
C:\EQMacEmu\loginserver\login_structures.h(77,7): warning C4200: nonstandard extension used: zero-sized array in struct/union (compiling source file C:\EQMacEmu\loginserver\server_manager.cpp)
C:\EQMacEmu\loginserver\login_structures.h(77,7): message : This member will be ignored by a defaulted constructor or copy/move assignment operator (compiling source file C:\EQMacEmu\loginserver\server_manager.cpp)
C:\EQMacEmu\loginserver\server_manager.cpp(59,3): warning C4996: 'inet_ntoa': Use inet_ntop() or InetNtop() instead or define _WINSOCK_DEPRECATED_NO_WARNINGS to disable deprecated API warnings
C:\EQMacEmu\loginserver\server_manager.cpp(63,4): warning C4996: 'inet_ntoa': Use inet_ntop() or InetNtop() instead or define _WINSOCK_DEPRECATED_NO_WARNINGS to disable deprecated API warnings
C:\EQMacEmu\loginserver\server_manager.cpp(142,114): warning C4267: '+=': conversion from 'size_t' to 'unsigned int', possible loss of data
C:\EQMacEmu\loginserver\server_manager.cpp(146,114): warning C4267: '+=': conversion from 'size_t' to 'unsigned int', possible loss of data
C:\EQMacEmu\loginserver\server_manager.cpp(150,115): warning C4267: '+=': conversion from 'size_t' to 'unsigned int', possible loss of data
C:\EQMacEmu\loginserver\server_manager.cpp(125,21): warning C4996: 'inet_ntoa': Use inet_ntop() or InetNtop() instead or define _WINSOCK_DEPRECATED_NO_WARNINGS to disable deprecated API warnings
C:\EQMacEmu\loginserver\server_manager.cpp(136,21): warning C4996: 'inet_ntoa': Use inet_ntop() or InetNtop() instead or define _WINSOCK_DEPRECATED_NO_WARNINGS to disable deprecated API warnings
C:\EQMacEmu\loginserver\server_manager.cpp(185,21): warning C4996: 'inet_ntoa': Use inet_ntop() or InetNtop() instead or define _WINSOCK_DEPRECATED_NO_WARNINGS to disable deprecated API warnings
C:\EQMacEmu\loginserver\client.cpp(173,74): warning C4267: 'argument': conversion from 'size_t' to 'const uint32', possible loss of data
C:\EQMacEmu\loginserver\client.cpp(189,55): warning C4996: 'inet_ntoa': Use inet_ntop() or InetNtop() instead or define _WINSOCK_DEPRECATED_NO_WARNINGS to disable deprecated API warnings
C:\EQMacEmu\loginserver\client.cpp(239,55): warning C4996: 'inet_ntoa': Use inet_ntop() or InetNtop() instead or define _WINSOCK_DEPRECATED_NO_WARNINGS to disable deprecated API warnings
C:\EQMacEmu\loginserver\client.cpp(331,56): warning C4996: 'inet_ntoa': Use inet_ntop() or InetNtop() instead or define _WINSOCK_DEPRECATED_NO_WARNINGS to disable deprecated API warnings
C:\EQMacEmu\loginserver\client.cpp(375,76): warning C4267: 'argument': conversion from 'size_t' to 'const uint32', possible loss of data
C:\EQMacEmu\loginserver\client.cpp(429,45): warning C4267: 'initializing': conversion from 'size_t' to 'uint32', possible loss of data
C:\EQMacEmu\loginserver\../common/emu_tcp_connection.h(23,9): warning C4200: nonstandard extension used: zero-sized array in struct/union (compiling source file C:\EQMacEmu\loginserver\world_server.cpp)
C:\EQMacEmu\loginserver\../common/emu_tcp_connection.h(23,9): message : This member will be ignored by a defaulted constructor or copy/move assignment operator (compiling source file C:\EQMacEmu\loginserver\world_server.cpp)
C:\EQMacEmu\common\../common/eq_packet_structs.h(386,7): warning C4200: nonstandard extension used: zero-sized array in struct/union (compiling source file C:\EQMacEmu\loginserver\world_server.cpp)
C:\EQMacEmu\common\../common/eq_packet_structs.h(386,7): message : This member will be ignored by a defaulted constructor or copy/move assignment operator (compiling source file C:\EQMacEmu\loginserver\world_server.cpp)
C:\EQMacEmu\common\../common/eq_packet_structs.h(841,15): warning C4200: nonstandard extension used: zero-sized array in struct/union (compiling source file C:\EQMacEmu\loginserver\world_server.cpp)
C:\EQMacEmu\common\../common/eq_packet_structs.h(841,15): message : This member will be ignored by a defaulted constructor or copy/move assignment operator (compiling source file C:\EQMacEmu\loginserver\world_server.cpp)
C:\EQMacEmu\common\../common/eq_packet_structs.h(1058,7): warning C4200: nonstandard extension used: zero-sized array in struct/union (compiling source file C:\EQMacEmu\loginserver\world_server.cpp)
C:\EQMacEmu\common\../common/eq_packet_structs.h(1058,7): message : This member will be ignored by a defaulted constructor or copy/move assignment operator (compiling source file C:\EQMacEmu\loginserver\world_server.cpp)
C:\EQMacEmu\common\../common/eq_packet_structs.h(1151,15): warning C4200: nonstandard extension used: zero-sized array in struct/union (compiling source file C:\EQMacEmu\loginserver\world_server.cpp)
C:\EQMacEmu\common\../common/eq_packet_structs.h(1151,15): message : This member will be ignored by a defaulted constructor or copy/move assignment operator (compiling source file C:\EQMacEmu\loginserver\world_server.cpp)
C:\EQMacEmu\common\../common/eq_packet_structs.h(1477,33): warning C4200: nonstandard extension used: zero-sized array in struct/union (compiling source file C:\EQMacEmu\loginserver\world_server.cpp)
C:\EQMacEmu\common\../common/eq_packet_structs.h(1477,33): message : This member will be ignored by a defaulted constructor or copy/move assignment operator (compiling source file C:\EQMacEmu\loginserver\world_server.cpp)
C:\EQMacEmu\common\../common/eq_packet_structs.h(1813,21): warning C4200: nonstandard extension used: zero-sized array in struct/union (compiling source file C:\EQMacEmu\loginserver\world_server.cpp)
C:\EQMacEmu\common\../common/eq_packet_structs.h(1813,21): message : This member will be ignored by a defaulted constructor or copy/move assignment operator (compiling source file C:\EQMacEmu\loginserver\world_server.cpp)
C:\EQMacEmu\common\../common/eq_packet_structs.h(2157,21): warning C4200: nonstandard extension used: zero-sized array in struct/union (compiling source file C:\EQMacEmu\loginserver\world_server.cpp)
C:\EQMacEmu\common\../common/eq_packet_structs.h(2157,21): message : This member will be ignored by a defaulted constructor or copy/move assignment operator (compiling source file C:\EQMacEmu\loginserver\world_server.cpp)
C:\EQMacEmu\common\../common/eq_packet_structs.h(2213,7): warning C4200: nonstandard extension used: zero-sized array in struct/union (compiling source file C:\EQMacEmu\loginserver\world_server.cpp)
C:\EQMacEmu\common\../common/eq_packet_structs.h(2213,7): message : This member will be ignored by a defaulted constructor or copy/move assignment operator (compiling source file C:\EQMacEmu\loginserver\world_server.cpp)
C:\EQMacEmu\common\../common/eq_packet_structs.h(2237,35): warning C4200: nonstandard extension used: zero-sized array in struct/union (compiling source file C:\EQMacEmu\loginserver\world_server.cpp)
C:\EQMacEmu\common\../common/eq_packet_structs.h(2237,35): message : This member will be ignored by a defaulted constructor or copy/move assignment operator (compiling source file C:\EQMacEmu\loginserver\world_server.cpp)
C:\EQMacEmu\common\../common/eq_packet_structs.h(2379,19): warning C4200: nonstandard extension used: zero-sized array in struct/union (compiling source file C:\EQMacEmu\loginserver\world_server.cpp)
C:\EQMacEmu\common\../common/eq_packet_structs.h(2379,19): message : This member will be ignored by a defaulted constructor or copy/move assignment operator (compiling source file C:\EQMacEmu\loginserver\world_server.cpp)
C:\EQMacEmu\loginserver\../common/servertalk.h(288,8): warning C4200: nonstandard extension used: zero-sized array in struct/union (compiling source file C:\EQMacEmu\loginserver\world_server.cpp)
C:\EQMacEmu\loginserver\../common/servertalk.h(288,8): message : This member will be ignored by a defaulted constructor or copy/move assignment operator (compiling source file C:\EQMacEmu\loginserver\world_server.cpp)
C:\EQMacEmu\loginserver\../common/servertalk.h(349,7): warning C4200: nonstandard extension used: zero-sized array in struct/union (compiling source file C:\EQMacEmu\loginserver\world_server.cpp)
C:\EQMacEmu\loginserver\../common/servertalk.h(349,7): message : This member will be ignored by a defaulted constructor or copy/move assignment operator (compiling source file C:\EQMacEmu\loginserver\world_server.cpp)
C:\EQMacEmu\loginserver\../common/servertalk.h(357,7): warning C4200: nonstandard extension used: zero-sized array in struct/union (compiling source file C:\EQMacEmu\loginserver\world_server.cpp)
C:\EQMacEmu\loginserver\../common/servertalk.h(357,7): message : This member will be ignored by a defaulted constructor or copy/move assignment operator (compiling source file C:\EQMacEmu\loginserver\world_server.cpp)
C:\EQMacEmu\loginserver\../common/servertalk.h(395,9): warning C4200: nonstandard extension used: zero-sized array in struct/union (compiling source file C:\EQMacEmu\loginserver\world_server.cpp)
C:\EQMacEmu\loginserver\../common/servertalk.h(395,9): message : This member will be ignored by a defaulted constructor or copy/move assignment operator (compiling source file C:\EQMacEmu\loginserver\world_server.cpp)
C:\EQMacEmu\loginserver\../common/servertalk.h(527,7): warning C4200: nonstandard extension used: zero-sized array in struct/union (compiling source file C:\EQMacEmu\loginserver\world_server.cpp)
C:\EQMacEmu\loginserver\../common/servertalk.h(527,7): message : This member will be ignored by a defaulted constructor or copy/move assignment operator (compiling source file C:\EQMacEmu\loginserver\world_server.cpp)
C:\EQMacEmu\loginserver\../common/servertalk.h(550,7): warning C4200: nonstandard extension used: zero-sized array in struct/union (compiling source file C:\EQMacEmu\loginserver\world_server.cpp)
C:\EQMacEmu\loginserver\../common/servertalk.h(550,7): message : This member will be ignored by a defaulted constructor or copy/move assignment operator (compiling source file C:\EQMacEmu\loginserver\world_server.cpp)
C:\EQMacEmu\loginserver\../common/servertalk.h(615,8): warning C4200: nonstandard extension used: zero-sized array in struct/union (compiling source file C:\EQMacEmu\loginserver\world_server.cpp)
C:\EQMacEmu\loginserver\../common/servertalk.h(615,8): message : This member will be ignored by a defaulted constructor or copy/move assignment operator (compiling source file C:\EQMacEmu\loginserver\world_server.cpp)
C:\EQMacEmu\loginserver\../common/servertalk.h(677,7): warning C4200: nonstandard extension used: zero-sized array in struct/union (compiling source file C:\EQMacEmu\loginserver\world_server.cpp)
C:\EQMacEmu\loginserver\../common/servertalk.h(677,7): message : This member will be ignored by a defaulted constructor or copy/move assignment operator (compiling source file C:\EQMacEmu\loginserver\world_server.cpp)
C:\EQMacEmu\loginserver\../common/emu_tcp_connection.h(23,9): warning C4200: nonstandard extension used: zero-sized array in struct/union (compiling source file C:\EQMacEmu\loginserver\client_manager.cpp)
C:\EQMacEmu\loginserver\../common/emu_tcp_connection.h(23,9): message : This member will be ignored by a defaulted constructor or copy/move assignment operator (compiling source file C:\EQMacEmu\loginserver\client_manager.cpp)
C:\EQMacEmu\loginserver\../common/servertalk.h(736,7): warning C4200: nonstandard extension used: zero-sized array in struct/union (compiling source file C:\EQMacEmu\loginserver\world_server.cpp)
C:\EQMacEmu\loginserver\../common/servertalk.h(736,7): message : This member will be ignored by a defaulted constructor or copy/move assignment operator (compiling source file C:\EQMacEmu\loginserver\world_server.cpp)
C:\EQMacEmu\loginserver\../common/servertalk.h(878,7): warning C4200: nonstandard extension used: zero-sized array in struct/union (compiling source file C:\EQMacEmu\loginserver\world_server.cpp)
C:\EQMacEmu\loginserver\../common/servertalk.h(878,7): message : This member will be ignored by a defaulted constructor or copy/move assignment operator (compiling source file C:\EQMacEmu\loginserver\world_server.cpp)
C:\EQMacEmu\loginserver\../common/servertalk.h(934,7): warning C4200: nonstandard extension used: zero-sized array in struct/union (compiling source file C:\EQMacEmu\loginserver\world_server.cpp)
C:\EQMacEmu\loginserver\../common/servertalk.h(934,7): message : This member will be ignored by a defaulted constructor or copy/move assignment operator (compiling source file C:\EQMacEmu\loginserver\world_server.cpp)
C:\EQMacEmu\loginserver\../common/servertalk.h(943,7): warning C4200: nonstandard extension used: zero-sized array in struct/union (compiling source file C:\EQMacEmu\loginserver\world_server.cpp)
C:\EQMacEmu\loginserver\../common/servertalk.h(943,7): message : This member will be ignored by a defaulted constructor or copy/move assignment operator (compiling source file C:\EQMacEmu\loginserver\world_server.cpp)
C:\EQMacEmu\loginserver\../common/servertalk.h(954,7): warning C4200: nonstandard extension used: zero-sized array in struct/union (compiling source file C:\EQMacEmu\loginserver\world_server.cpp)
C:\EQMacEmu\loginserver\../common/servertalk.h(954,7): message : This member will be ignored by a defaulted constructor or copy/move assignment operator (compiling source file C:\EQMacEmu\loginserver\world_server.cpp)
C:\EQMacEmu\loginserver\../common/servertalk.h(990,36): warning C4200: nonstandard extension used: zero-sized array in struct/union (compiling source file C:\EQMacEmu\loginserver\world_server.cpp)
C:\EQMacEmu\loginserver\../common/servertalk.h(990,36): message : This member will be ignored by a defaulted constructor or copy/move assignment operator (compiling source file C:\EQMacEmu\loginserver\world_server.cpp)
C:\EQMacEmu\loginserver\../common/servertalk.h(1023,21): warning C4200: nonstandard extension used: zero-sized array in struct/union (compiling source file C:\EQMacEmu\loginserver\world_server.cpp)
C:\EQMacEmu\loginserver\../common/servertalk.h(1023,21): message : This member will be ignored by a defaulted constructor or copy/move assignment operator (compiling source file C:\EQMacEmu\loginserver\world_server.cpp)
C:\EQMacEmu\loginserver\../common/servertalk.h(1098,7): warning C4200: nonstandard extension used: zero-sized array in struct/union (compiling source file C:\EQMacEmu\loginserver\world_server.cpp)
C:\EQMacEmu\loginserver\../common/servertalk.h(1098,7): message : This member will be ignored by a defaulted constructor or copy/move assignment operator (compiling source file C:\EQMacEmu\loginserver\world_server.cpp)
C:\EQMacEmu\loginserver\../common/servertalk.h(1109,7): warning C4200: nonstandard extension used: zero-sized array in struct/union (compiling source file C:\EQMacEmu\loginserver\world_server.cpp)
C:\EQMacEmu\loginserver\../common/servertalk.h(1109,7): message : This member will be ignored by a defaulted constructor or copy/move assignment operator (compiling source file C:\EQMacEmu\loginserver\world_server.cpp)
C:\EQMacEmu\common\../common/eq_packet_structs.h(386,7): warning C4200: nonstandard extension used: zero-sized array in struct/union (compiling source file C:\EQMacEmu\loginserver\client_manager.cpp)
C:\EQMacEmu\common\../common/eq_packet_structs.h(386,7): message : This member will be ignored by a defaulted constructor or copy/move assignment operator (compiling source file C:\EQMacEmu\loginserver\client_manager.cpp)
C:\EQMacEmu\common\../common/eq_packet_structs.h(841,15): warning C4200: nonstandard extension used: zero-sized array in struct/union (compiling source file C:\EQMacEmu\loginserver\client_manager.cpp)
C:\EQMacEmu\common\../common/eq_packet_structs.h(841,15): message : This member will be ignored by a defaulted constructor or copy/move assignment operator (compiling source file C:\EQMacEmu\loginserver\client_manager.cpp)
C:\EQMacEmu\common\../common/eq_packet_structs.h(1058,7): warning C4200: nonstandard extension used: zero-sized array in struct/union (compiling source file C:\EQMacEmu\loginserver\client_manager.cpp)
C:\EQMacEmu\common\../common/eq_packet_structs.h(1058,7): message : This member will be ignored by a defaulted constructor or copy/move assignment operator (compiling source file C:\EQMacEmu\loginserver\client_manager.cpp)
C:\EQMacEmu\common\../common/eq_packet_structs.h(1151,15): warning C4200: nonstandard extension used: zero-sized array in struct/union (compiling source file C:\EQMacEmu\loginserver\client_manager.cpp)
C:\EQMacEmu\common\../common/eq_packet_structs.h(1151,15): message : This member will be ignored by a defaulted constructor or copy/move assignment operator (compiling source file C:\EQMacEmu\loginserver\client_manager.cpp)
C:\EQMacEmu\common\../common/eq_packet_structs.h(1477,33): warning C4200: nonstandard extension used: zero-sized array in struct/union (compiling source file C:\EQMacEmu\loginserver\client_manager.cpp)
C:\EQMacEmu\common\../common/eq_packet_structs.h(1477,33): message : This member will be ignored by a defaulted constructor or copy/move assignment operator (compiling source file C:\EQMacEmu\loginserver\client_manager.cpp)
C:\EQMacEmu\common\../common/eq_packet_structs.h(1813,21): warning C4200: nonstandard extension used: zero-sized array in struct/union (compiling source file C:\EQMacEmu\loginserver\client_manager.cpp)
C:\EQMacEmu\common\../common/eq_packet_structs.h(1813,21): message : This member will be ignored by a defaulted constructor or copy/move assignment operator (compiling source file C:\EQMacEmu\loginserver\client_manager.cpp)
C:\EQMacEmu\common\../common/eq_packet_structs.h(2157,21): warning C4200: nonstandard extension used: zero-sized array in struct/union (compiling source file C:\EQMacEmu\loginserver\client_manager.cpp)
C:\EQMacEmu\common\../common/eq_packet_structs.h(2157,21): message : This member will be ignored by a defaulted constructor or copy/move assignment operator (compiling source file C:\EQMacEmu\loginserver\client_manager.cpp)
C:\EQMacEmu\common\../common/eq_packet_structs.h(2213,7): warning C4200: nonstandard extension used: zero-sized array in struct/union (compiling source file C:\EQMacEmu\loginserver\client_manager.cpp)
C:\EQMacEmu\common\../common/eq_packet_structs.h(2213,7): message : This member will be ignored by a defaulted constructor or copy/move assignment operator (compiling source file C:\EQMacEmu\loginserver\client_manager.cpp)
C:\EQMacEmu\common\../common/eq_packet_structs.h(2237,35): warning C4200: nonstandard extension used: zero-sized array in struct/union (compiling source file C:\EQMacEmu\loginserver\client_manager.cpp)
C:\EQMacEmu\common\../common/eq_packet_structs.h(2237,35): message : This member will be ignored by a defaulted constructor or copy/move assignment operator (compiling source file C:\EQMacEmu\loginserver\client_manager.cpp)
C:\EQMacEmu\common\../common/eq_packet_structs.h(2379,19): warning C4200: nonstandard extension used: zero-sized array in struct/union (compiling source file C:\EQMacEmu\loginserver\client_manager.cpp)
C:\EQMacEmu\common\../common/eq_packet_structs.h(2379,19): message : This member will be ignored by a defaulted constructor or copy/move assignment operator (compiling source file C:\EQMacEmu\loginserver\client_manager.cpp)
C:\EQMacEmu\loginserver\../common/servertalk.h(288,8): warning C4200: nonstandard extension used: zero-sized array in struct/union (compiling source file C:\EQMacEmu\loginserver\client_manager.cpp)
C:\EQMacEmu\loginserver\../common/servertalk.h(288,8): message : This member will be ignored by a defaulted constructor or copy/move assignment operator (compiling source file C:\EQMacEmu\loginserver\client_manager.cpp)
C:\EQMacEmu\loginserver\../common/servertalk.h(349,7): warning C4200: nonstandard extension used: zero-sized array in struct/union (compiling source file C:\EQMacEmu\loginserver\client_manager.cpp)
C:\EQMacEmu\loginserver\../common/servertalk.h(349,7): message : This member will be ignored by a defaulted constructor or copy/move assignment operator (compiling source file C:\EQMacEmu\loginserver\client_manager.cpp)
C:\EQMacEmu\loginserver\../common/servertalk.h(357,7): warning C4200: nonstandard extension used: zero-sized array in struct/union (compiling source file C:\EQMacEmu\loginserver\client_manager.cpp)
C:\EQMacEmu\loginserver\../common/servertalk.h(357,7): message : This member will be ignored by a defaulted constructor or copy/move assignment operator (compiling source file C:\EQMacEmu\loginserver\client_manager.cpp)
C:\EQMacEmu\loginserver\../common/servertalk.h(395,9): warning C4200: nonstandard extension used: zero-sized array in struct/union (compiling source file C:\EQMacEmu\loginserver\client_manager.cpp)
C:\EQMacEmu\loginserver\../common/servertalk.h(395,9): message : This member will be ignored by a defaulted constructor or copy/move assignment operator (compiling source file C:\EQMacEmu\loginserver\client_manager.cpp)
C:\EQMacEmu\loginserver\../common/servertalk.h(527,7): warning C4200: nonstandard extension used: zero-sized array in struct/union (compiling source file C:\EQMacEmu\loginserver\client_manager.cpp)
C:\EQMacEmu\loginserver\../common/servertalk.h(527,7): message : This member will be ignored by a defaulted constructor or copy/move assignment operator (compiling source file C:\EQMacEmu\loginserver\client_manager.cpp)
C:\EQMacEmu\loginserver\../common/servertalk.h(550,7): warning C4200: nonstandard extension used: zero-sized array in struct/union (compiling source file C:\EQMacEmu\loginserver\client_manager.cpp)
C:\EQMacEmu\loginserver\../common/servertalk.h(550,7): message : This member will be ignored by a defaulted constructor or copy/move assignment operator (compiling source file C:\EQMacEmu\loginserver\client_manager.cpp)
C:\EQMacEmu\loginserver\../common/servertalk.h(615,8): warning C4200: nonstandard extension used: zero-sized array in struct/union (compiling source file C:\EQMacEmu\loginserver\client_manager.cpp)
C:\EQMacEmu\loginserver\../common/servertalk.h(615,8): message : This member will be ignored by a defaulted constructor or copy/move assignment operator (compiling source file C:\EQMacEmu\loginserver\client_manager.cpp)
C:\EQMacEmu\loginserver\../common/servertalk.h(677,7): warning C4200: nonstandard extension used: zero-sized array in struct/union (compiling source file C:\EQMacEmu\loginserver\client_manager.cpp)
C:\EQMacEmu\loginserver\../common/servertalk.h(677,7): message : This member will be ignored by a defaulted constructor or copy/move assignment operator (compiling source file C:\EQMacEmu\loginserver\client_manager.cpp)
C:\EQMacEmu\loginserver\../common/servertalk.h(736,7): warning C4200: nonstandard extension used: zero-sized array in struct/union (compiling source file C:\EQMacEmu\loginserver\client_manager.cpp)
C:\EQMacEmu\loginserver\../common/servertalk.h(736,7): message : This member will be ignored by a defaulted constructor or copy/move assignment operator (compiling source file C:\EQMacEmu\loginserver\client_manager.cpp)
C:\EQMacEmu\loginserver\../common/servertalk.h(878,7): warning C4200: nonstandard extension used: zero-sized array in struct/union (compiling source file C:\EQMacEmu\loginserver\client_manager.cpp)
C:\EQMacEmu\loginserver\../common/servertalk.h(878,7): message : This member will be ignored by a defaulted constructor or copy/move assignment operator (compiling source file C:\EQMacEmu\loginserver\client_manager.cpp)
C:\EQMacEmu\loginserver\../common/servertalk.h(934,7): warning C4200: nonstandard extension used: zero-sized array in struct/union (compiling source file C:\EQMacEmu\loginserver\client_manager.cpp)
C:\EQMacEmu\loginserver\../common/servertalk.h(934,7): message : This member will be ignored by a defaulted constructor or copy/move assignment operator (compiling source file C:\EQMacEmu\loginserver\client_manager.cpp)
C:\EQMacEmu\loginserver\../common/servertalk.h(943,7): warning C4200: nonstandard extension used: zero-sized array in struct/union (compiling source file C:\EQMacEmu\loginserver\client_manager.cpp)
C:\EQMacEmu\loginserver\../common/servertalk.h(943,7): message : This member will be ignored by a defaulted constructor or copy/move assignment operator (compiling source file C:\EQMacEmu\loginserver\client_manager.cpp)
C:\EQMacEmu\loginserver\../common/servertalk.h(954,7): warning C4200: nonstandard extension used: zero-sized array in struct/union (compiling source file C:\EQMacEmu\loginserver\client_manager.cpp)
C:\EQMacEmu\loginserver\../common/servertalk.h(954,7): message : This member will be ignored by a defaulted constructor or copy/move assignment operator (compiling source file C:\EQMacEmu\loginserver\client_manager.cpp)
C:\EQMacEmu\loginserver\../common/servertalk.h(990,36): warning C4200: nonstandard extension used: zero-sized array in struct/union (compiling source file C:\EQMacEmu\loginserver\client_manager.cpp)
C:\EQMacEmu\loginserver\../common/servertalk.h(990,36): message : This member will be ignored by a defaulted constructor or copy/move assignment operator (compiling source file C:\EQMacEmu\loginserver\client_manager.cpp)
C:\EQMacEmu\loginserver\../common/servertalk.h(1023,21): warning C4200: nonstandard extension used: zero-sized array in struct/union (compiling source file C:\EQMacEmu\loginserver\client_manager.cpp)
C:\EQMacEmu\loginserver\../common/servertalk.h(1023,21): message : This member will be ignored by a defaulted constructor or copy/move assignment operator (compiling source file C:\EQMacEmu\loginserver\client_manager.cpp)
C:\EQMacEmu\loginserver\../common/servertalk.h(1098,7): warning C4200: nonstandard extension used: zero-sized array in struct/union (compiling source file C:\EQMacEmu\loginserver\client_manager.cpp)
C:\EQMacEmu\loginserver\../common/servertalk.h(1098,7): message : This member will be ignored by a defaulted constructor or copy/move assignment operator (compiling source file C:\EQMacEmu\loginserver\client_manager.cpp)
C:\EQMacEmu\loginserver\../common/servertalk.h(1109,7): warning C4200: nonstandard extension used: zero-sized array in struct/union (compiling source file C:\EQMacEmu\loginserver\client_manager.cpp)
C:\EQMacEmu\loginserver\../common/servertalk.h(1109,7): message : This member will be ignored by a defaulted constructor or copy/move assignment operator (compiling source file C:\EQMacEmu\loginserver\client_manager.cpp)
C:\EQMacEmu\loginserver\login_structures.h(27,8): warning C4200: nonstandard extension used: zero-sized array in struct/union (compiling source file C:\EQMacEmu\loginserver\world_server.cpp)
C:\EQMacEmu\loginserver\login_structures.h(27,8): message : This member will be ignored by a defaulted constructor or copy/move assignment operator (compiling source file C:\EQMacEmu\loginserver\world_server.cpp)
C:\EQMacEmu\loginserver\login_structures.h(34,8): warning C4200: nonstandard extension used: zero-sized array in struct/union (compiling source file C:\EQMacEmu\loginserver\world_server.cpp)
C:\EQMacEmu\loginserver\login_structures.h(34,8): message : This member will be ignored by a defaulted constructor or copy/move assignment operator (compiling source file C:\EQMacEmu\loginserver\world_server.cpp)
C:\EQMacEmu\loginserver\login_structures.h(72,8): warning C4200: nonstandard extension used: zero-sized array in struct/union (compiling source file C:\EQMacEmu\loginserver\world_server.cpp)
C:\EQMacEmu\loginserver\login_structures.h(72,8): message : This member will be ignored by a defaulted constructor or copy/move assignment operator (compiling source file C:\EQMacEmu\loginserver\world_server.cpp)
C:\EQMacEmu\loginserver\login_structures.h(77,7): warning C4200: nonstandard extension used: zero-sized array in struct/union (compiling source file C:\EQMacEmu\loginserver\world_server.cpp)
C:\EQMacEmu\loginserver\login_structures.h(77,7): message : This member will be ignored by a defaulted constructor or copy/move assignment operator (compiling source file C:\EQMacEmu\loginserver\world_server.cpp)
C:\EQMacEmu\loginserver\client_manager.cpp(71,4): warning C4996: 'inet_ntoa': Use inet_ntop() or InetNtop() instead or define _WINSOCK_DEPRECATED_NO_WARNINGS to disable deprecated API warnings
C:\EQMacEmu\loginserver\world_server.cpp(338,16): warning C4996: 'inet_ntoa': Use inet_ntop() or InetNtop() instead or define _WINSOCK_DEPRECATED_NO_WARNINGS to disable deprecated API warnings
C:\EQMacEmu\loginserver\world_server.cpp(350,15): warning C4996: 'inet_ntoa': Use inet_ntop() or InetNtop() instead or define _WINSOCK_DEPRECATED_NO_WARNINGS to disable deprecated API warnings
C:\EQMacEmu\loginserver\world_server.cpp(523,71): warning C4996: 'inet_ntoa': Use inet_ntop() or InetNtop() instead or define _WINSOCK_DEPRECATED_NO_WARNINGS to disable deprecated API warnings
C:\EQMacEmu\loginserver\world_server.cpp(553,24): warning C4996: 'inet_ntoa': Use inet_ntop() or InetNtop() instead or define _WINSOCK_DEPRECATED_NO_WARNINGS to disable deprecated API warnings
C:\EQMacEmu\loginserver\world_server.cpp(555,23): warning C4996: 'inet_ntoa': Use inet_ntop() or InetNtop() instead or define _WINSOCK_DEPRECATED_NO_WARNINGS to disable deprecated API warnings
  loginserver.vcxproj -> C:\EQMacEmu\Build\bin\RelWithDebInfo\loginserver.exe
