c:\eqmacemu\build\libs\zlibng\debug\zlib-ngd.pdb
c:\eqmacemu\build\libs\zlibng\zlibstatic.dir\debug\zutil.obj
c:\eqmacemu\build\libs\zlibng\zlibstatic.dir\debug\uncompr.obj
c:\eqmacemu\build\libs\zlibng\zlibstatic.dir\debug\trees.obj
c:\eqmacemu\build\libs\zlibng\zlibstatic.dir\debug\insert_string.obj
c:\eqmacemu\build\libs\zlibng\zlibstatic.dir\debug\inftrees.obj
c:\eqmacemu\build\libs\zlibng\zlibstatic.dir\debug\inflate.obj
c:\eqmacemu\build\libs\zlibng\zlibstatic.dir\debug\inffast.obj
c:\eqmacemu\build\libs\zlibng\zlibstatic.dir\debug\infback.obj
c:\eqmacemu\build\libs\zlibng\zlibstatic.dir\debug\functable.obj
c:\eqmacemu\build\libs\zlibng\zlibstatic.dir\debug\deflate_slow.obj
c:\eqmacemu\build\libs\zlibng\zlibstatic.dir\debug\deflate_quick.obj
c:\eqmacemu\build\libs\zlibng\zlibstatic.dir\debug\deflate_medium.obj
c:\eqmacemu\build\libs\zlibng\zlibstatic.dir\debug\deflate_fast.obj
c:\eqmacemu\build\libs\zlibng\zlibstatic.dir\debug\deflate.obj
c:\eqmacemu\build\libs\zlibng\zlibstatic.dir\debug\crc32_comb.obj
c:\eqmacemu\build\libs\zlibng\zlibstatic.dir\debug\crc32.obj
c:\eqmacemu\build\libs\zlibng\zlibstatic.dir\debug\compress.obj
c:\eqmacemu\build\libs\zlibng\zlibstatic.dir\debug\compare258.obj
c:\eqmacemu\build\libs\zlibng\zlibstatic.dir\debug\chunkset.obj
c:\eqmacemu\build\libs\zlibng\zlibstatic.dir\debug\adler32.obj
c:\eqmacemu\build\libs\zlibng\zlibstatic.dir\debug\gzwrite.obj
c:\eqmacemu\build\libs\zlibng\zlibstatic.dir\debug\gzread.obj
c:\eqmacemu\build\libs\zlibng\zlibstatic.dir\debug\gzlib.obj
c:\eqmacemu\build\libs\zlibng\zlibstatic.dir\debug\crc_folding.obj
c:\eqmacemu\build\libs\zlibng\zlibstatic.dir\debug\adler32_ssse3.obj
c:\eqmacemu\build\libs\zlibng\zlibstatic.dir\debug\slide_sse.obj
c:\eqmacemu\build\libs\zlibng\zlibstatic.dir\debug\chunkset_sse.obj
c:\eqmacemu\build\libs\zlibng\zlibstatic.dir\debug\compare258_sse.obj
c:\eqmacemu\build\libs\zlibng\zlibstatic.dir\debug\insert_string_sse.obj
c:\eqmacemu\build\libs\zlibng\zlibstatic.dir\debug\adler32_avx.obj
c:\eqmacemu\build\libs\zlibng\zlibstatic.dir\debug\compare258_avx.obj
c:\eqmacemu\build\libs\zlibng\zlibstatic.dir\debug\chunkset_avx.obj
c:\eqmacemu\build\libs\zlibng\zlibstatic.dir\debug\slide_avx.obj
c:\eqmacemu\build\libs\zlibng\zlibstatic.dir\debug\x86.obj
c:\eqmacemu\build\libs\zlibng\cmakefiles\generate.stamp
c:\eqmacemu\build\libs\zlibng\debug\zlib-ngd.lib
c:\eqmacemu\build\libs\zlibng\zlibstatic.dir\debug\zlib-ng1.res
c:\eqmacemu\build\libs\zlibng\zlibstatic.dir\debug\zlibstatic.tlog\cl.command.1.tlog
c:\eqmacemu\build\libs\zlibng\zlibstatic.dir\debug\zlibstatic.tlog\cl.read.1.tlog
c:\eqmacemu\build\libs\zlibng\zlibstatic.dir\debug\zlibstatic.tlog\cl.write.1.tlog
c:\eqmacemu\build\libs\zlibng\zlibstatic.dir\debug\zlibstatic.tlog\custombuild.command.1.tlog
c:\eqmacemu\build\libs\zlibng\zlibstatic.dir\debug\zlibstatic.tlog\custombuild.read.1.tlog
c:\eqmacemu\build\libs\zlibng\zlibstatic.dir\debug\zlibstatic.tlog\custombuild.write.1.tlog
c:\eqmacemu\build\libs\zlibng\zlibstatic.dir\debug\zlibstatic.tlog\lib-link-cvtres.read.1.tlog
c:\eqmacemu\build\libs\zlibng\zlibstatic.dir\debug\zlibstatic.tlog\lib-link-cvtres.write.1.tlog
c:\eqmacemu\build\libs\zlibng\zlibstatic.dir\debug\zlibstatic.tlog\lib.command.1.tlog
c:\eqmacemu\build\libs\zlibng\zlibstatic.dir\debug\zlibstatic.tlog\rc.command.1.tlog
c:\eqmacemu\build\libs\zlibng\zlibstatic.dir\debug\zlibstatic.tlog\rc.read.1.tlog
c:\eqmacemu\build\libs\zlibng\zlibstatic.dir\debug\zlibstatic.tlog\rc.write.1.tlog
