c:\eqmacemu\build\shared_memory\shared_memory.dir\debug\skill_caps.obj
c:\eqmacemu\build\shared_memory\shared_memory.dir\debug\base_data.obj
c:\eqmacemu\build\shared_memory\shared_memory.dir\debug\main.obj
c:\eqmacemu\build\shared_memory\shared_memory.dir\debug\loot.obj
c:\eqmacemu\build\shared_memory\shared_memory.dir\debug\npc_faction.obj
c:\eqmacemu\build\shared_memory\shared_memory.dir\debug\spells.obj
c:\eqmacemu\build\shared_memory\shared_memory.dir\debug\items.obj
c:\eqmacemu\build\shared_memory\shared_memory.dir\debug\vc142.pdb
c:\eqmacemu\build\shared_memory\cmakefiles\generate.stamp
c:\eqmacemu\build\shared_memory\shared_memory.dir\debug\shared_memory.ilk
c:\eqmacemu\build\bin\debug\shared_memory.exe
c:\eqmacemu\build\bin\debug\shared_memory.pdb
c:\eqmacemu\build\shared_memory\shared_memory.dir\debug\shared_memory.tlog\cl.1824.write.1.tlog
c:\eqmacemu\build\shared_memory\shared_memory.dir\debug\shared_memory.tlog\cl.command.1.tlog
c:\eqmacemu\build\shared_memory\shared_memory.dir\debug\shared_memory.tlog\cl.read.1.tlog
c:\eqmacemu\build\shared_memory\shared_memory.dir\debug\shared_memory.tlog\custombuild.command.1.tlog
c:\eqmacemu\build\shared_memory\shared_memory.dir\debug\shared_memory.tlog\custombuild.read.1.tlog
c:\eqmacemu\build\shared_memory\shared_memory.dir\debug\shared_memory.tlog\custombuild.write.1.tlog
c:\eqmacemu\build\shared_memory\shared_memory.dir\debug\shared_memory.tlog\link.command.1.tlog
c:\eqmacemu\build\shared_memory\shared_memory.dir\debug\shared_memory.tlog\link.read.1.tlog
c:\eqmacemu\build\shared_memory\shared_memory.dir\debug\shared_memory.tlog\link.write.1.tlog
