c:\eqmacemu\build\common\common.dir\debug\condition.obj
c:\eqmacemu\build\common\common.dir\debug\emu_constants.obj
c:\eqmacemu\build\common\common.dir\debug\emu_tcp_server.obj
c:\eqmacemu\build\common\common.dir\debug\eq_packet.obj
c:\eqmacemu\build\common\common.dir\debug\guild_base.obj
c:\eqmacemu\build\common\common.dir\debug\mutex.obj
c:\eqmacemu\build\common\common.dir\debug\proc_launcher.obj
c:\eqmacemu\build\common\common.dir\debug\skills.obj
c:\eqmacemu\build\common\common.dir\debug\struct_strategy.obj
c:\eqmacemu\build\common\common.dir\debug\patches.obj
c:\eqmacemu\build\common\common.dir\debug\parse.obj
c:\eqmacemu\build\common\common.dir\debug\crc16.obj
c:\eqmacemu\build\common\common.dir\debug\database.obj
c:\eqmacemu\build\common\common.dir\debug\eq_stream_ident.obj
c:\eqmacemu\build\common\common.dir\debug\file_util.obj
c:\eqmacemu\build\common\common.dir\debug\misc.obj
c:\eqmacemu\build\common\common.dir\debug\ptimer.obj
c:\eqmacemu\build\common\common.dir\debug\timeoutmgr.obj
c:\eqmacemu\build\common\common.dir\debug\xml_parser.obj
c:\eqmacemu\build\common\common.dir\debug\memfile.obj
c:\eqmacemu\build\common\common.dir\debug\tinyxmlparser.obj
c:\eqmacemu\build\common\common.dir\debug\classes.obj
c:\eqmacemu\build\common\common.dir\debug\emu_limits.obj
c:\eqmacemu\build\common\common.dir\debug\emu_opcodes.obj
c:\eqmacemu\build\common\common.dir\debug\eqemu_config.obj
c:\eqmacemu\build\common\common.dir\debug\extprofile.obj
c:\eqmacemu\build\common\common.dir\debug\item_data.obj
c:\eqmacemu\build\common\common.dir\debug\light_source.obj
c:\eqmacemu\build\common\common.dir\debug\memory_mapped_file.obj
c:\eqmacemu\build\common\common.dir\debug\opcodemgr.obj
c:\eqmacemu\build\common\common.dir\debug\tcp_connection.obj
c:\eqmacemu\build\common\common.dir\debug\jsoncpp.obj
c:\eqmacemu\build\common\common.dir\debug\tinystr.obj
c:\eqmacemu\build\common\common.dir\debug\base_packet.obj
c:\eqmacemu\build\common\common.dir\debug\emu_tcp_connection.obj
c:\eqmacemu\build\common\common.dir\debug\eq_limits.obj
c:\eqmacemu\build\common\common.dir\debug\eq_stream.obj
c:\eqmacemu\build\common\common.dir\debug\md5.obj
c:\eqmacemu\build\common\common.dir\debug\opcode_map.obj
c:\eqmacemu\build\common\common.dir\debug\races.obj
c:\eqmacemu\build\common\common.dir\debug\rulesys.obj
c:\eqmacemu\build\common\common.dir\debug\textures.obj
c:\eqmacemu\build\common\common.dir\debug\tcp_server.obj
c:\eqmacemu\build\common\common.dir\debug\process.obj
c:\eqmacemu\build\common\common.dir\debug\base64.obj
c:\eqmacemu\build\common\common.dir\debug\socket_include.obj
c:\eqmacemu\build\common\common.dir\debug\utility.obj
c:\eqmacemu\build\common\common.dir\debug\eqemu_command_handler.obj
c:\eqmacemu\build\common\common.dir\debug\eqdb.obj
c:\eqmacemu\build\common\common.dir\debug\eq_stream_proxy.obj
c:\eqmacemu\build\common\common.dir\debug\ipc_mutex.obj
c:\eqmacemu\build\common\common.dir\debug\json_config.obj
c:\eqmacemu\build\common\common.dir\debug\misc_functions.obj
c:\eqmacemu\build\common\common.dir\debug\packet_dump.obj
c:\eqmacemu\build\common\common.dir\debug\say_link.obj
c:\eqmacemu\build\common\common.dir\debug\unix.obj
c:\eqmacemu\build\common\common.dir\debug\worldconn.obj
c:\eqmacemu\build\common\common.dir\debug\tinyxml.obj
c:\eqmacemu\build\common\common.dir\debug\database_dump_service.obj
c:\eqmacemu\build\common\common.dir\debug\eqemu_exception.obj
c:\eqmacemu\build\common\common.dir\debug\eq_stream_factory.obj
c:\eqmacemu\build\common\common.dir\debug\fastmath.obj
c:\eqmacemu\build\common\common.dir\debug\inventory_profile.obj
c:\eqmacemu\build\common\common.dir\debug\mysql_request_row.obj
c:\eqmacemu\build\common\common.dir\debug\packet_functions.obj
c:\eqmacemu\build\common\common.dir\debug\spdat.obj
c:\eqmacemu\build\common\common.dir\debug\timer.obj
c:\eqmacemu\build\common\common.dir\debug\platform.obj
c:\eqmacemu\build\common\common.dir\debug\mac_limits.obj
c:\eqmacemu\build\common\common.dir\debug\tinyxmlerror.obj
c:\eqmacemu\build\common\common.dir\debug\crash.obj
c:\eqmacemu\build\common\common.dir\debug\emu_versions.obj
c:\eqmacemu\build\common\common.dir\debug\eqdb_res.obj
c:\eqmacemu\build\common\common.dir\debug\faction.obj
c:\eqmacemu\build\common\common.dir\debug\item_instance.obj
c:\eqmacemu\build\common\common.dir\debug\rdtsc.obj
c:\eqmacemu\build\common\common.dir\debug\sha1.obj
c:\eqmacemu\build\common\common.dir\debug\shareddb.obj
c:\eqmacemu\build\common\common.dir\debug\uuid.obj
c:\eqmacemu\build\common\common.dir\debug\file.obj
c:\eqmacemu\build\common\common.dir\debug\stackwalker.obj
c:\eqmacemu\build\common\common.dir\debug\crc32.obj
c:\eqmacemu\build\common\common.dir\debug\dbcore.obj
c:\eqmacemu\build\common\common.dir\debug\eqemu_logsys.obj
c:\eqmacemu\build\common\common.dir\debug\eqtime.obj
c:\eqmacemu\build\common\common.dir\debug\memory_buffer.obj
c:\eqmacemu\build\common\common.dir\debug\mysql_request_result.obj
c:\eqmacemu\build\common\common.dir\debug\packet_dump_file.obj
c:\eqmacemu\build\common\common.dir\debug\strings.obj
c:\eqmacemu\build\common\common.dir\debug\mac.obj
c:\eqmacemu\build\bin\debug\common.pdb
c:\eqmacemu\build\common\cmakefiles\generate.stamp
c:\eqmacemu\build\bin\debug\common.lib
c:\eqmacemu\build\common\common.dir\debug\common.tlog\cl.1276.write.1.tlog
c:\eqmacemu\build\common\common.dir\debug\common.tlog\cl.command.1.tlog
c:\eqmacemu\build\common\common.dir\debug\common.tlog\cl.read.1.tlog
c:\eqmacemu\build\common\common.dir\debug\common.tlog\custombuild.command.1.tlog
c:\eqmacemu\build\common\common.dir\debug\common.tlog\custombuild.read.1.tlog
c:\eqmacemu\build\common\common.dir\debug\common.tlog\custombuild.write.1.tlog
c:\eqmacemu\build\common\common.dir\debug\common.tlog\lib-link.read.1.tlog
c:\eqmacemu\build\common\common.dir\debug\common.tlog\lib-link.write.1.tlog
c:\eqmacemu\build\common\common.dir\debug\common.tlog\lib.command.1.tlog
