  Building Custom Rule C:/EQMacEmu/submodules/libuv/CMakeLists.txt
  CMake does not need to re-run because C:/EQMacEmu/Build/submodules/libuv/CMakeFiles/generate.stamp is up-to-date.
  fs-poll.c
C:\EQMacEmu\submodules\libuv\src\fs-poll.c(188,31): warning C4244: 'function': conversion from 'ssize_t' to 'int', possible loss of data
C:\EQMacEmu\submodules\libuv\src\fs-poll.c(191,38): warning C4244: '=': conversion from 'ssize_t' to 'int', possible loss of data
C:\EQMacEmu\submodules\libuv\src\win\winapi.h(4155,6): warning C4201: nonstandard extension used: nameless struct/union
C:\EQMacEmu\submodules\libuv\src\win\winapi.h(4163,4): warning C4201: nonstandard extension used: nameless struct/union
C:\EQMacEmu\submodules\libuv\src\fs-poll.c(250,37): warning C4100: 'loop': unreferenced formal parameter
  idna.c
C:\EQMacEmu\submodules\libuv\src\idna.c(33,14): warning C4245: 'return': conversion from 'int' to 'unsigned int', signed/unsigned mismatch
C:\EQMacEmu\submodules\libuv\src\idna.c(65,14): warning C4245: 'return': conversion from 'int' to 'unsigned int', signed/unsigned mismatch
C:\EQMacEmu\submodules\libuv\src\idna.c(69,14): warning C4245: 'return': conversion from 'int' to 'unsigned int', signed/unsigned mismatch
C:\EQMacEmu\submodules\libuv\src\idna.c(77,14): warning C4245: 'return': conversion from 'int' to 'unsigned int', signed/unsigned mismatch
C:\EQMacEmu\submodules\libuv\src\idna.c(80,14): warning C4245: 'return': conversion from 'int' to 'unsigned int', signed/unsigned mismatch
C:\EQMacEmu\submodules\libuv\src\idna.c(83,14): warning C4245: 'return': conversion from 'int' to 'unsigned int', signed/unsigned mismatch
C:\EQMacEmu\submodules\libuv\src\idna.c(147,18): warning C4244: '=': conversion from 'unsigned int' to 'char', possible loss of data
C:\EQMacEmu\submodules\libuv\src\idna.c(167,11): warning C4245: '=': conversion from 'int' to 'unsigned int', signed/unsigned mismatch
C:\EQMacEmu\submodules\libuv\src\idna.c(290,16): warning C4244: 'return': conversion from '__int64' to 'long', possible loss of data
  inet.c
C:\EQMacEmu\submodules\libuv\src\inet.c(164,20): warning C4244: '=': conversion from '__int64' to 'int', possible loss of data
C:\EQMacEmu\submodules\libuv\src\inet.c(197,15): warning C4244: '=': conversion from 'unsigned int' to 'unsigned char', possible loss of data
C:\EQMacEmu\submodules\libuv\src\inet.c(191,1): warning C4244: 'initializing': conversion from '__int64' to 'unsigned int', possible loss of data
C:\EQMacEmu\submodules\libuv\src\inet.c(287,1): warning C4244: 'initializing': conversion from '__int64' to 'const int', possible loss of data
  strscpy.c
  threadpool.c
C:\EQMacEmu\submodules\libuv\src\threadpool.c(49,44): warning C4100: 'w': unreferenced formal parameter
C:\EQMacEmu\submodules\libuv\src\threadpool.c(269,55): warning C4100: 'req': unreferenced formal parameter
C:\EQMacEmu\submodules\libuv\src\threadpool.c(299,11): warning C4459: declaration of 'wq' hides global declaration
C:\EQMacEmu\submodules\libuv\src\threadpool.c(41,14): message : see declaration of 'wq'
C:\EQMacEmu\submodules\libuv\src\threadpool.c(304,3): warning C4456: declaration of 'q' hides previous local declaration
C:\EQMacEmu\submodules\libuv\src\threadpool.c(298,10): message : see declaration of 'q'
  timer.c
  uv-common.c
C:\EQMacEmu\submodules\libuv\src\uv-common.c(47,1): warning C4232: nonstandard extension used: 'local_malloc': address of dllimport 'malloc' is not static, identity not guaranteed
C:\Program Files (x86)\Windows Kits\10\Include\10.0.19041.0\ucrt\corecrt_malloc.h(101): message : see declaration of 'malloc'
C:\EQMacEmu\submodules\libuv\src\uv-common.c(47,1): warning C4232: nonstandard extension used: 'local_realloc': address of dllimport 'realloc' is not static, identity not guaranteed
C:\Program Files (x86)\Windows Kits\10\Include\10.0.19041.0\ucrt\corecrt_malloc.h(126): message : see declaration of 'realloc'
C:\EQMacEmu\submodules\libuv\src\uv-common.c(47,1): warning C4232: nonstandard extension used: 'local_calloc': address of dllimport 'calloc' is not static, identity not guaranteed
C:\Program Files (x86)\Windows Kits\10\Include\10.0.19041.0\ucrt\corecrt_malloc.h(66): message : see declaration of 'calloc'
C:\EQMacEmu\submodules\libuv\src\uv-common.c(47,1): warning C4232: nonstandard extension used: 'local_free': address of dllimport 'free' is not static, identity not guaranteed
C:\Program Files (x86)\Windows Kits\10\Include\10.0.19041.0\ucrt\corecrt_malloc.h(89): message : see declaration of 'free'
C:\EQMacEmu\submodules\libuv\src\uv-common.c(125,16): warning C4245: 'return': conversion from 'int' to 'size_t', signed/unsigned mismatch
C:\EQMacEmu\submodules\libuv\src\uv-common.c(133,16): warning C4245: 'return': conversion from 'int' to 'size_t', signed/unsigned mismatch
C:\EQMacEmu\submodules\libuv\src\uv-common.c(212,30): warning C4244: 'function': conversion from 'int' to 'u_short', possible loss of data
C:\EQMacEmu\submodules\libuv\src\uv-common.c(224,31): warning C4244: 'function': conversion from 'int' to 'u_short', possible loss of data
C:\EQMacEmu\submodules\libuv\src\uv-common.c(382,3): warning C4456: declaration of 'q' hides previous local declaration
C:\EQMacEmu\submodules\libuv\src\uv-common.c(379,10): message : see declaration of 'q'
C:\EQMacEmu\submodules\libuv\src\uv-common.c(549,23): warning C4244: 'return': conversion from 'ssize_t' to 'int', possible loss of data
  uv-data-getter-setters.c
  version.c
  async.c
C:\EQMacEmu\submodules\libuv\src\win\winapi.h(4155,6): warning C4201: nonstandard extension used: nameless struct/union
C:\EQMacEmu\submodules\libuv\src\win\winapi.h(4163,4): warning C4201: nonstandard extension used: nameless struct/union
C:\EQMacEmu\submodules\libuv\src\win\async.c(31,34): warning C4100: 'loop': unreferenced formal parameter
  core.c
C:\EQMacEmu\submodules\libuv\src\win\winapi.h(4155,6): warning C4201: nonstandard extension used: nameless struct/union
C:\EQMacEmu\submodules\libuv\src\win\winapi.h(4163,4): warning C4201: nonstandard extension used: nameless struct/union
C:\EQMacEmu\submodules\libuv\src\win\core.c(50,62): warning C4100: 'message': unreferenced formal parameter
C:\EQMacEmu\submodules\libuv\src\win\core.c(76,15): warning C4100: 'reserved': unreferenced formal parameter
C:\EQMacEmu\submodules\libuv\src\win\core.c(75,65): warning C4100: 'line': unreferenced formal parameter
C:\EQMacEmu\submodules\libuv\src\win\core.c(75,46): warning C4100: 'file': unreferenced formal parameter
C:\EQMacEmu\submodules\libuv\src\win\core.c(75,20): warning C4100: 'function': unreferenced formal parameter
C:\EQMacEmu\submodules\libuv\src\win\core.c(74,62): warning C4100: 'expression': unreferenced formal parameter
C:\EQMacEmu\submodules\libuv\src\win\core.c(349,72): warning C4100: 'ap': unreferenced formal parameter
C:\EQMacEmu\submodules\libuv\src\win\core.c(349,56): warning C4100: 'option': unreferenced formal parameter
C:\EQMacEmu\submodules\libuv\src\win\core.c(349,35): warning C4100: 'loop': unreferenced formal parameter
C:\EQMacEmu\submodules\libuv\src\win\core.c(354,36): warning C4100: 'loop': unreferenced formal parameter
C:\EQMacEmu\submodules\libuv\src\win\core.c(359,29): warning C4100: 'loop': unreferenced formal parameter
  detect-wakeup.c
C:\EQMacEmu\submodules\libuv\src\win\winapi.h(4155,6): warning C4201: nonstandard extension used: nameless struct/union
C:\EQMacEmu\submodules\libuv\src\win\winapi.h(4163,4): warning C4201: nonstandard extension used: nameless struct/union
C:\EQMacEmu\submodules\libuv\src\win\detect-wakeup.c(16,56): warning C4100: 'Setting': unreferenced formal parameter
C:\EQMacEmu\submodules\libuv\src\win\detect-wakeup.c(14,56): warning C4100: 'Context': unreferenced formal parameter
  dl.c
C:\EQMacEmu\submodules\libuv\src\win\winapi.h(4155,6): warning C4201: nonstandard extension used: nameless struct/union
C:\EQMacEmu\submodules\libuv\src\win\winapi.h(4163,4): warning C4201: nonstandard extension used: nameless struct/union
  error.c
C:\EQMacEmu\submodules\libuv\src\win\winapi.h(4155,6): warning C4201: nonstandard extension used: nameless struct/union
C:\EQMacEmu\submodules\libuv\src\win\winapi.h(4163,4): warning C4201: nonstandard extension used: nameless struct/union
  fs.c
C:\EQMacEmu\submodules\libuv\src\win\winapi.h(4155,6): warning C4201: nonstandard extension used: nameless struct/union
C:\EQMacEmu\submodules\libuv\src\win\winapi.h(4163,4): warning C4201: nonstandard extension used: nameless struct/union
C:\EQMacEmu\submodules\libuv\src\win\fs.c(208,44): warning C4244: 'function': conversion from 'ssize_t' to 'int', possible loss of data
C:\EQMacEmu\submodules\libuv\src\win\fs.c(222,48): warning C4244: 'function': conversion from 'ssize_t' to 'int', possible loss of data
C:\EQMacEmu\submodules\libuv\src\win\fs.c(586,7): warning C4245: '=': conversion from 'int' to 'DWORD', signed/unsigned mismatch
C:\EQMacEmu\submodules\libuv\src\win\fs.c(420,19): warning C4996: 'umask': The POSIX name for this item is deprecated. Instead, use the ISO C and C++ conformant name: _umask. See online help for details.
C:\EQMacEmu\submodules\libuv\src\win\fs.c(421,3): warning C4996: 'umask': The POSIX name for this item is deprecated. Instead, use the ISO C and C++ conformant name: _umask. See online help for details.
C:\EQMacEmu\submodules\libuv\src\win\fs.c(941,74): warning C4210: nonstandard extension used: function given file scope
C:\EQMacEmu\submodules\libuv\src\win\fs.c(1012,52): warning C4267: 'function': conversion from 'size_t' to 'int', possible loss of data
C:\EQMacEmu\submodules\libuv\src\win\fs.c(1044,40): warning C4267: 'function': conversion from 'size_t' to 'int', possible loss of data
C:\EQMacEmu\submodules\libuv\src\win\fs.c(1046,39): warning C4267: 'function': conversion from 'size_t' to 'int', possible loss of data
C:\EQMacEmu\submodules\libuv\src\win\fs.c(1465,66): warning C4267: 'function': conversion from 'size_t' to 'unsigned int', possible loss of data
C:\EQMacEmu\submodules\libuv\src\win\fs.c(1511,5): warning C4245: '=': conversion from 'int' to 'DWORD', signed/unsigned mismatch
C:\EQMacEmu\submodules\libuv\src\win\fs.c(1695,28): warning C4267: '=': conversion from 'size_t' to 'int', possible loss of data
C:\EQMacEmu\submodules\libuv\src\win\fs.c(1752,79): warning C4267: '=': conversion from 'size_t' to 'USHORT', possible loss of data
C:\EQMacEmu\submodules\libuv\src\win\fs.c(1753,77): warning C4267: '=': conversion from 'size_t' to 'USHORT', possible loss of data
C:\EQMacEmu\submodules\libuv\src\win\fs.c(1781,74): warning C4267: '=': conversion from 'size_t' to 'USHORT', possible loss of data
C:\EQMacEmu\submodules\libuv\src\win\fs.c(1782,72): warning C4267: '=': conversion from 'size_t' to 'USHORT', possible loss of data
C:\EQMacEmu\submodules\libuv\src\win\fs.c(1795,45): warning C4244: '=': conversion from 'int' to 'USHORT', possible loss of data
C:\EQMacEmu\submodules\libuv\src\win\fs.c(2112,3): warning C4244: 'return': conversion from 'ssize_t' to 'int', possible loss of data
C:\EQMacEmu\submodules\libuv\src\win\fs.c(2119,3): warning C4244: 'return': conversion from 'ssize_t' to 'int', possible loss of data
C:\EQMacEmu\submodules\libuv\src\win\fs.c(2148,3): warning C4244: 'return': conversion from 'ssize_t' to 'int', possible loss of data
C:\EQMacEmu\submodules\libuv\src\win\fs.c(2177,3): warning C4244: 'return': conversion from 'ssize_t' to 'int', possible loss of data
C:\EQMacEmu\submodules\libuv\src\win\fs.c(2191,3): warning C4244: 'return': conversion from 'ssize_t' to 'int', possible loss of data
C:\EQMacEmu\submodules\libuv\src\win\fs.c(2206,3): warning C4244: 'return': conversion from 'ssize_t' to 'int', possible loss of data
C:\EQMacEmu\submodules\libuv\src\win\fs.c(2219,3): warning C4244: 'return': conversion from 'ssize_t' to 'int', possible loss of data
C:\EQMacEmu\submodules\libuv\src\win\fs.c(2232,3): warning C4244: 'return': conversion from 'ssize_t' to 'int', possible loss of data
C:\EQMacEmu\submodules\libuv\src\win\fs.c(2247,3): warning C4244: 'return': conversion from 'ssize_t' to 'int', possible loss of data
C:\EQMacEmu\submodules\libuv\src\win\fs.c(2261,3): warning C4244: 'return': conversion from 'ssize_t' to 'int', possible loss of data
C:\EQMacEmu\submodules\libuv\src\win\fs.c(2276,3): warning C4244: 'return': conversion from 'ssize_t' to 'int', possible loss of data
C:\EQMacEmu\submodules\libuv\src\win\fs.c(2290,3): warning C4244: 'return': conversion from 'ssize_t' to 'int', possible loss of data
C:\EQMacEmu\submodules\libuv\src\win\fs.c(2309,3): warning C4244: 'return': conversion from 'ssize_t' to 'int', possible loss of data
C:\EQMacEmu\submodules\libuv\src\win\fs.c(2323,3): warning C4244: 'return': conversion from 'ssize_t' to 'int', possible loss of data
C:\EQMacEmu\submodules\libuv\src\win\fs.c(2314,14): warning C4100: 'gid': unreferenced formal parameter
C:\EQMacEmu\submodules\libuv\src\win\fs.c(2313,75): warning C4100: 'uid': unreferenced formal parameter
C:\EQMacEmu\submodules\libuv\src\win\fs.c(2330,3): warning C4244: 'return': conversion from 'ssize_t' to 'int', possible loss of data
C:\EQMacEmu\submodules\libuv\src\win\fs.c(2328,14): warning C4100: 'gid': unreferenced formal parameter
C:\EQMacEmu\submodules\libuv\src\win\fs.c(2327,70): warning C4100: 'uid': unreferenced formal parameter
C:\EQMacEmu\submodules\libuv\src\win\fs.c(2327,57): warning C4100: 'fd': unreferenced formal parameter
C:\EQMacEmu\submodules\libuv\src\win\fs.c(2343,3): warning C4244: 'return': conversion from 'ssize_t' to 'int', possible loss of data
C:\EQMacEmu\submodules\libuv\src\win\fs.c(2335,14): warning C4100: 'gid': unreferenced formal parameter
C:\EQMacEmu\submodules\libuv\src\win\fs.c(2334,76): warning C4100: 'uid': unreferenced formal parameter
C:\EQMacEmu\submodules\libuv\src\win\fs.c(2356,3): warning C4244: 'return': conversion from 'ssize_t' to 'int', possible loss of data
C:\EQMacEmu\submodules\libuv\src\win\fs.c(2369,3): warning C4244: 'return': conversion from 'ssize_t' to 'int', possible loss of data
C:\EQMacEmu\submodules\libuv\src\win\fs.c(2376,3): warning C4244: 'return': conversion from 'ssize_t' to 'int', possible loss of data
C:\EQMacEmu\submodules\libuv\src\win\fs.c(2390,3): warning C4244: 'return': conversion from 'ssize_t' to 'int', possible loss of data
C:\EQMacEmu\submodules\libuv\src\win\fs.c(2397,3): warning C4244: 'return': conversion from 'ssize_t' to 'int', possible loss of data
C:\EQMacEmu\submodules\libuv\src\win\fs.c(2404,3): warning C4244: 'return': conversion from 'ssize_t' to 'int', possible loss of data
C:\EQMacEmu\submodules\libuv\src\win\fs.c(2413,3): warning C4244: 'return': conversion from 'ssize_t' to 'int', possible loss of data
C:\EQMacEmu\submodules\libuv\src\win\fs.c(2439,3): warning C4244: 'return': conversion from 'ssize_t' to 'int', possible loss of data
C:\EQMacEmu\submodules\libuv\src\win\fs.c(2449,38): warning C4267: '=': conversion from 'size_t' to 'ULONG', possible loss of data
C:\EQMacEmu\submodules\libuv\src\win\fs.c(2450,3): warning C4244: 'return': conversion from 'ssize_t' to 'int', possible loss of data
C:\EQMacEmu\submodules\libuv\src\win\fs.c(2467,3): warning C4244: 'return': conversion from 'ssize_t' to 'int', possible loss of data
C:\EQMacEmu\submodules\libuv\src\win\fs.c(2482,3): warning C4244: 'return': conversion from 'ssize_t' to 'int', possible loss of data
C:\EQMacEmu\submodules\libuv\src\win\fs.c(2491,3): warning C4244: 'return': conversion from 'ssize_t' to 'int', possible loss of data
C:\EQMacEmu\submodules\libuv\src\win\fs.c(2507,3): warning C4244: 'return': conversion from 'ssize_t' to 'int', possible loss of data
C:\EQMacEmu\submodules\libuv\src\win\fs.c(2517,3): warning C4244: 'return': conversion from 'ssize_t' to 'int', possible loss of data
  fs-event.c
C:\EQMacEmu\submodules\libuv\src\win\winapi.h(4155,6): warning C4201: nonstandard extension used: nameless struct/union
C:\EQMacEmu\submodules\libuv\src\win\winapi.h(4163,4): warning C4201: nonstandard extension used: nameless struct/union
C:\EQMacEmu\submodules\libuv\src\win\fs-event.c(112,13): warning C4996: 'wcsdup': The POSIX name for this item is deprecated. Instead, use the ISO C and C++ conformant name: _wcsdup. See online help for details.
C:\EQMacEmu\submodules\libuv\src\win\fs-event.c(464,62): warning C4267: '=': conversion from 'size_t' to 'int', possible loss of data
C:\EQMacEmu\submodules\libuv\src\win\fs-event.c(578,37): warning C4100: 'loop': unreferenced formal parameter
  getaddrinfo.c
C:\EQMacEmu\submodules\libuv\src\win\winapi.h(4155,6): warning C4201: nonstandard extension used: nameless struct/union
C:\EQMacEmu\submodules\libuv\src\win\winapi.h(4163,4): warning C4201: nonstandard extension used: nameless struct/union
C:\EQMacEmu\submodules\libuv\src\win\getaddrinfo.c(132,50): warning C4267: '+=': conversion from 'size_t' to 'int', possible loss of data
C:\EQMacEmu\submodules\libuv\src\win\getaddrinfo.c(434,38): warning C4267: 'function': conversion from 'size_t' to 'int', possible loss of data
  getnameinfo.c
C:\EQMacEmu\submodules\libuv\src\win\winapi.h(4155,6): warning C4201: nonstandard extension used: nameless struct/union
C:\EQMacEmu\submodules\libuv\src\win\winapi.h(4163,4): warning C4201: nonstandard extension used: nameless struct/union
  handle.c
C:\EQMacEmu\submodules\libuv\src\win\winapi.h(4155,6): warning C4201: nonstandard extension used: nameless struct/union
C:\EQMacEmu\submodules\libuv\src\win\winapi.h(4163,4): warning C4201: nonstandard extension used: nameless struct/union
  loop-watcher.c
C:\EQMacEmu\submodules\libuv\src\win\winapi.h(4155,6): warning C4201: nonstandard extension used: nameless struct/union
C:\EQMacEmu\submodules\libuv\src\win\winapi.h(4163,4): warning C4201: nonstandard extension used: nameless struct/union
C:\EQMacEmu\submodules\libuv\src\win\loop-watcher.c(29,41): warning C4100: 'loop': unreferenced formal parameter
  Generating Code...
C:\EQMacEmu\submodules\libuv\src\win\fs.c(678): warning C4701: potentially uninitialized local variable 'original_position' used
C:\EQMacEmu\submodules\libuv\src\win\fs.c(748): warning C4701: potentially uninitialized local variable 'original_position' used
C:\EQMacEmu\submodules\libuv\src\uv-data-getter-setters.c(41): warning C4702: unreachable code
C:\EQMacEmu\submodules\libuv\src\idna.c(124): warning C4706: assignment within conditional expression
C:\EQMacEmu\submodules\libuv\src\idna.c(142): warning C4706: assignment within conditional expression
C:\EQMacEmu\submodules\libuv\src\idna.c(169): warning C4706: assignment within conditional expression
C:\EQMacEmu\submodules\libuv\src\idna.c(184): warning C4706: assignment within conditional expression
C:\EQMacEmu\submodules\libuv\src\idna.c(147): warning C4701: potentially uninitialized local variable 'c' used
  Compiling...
  pipe.c
C:\EQMacEmu\submodules\libuv\src\win\winapi.h(4155,6): warning C4201: nonstandard extension used: nameless struct/union
C:\EQMacEmu\submodules\libuv\src\win\winapi.h(4163,4): warning C4201: nonstandard extension used: nameless struct/union
C:\EQMacEmu\submodules\libuv\src\win\pipe.c(198,5): warning C4996: 'close': The POSIX name for this item is deprecated. Instead, use the ISO C and C++ conformant name: _close. See online help for details.
C:\EQMacEmu\submodules\libuv\src\win\pipe.c(771,33): warning C4100: 'loop': unreferenced formal parameter
C:\EQMacEmu\submodules\libuv\src\win\pipe.c(938,43): warning C4100: 'backlog': unreferenced formal parameter
C:\EQMacEmu\submodules\libuv\src\win\pipe.c(1084,68): warning C4244: 'function': conversion from 'ULONG_PTR' to 'DWORD', possible loss of data
C:\EQMacEmu\submodules\libuv\src\win\pipe.c(1103,68): warning C4244: 'function': conversion from 'ULONG_PTR' to 'DWORD', possible loss of data
C:\EQMacEmu\submodules\libuv\src\win\pipe.c(1589,41): warning C4100: 'loop': unreferenced formal parameter
C:\EQMacEmu\submodules\libuv\src\win\pipe.c(1602,43): warning C4100: 'loop': unreferenced formal parameter
C:\EQMacEmu\submodules\libuv\src\win\pipe.c(2246,54): warning C4267: 'function': conversion from 'size_t' to 'int', possible loss of data
  thread.c
C:\EQMacEmu\submodules\libuv\src\win\winapi.h(4155,6): warning C4201: nonstandard extension used: nameless struct/union
C:\EQMacEmu\submodules\libuv\src\win\winapi.h(4163,4): warning C4201: nonstandard extension used: nameless struct/union
  poll.c
C:\EQMacEmu\submodules\libuv\src\win\winapi.h(4155,6): warning C4201: nonstandard extension used: nameless struct/union
C:\EQMacEmu\submodules\libuv\src\win\winapi.h(4163,4): warning C4201: nonstandard extension used: nameless struct/union
C:\EQMacEmu\submodules\libuv\src\win\poll.c(137,53): warning C4100: 'loop': unreferenced formal parameter
C:\EQMacEmu\submodules\libuv\src\win\poll.c(234,26): warning C4244: '=': conversion from 'int' to 'unsigned char', possible loss of data
C:\EQMacEmu\submodules\libuv\src\win\poll.c(229,41): warning C4100: 'loop': unreferenced formal parameter
C:\EQMacEmu\submodules\libuv\src\win\poll.c(477,26): warning C4244: '=': conversion from 'int' to 'unsigned char', possible loss of data
C:\EQMacEmu\submodules\libuv\src\win\poll.c(472,41): warning C4100: 'loop': unreferenced formal parameter
C:\EQMacEmu\submodules\libuv\src\win\poll.c(635,33): warning C4100: 'loop': unreferenced formal parameter
  process.c
C:\EQMacEmu\submodules\libuv\src\win\winapi.h(4155,6): warning C4201: nonstandard extension used: nameless struct/union
C:\EQMacEmu\submodules\libuv\src\win\winapi.h(4163,4): warning C4201: nonstandard extension used: nameless struct/union
C:\EQMacEmu\submodules\libuv\src\win\process.c(521,3): warning C4996: 'wcsrev': The POSIX name for this item is deprecated. Instead, use the ISO C and C++ conformant name: _wcsrev. See online help for details.
C:\EQMacEmu\submodules\libuv\src\win\process.c(634,16): warning C4244: '=': conversion from '__int64' to 'int', possible loss of data
C:\EQMacEmu\submodules\libuv\src\win\process.c(699,12): warning C4456: declaration of 'len' hides previous local declaration
C:\EQMacEmu\submodules\libuv\src\win\process.c(688,7): message : see declaration of 'len'
C:\EQMacEmu\submodules\libuv\src\win\process.c(754,44): warning C4267: 'function': conversion from 'size_t' to 'int', possible loss of data
C:\EQMacEmu\submodules\libuv\src\win\process.c(790,45): warning C4267: 'function': conversion from 'size_t' to 'int', possible loss of data
C:\EQMacEmu\submodules\libuv\src\win\process.c(809,34): warning C4267: '=': conversion from 'size_t' to 'int', possible loss of data
C:\EQMacEmu\submodules\libuv\src\win\process.c(925,36): warning C4100: 'loop': unreferenced formal parameter
C:\EQMacEmu\submodules\libuv\src\win\process.c(1138,17): warning C4456: declaration of 'err' hides previous local declaration
C:\EQMacEmu\submodules\libuv\src\win\process.c(941,7): message : see declaration of 'err'
  process-stdio.c
C:\EQMacEmu\submodules\libuv\src\win\winapi.h(4155,6): warning C4201: nonstandard extension used: nameless struct/union
C:\EQMacEmu\submodules\libuv\src\win\winapi.h(4163,4): warning C4201: nonstandard extension used: nameless struct/union
C:\EQMacEmu\submodules\libuv\src\win\process-stdio.c(194,44): warning C4100: 'loop': unreferenced formal parameter
  signal.c
C:\EQMacEmu\submodules\libuv\src\win\winapi.h(4155,6): warning C4201: nonstandard extension used: nameless struct/union
C:\EQMacEmu\submodules\libuv\src\win\winapi.h(4163,4): warning C4201: nonstandard extension used: nameless struct/union
C:\EQMacEmu\submodules\libuv\src\win\signal.c(267,35): warning C4100: 'loop': unreferenced formal parameter
  snprintf.c
C:\EQMacEmu\submodules\libuv\src\win\snprintf.c(43,1): warning C4206: nonstandard extension used: translation unit is empty
  stream.c
C:\EQMacEmu\submodules\libuv\src\win\winapi.h(4155,6): warning C4201: nonstandard extension used: nameless struct/union
C:\EQMacEmu\submodules\libuv\src\win\winapi.h(4163,4): warning C4201: nonstandard extension used: nameless struct/union
  tcp.c
C:\EQMacEmu\submodules\libuv\src\win\winapi.h(4155,6): warning C4201: nonstandard extension used: nameless struct/union
C:\EQMacEmu\submodules\libuv\src\win\winapi.h(4163,4): warning C4201: nonstandard extension used: nameless struct/union
C:\EQMacEmu\submodules\libuv\src\win\tcp.c(48,38): warning C4100: 'handle': unreferenced formal parameter
C:\EQMacEmu\submodules\libuv\src\win\tcp.c(60,40): warning C4100: 'handle': unreferenced formal parameter
C:\EQMacEmu\submodules\libuv\src\win\tcp.c(366,68): warning C4244: 'function': conversion from 'ULONG_PTR' to 'DWORD', possible loss of data
C:\EQMacEmu\submodules\libuv\src\win\tcp.c(385,68): warning C4244: 'function': conversion from 'ULONG_PTR' to 'DWORD', possible loss of data
C:\EQMacEmu\submodules\libuv\src\win\tcp.c(1378,30): warning C4100: 'loop': unreferenced formal parameter
  tty.c
C:\EQMacEmu\submodules\libuv\src\win\winapi.h(4155,6): warning C4201: nonstandard extension used: nameless struct/union
C:\EQMacEmu\submodules\libuv\src\win\winapi.h(4163,4): warning C4201: nonstandard extension used: nameless struct/union
C:\EQMacEmu\submodules\libuv\src\win\tty.c(953,1): warning C4244: 'initializing': conversion from 'ULONG_PTR' to 'DWORD', possible loss of data
C:\EQMacEmu\submodules\libuv\src\win\tty.c(1094,47): warning C4244: '=': conversion from 'UINT' to 'WORD', possible loss of data
C:\EQMacEmu\submodules\libuv\src\win\tty.c(1130,47): warning C4100: 'handle': unreferenced formal parameter
C:\EQMacEmu\submodules\libuv\src\win\tty.c(1328,56): warning C4244: 'function': conversion from 'int' to 'unsigned char', possible loss of data
C:\EQMacEmu\submodules\libuv\src\win\tty.c(1328,65): warning C4244: 'function': conversion from 'int' to 'unsigned char', possible loss of data
C:\EQMacEmu\submodules\libuv\src\win\tty.c(1329,54): warning C4244: 'function': conversion from 'int' to 'unsigned char', possible loss of data
C:\EQMacEmu\submodules\libuv\src\win\tty.c(1329,63): warning C4244: 'function': conversion from 'int' to 'unsigned char', possible loss of data
C:\EQMacEmu\submodules\libuv\src\win\tty.c(1425,26): warning C4244: '=': conversion from 'int' to 'char', possible loss of data
C:\EQMacEmu\submodules\libuv\src\win\tty.c(1434,26): warning C4244: '=': conversion from 'int' to 'char', possible loss of data
C:\EQMacEmu\submodules\libuv\src\win\tty.c(1444,26): warning C4244: '=': conversion from 'int' to 'char', possible loss of data
C:\EQMacEmu\submodules\libuv\src\win\tty.c(1449,27): warning C4244: '=': conversion from 'int' to 'char', possible loss of data
C:\EQMacEmu\submodules\libuv\src\win\tty.c(1536,84): warning C4244: '=': conversion from 'int' to 'SHORT', possible loss of data
C:\EQMacEmu\submodules\libuv\src\win\tty.c(1847,67): warning C4244: '=': conversion from 'unsigned int' to 'unsigned short', possible loss of data
C:\EQMacEmu\submodules\libuv\src\win\tty.c(2154,37): warning C4267: 'return': conversion from 'size_t' to 'int', possible loss of data
C:\EQMacEmu\submodules\libuv\src\win\tty.c(2188,5): warning C4996: 'close': The POSIX name for this item is deprecated. Instead, use the ISO C and C++ conformant name: _close. See online help for details.
C:\EQMacEmu\submodules\libuv\src\win\tty.c(2240,15): warning C4100: 'raw_req': unreferenced formal parameter
C:\EQMacEmu\submodules\libuv\src\win\tty.c(2239,59): warning C4100: 'handle': unreferenced formal parameter
C:\EQMacEmu\submodules\libuv\src\win\tty.c(2239,43): warning C4100: 'loop': unreferenced formal parameter
C:\EQMacEmu\submodules\libuv\src\win\tty.c(2250,19): warning C4100: 'req': unreferenced formal parameter
C:\EQMacEmu\submodules\libuv\src\win\tty.c(2249,60): warning C4100: 'handle': unreferenced formal parameter
C:\EQMacEmu\submodules\libuv\src\win\tty.c(2249,44): warning C4100: 'loop': unreferenced formal parameter
C:\EQMacEmu\submodules\libuv\src\win\tty.c(2281,70): warning C4100: 'param': unreferenced formal parameter
C:\EQMacEmu\submodules\libuv\src\win\tty.c(2316,57): warning C4100: 'dwmsEventTime': unreferenced formal parameter
C:\EQMacEmu\submodules\libuv\src\win\tty.c(2315,57): warning C4100: 'dwEventThread': unreferenced formal parameter
C:\EQMacEmu\submodules\libuv\src\win\tty.c(2314,56): warning C4100: 'idChild': unreferenced formal parameter
C:\EQMacEmu\submodules\libuv\src\win\tty.c(2313,56): warning C4100: 'idObject': unreferenced formal parameter
C:\EQMacEmu\submodules\libuv\src\win\tty.c(2312,56): warning C4100: 'hwnd': unreferenced formal parameter
C:\EQMacEmu\submodules\libuv\src\win\tty.c(2311,57): warning C4100: 'event': unreferenced formal parameter
C:\EQMacEmu\submodules\libuv\src\win\tty.c(2310,65): warning C4100: 'hWinEventHook': unreferenced formal parameter
  udp.c
C:\EQMacEmu\submodules\libuv\src\win\winapi.h(4155,6): warning C4201: nonstandard extension used: nameless struct/union
C:\EQMacEmu\submodules\libuv\src\win\winapi.h(4163,4): warning C4201: nonstandard extension used: nameless struct/union
C:\EQMacEmu\submodules\libuv\src\win\udp.c(190,32): warning C4100: 'loop': unreferenced formal parameter
  util.c
C:\EQMacEmu\submodules\libuv\src\win\winapi.h(4155,6): warning C4201: nonstandard extension used: nameless struct/union
C:\EQMacEmu\submodules\libuv\src\win\winapi.h(4163,4): warning C4201: nonstandard extension used: nameless struct/union
C:\EQMacEmu\submodules\libuv\src\win\util.c(304,15): warning C4245: 'return': conversion from 'int' to 'uint64_t', signed/unsigned mismatch
C:\EQMacEmu\submodules\libuv\src\win\util.c(316,14): warning C4245: 'return': conversion from 'int' to 'uint64_t', signed/unsigned mismatch
C:\EQMacEmu\submodules\libuv\src\win\util.c(351,26): warning C4100: 'argc': unreferenced formal parameter
C:\EQMacEmu\submodules\libuv\src\win\util.c(745,3): warning C4244: 'function': conversion from 'int' to 'BYTE', possible loss of data
C:\EQMacEmu\submodules\libuv\src\win\util.c(746,3): warning C4244: 'function': conversion from 'int' to 'BYTE', possible loss of data
C:\EQMacEmu\submodules\libuv\src\win\util.c(747,3): warning C4244: 'function': conversion from 'int' to 'BYTE', possible loss of data
C:\EQMacEmu\submodules\libuv\src\win\util.c(748,3): warning C4244: 'function': conversion from 'int' to 'BYTE', possible loss of data
C:\EQMacEmu\submodules\libuv\src\win\util.c(1068,9): warning C4100: 'count': unreferenced formal parameter
C:\EQMacEmu\submodules\libuv\src\win\util.c(1207,38): warning C4267: 'function': conversion from 'size_t' to 'int', possible loss of data
C:\EQMacEmu\submodules\libuv\src\win\util.c(1437,38): warning C4267: 'function': conversion from 'size_t' to 'int', possible loss of data
C:\EQMacEmu\submodules\libuv\src\win\util.c(1744,51): warning C4244: '=': conversion from 'int' to 'char', possible loss of data
  winapi.c
C:\EQMacEmu\submodules\libuv\src\win\winapi.h(4155,6): warning C4201: nonstandard extension used: nameless struct/union
C:\EQMacEmu\submodules\libuv\src\win\winapi.h(4163,4): warning C4201: nonstandard extension used: nameless struct/union
  winsock.c
C:\EQMacEmu\submodules\libuv\src\win\winapi.h(4155,6): warning C4201: nonstandard extension used: nameless struct/union
C:\EQMacEmu\submodules\libuv\src\win\winapi.h(4163,4): warning C4201: nonstandard extension used: nameless struct/union
  Generating Code...
C:\EQMacEmu\submodules\libuv\src\win\winsock.c(534): warning C4701: potentially uninitialized local variable 'iosb' used
C:\EQMacEmu\submodules\libuv\src\win\process-stdio.c(356): warning C4701: potentially uninitialized local variable 'fdopt' used
C:\EQMacEmu\submodules\libuv\src\win\thread.c(387): warning C4702: unreachable code
C:\EQMacEmu\submodules\libuv\src\win\pipe.c(615): warning C4701: potentially uninitialized local variable 'duplex_flags' used
  uv_a.vcxproj -> C:\EQMacEmu\Build\submodules\libuv\Debug\uv_a.lib
