c:\eqmacemu\build\submodules\libuv\debug\uv_a.pdb
c:\eqmacemu\build\submodules\libuv\uv_a.dir\debug\loop-watcher.obj
c:\eqmacemu\build\submodules\libuv\uv_a.dir\debug\handle.obj
c:\eqmacemu\build\submodules\libuv\uv_a.dir\debug\getnameinfo.obj
c:\eqmacemu\build\submodules\libuv\uv_a.dir\debug\getaddrinfo.obj
c:\eqmacemu\build\submodules\libuv\uv_a.dir\debug\fs-event.obj
c:\eqmacemu\build\submodules\libuv\uv_a.dir\debug\fs.obj
c:\eqmacemu\build\submodules\libuv\uv_a.dir\debug\error.obj
c:\eqmacemu\build\submodules\libuv\uv_a.dir\debug\dl.obj
c:\eqmacemu\build\submodules\libuv\uv_a.dir\debug\detect-wakeup.obj
c:\eqmacemu\build\submodules\libuv\uv_a.dir\debug\core.obj
c:\eqmacemu\build\submodules\libuv\uv_a.dir\debug\async.obj
c:\eqmacemu\build\submodules\libuv\uv_a.dir\debug\version.obj
c:\eqmacemu\build\submodules\libuv\uv_a.dir\debug\uv-data-getter-setters.obj
c:\eqmacemu\build\submodules\libuv\uv_a.dir\debug\uv-common.obj
c:\eqmacemu\build\submodules\libuv\uv_a.dir\debug\timer.obj
c:\eqmacemu\build\submodules\libuv\uv_a.dir\debug\threadpool.obj
c:\eqmacemu\build\submodules\libuv\uv_a.dir\debug\strscpy.obj
c:\eqmacemu\build\submodules\libuv\uv_a.dir\debug\inet.obj
c:\eqmacemu\build\submodules\libuv\uv_a.dir\debug\idna.obj
c:\eqmacemu\build\submodules\libuv\uv_a.dir\debug\fs-poll.obj
c:\eqmacemu\build\submodules\libuv\uv_a.dir\debug\winsock.obj
c:\eqmacemu\build\submodules\libuv\uv_a.dir\debug\winapi.obj
c:\eqmacemu\build\submodules\libuv\uv_a.dir\debug\util.obj
c:\eqmacemu\build\submodules\libuv\uv_a.dir\debug\udp.obj
c:\eqmacemu\build\submodules\libuv\uv_a.dir\debug\tty.obj
c:\eqmacemu\build\submodules\libuv\uv_a.dir\debug\tcp.obj
c:\eqmacemu\build\submodules\libuv\uv_a.dir\debug\stream.obj
c:\eqmacemu\build\submodules\libuv\uv_a.dir\debug\snprintf.obj
c:\eqmacemu\build\submodules\libuv\uv_a.dir\debug\signal.obj
c:\eqmacemu\build\submodules\libuv\uv_a.dir\debug\process-stdio.obj
c:\eqmacemu\build\submodules\libuv\uv_a.dir\debug\process.obj
c:\eqmacemu\build\submodules\libuv\uv_a.dir\debug\poll.obj
c:\eqmacemu\build\submodules\libuv\uv_a.dir\debug\thread.obj
c:\eqmacemu\build\submodules\libuv\uv_a.dir\debug\pipe.obj
c:\eqmacemu\build\submodules\libuv\cmakefiles\generate.stamp
c:\eqmacemu\build\submodules\libuv\debug\uv_a.lib
c:\eqmacemu\build\submodules\libuv\uv_a.dir\debug\uv_a.tlog\cl.command.1.tlog
c:\eqmacemu\build\submodules\libuv\uv_a.dir\debug\uv_a.tlog\cl.read.1.tlog
c:\eqmacemu\build\submodules\libuv\uv_a.dir\debug\uv_a.tlog\cl.write.1.tlog
c:\eqmacemu\build\submodules\libuv\uv_a.dir\debug\uv_a.tlog\custombuild.command.1.tlog
c:\eqmacemu\build\submodules\libuv\uv_a.dir\debug\uv_a.tlog\custombuild.read.1.tlog
c:\eqmacemu\build\submodules\libuv\uv_a.dir\debug\uv_a.tlog\custombuild.write.1.tlog
c:\eqmacemu\build\submodules\libuv\uv_a.dir\debug\uv_a.tlog\lib-link.read.1.tlog
c:\eqmacemu\build\submodules\libuv\uv_a.dir\debug\uv_a.tlog\lib-link.write.1.tlog
c:\eqmacemu\build\submodules\libuv\uv_a.dir\debug\uv_a.tlog\lib.command.1.tlog
