  Building Custom Rule C:/EQMacEmu/shared_memory/CMakeLists.txt
  CMake does not need to re-run because C:/EQMacEmu/Build/shared_memory/CMakeFiles/generate.stamp is up-to-date.
  base_data.cpp
  items.cpp
  loot.cpp
  main.cpp
  npc_faction.cpp
  spells.cpp
  skill_caps.cpp
C:\EQMacEmu\common\eq_packet_structs.h(386,7): warning C4200: nonstandard extension used: zero-sized array in struct/union (compiling source file C:\EQMacEmu\shared_memory\main.cpp)
C:\EQMacEmu\common\eq_packet_structs.h(386,7): message : This member will be ignored by a defaulted constructor or copy/move assignment operator (compiling source file C:\EQMacEmu\shared_memory\main.cpp)
C:\EQMacEmu\common\eq_packet_structs.h(841,15): warning C4200: nonstandard extension used: zero-sized array in struct/union (compiling source file C:\EQMacEmu\shared_memory\main.cpp)
C:\EQMacEmu\common\eq_packet_structs.h(841,15): message : This member will be ignored by a defaulted constructor or copy/move assignment operator (compiling source file C:\EQMacEmu\shared_memory\main.cpp)
C:\EQMacEmu\common\eq_packet_structs.h(1058,7): warning C4200: nonstandard extension used: zero-sized array in struct/union (compiling source file C:\EQMacEmu\shared_memory\main.cpp)
C:\EQMacEmu\common\eq_packet_structs.h(1058,7): message : This member will be ignored by a defaulted constructor or copy/move assignment operator (compiling source file C:\EQMacEmu\shared_memory\main.cpp)
C:\EQMacEmu\common\eq_packet_structs.h(1151,15): warning C4200: nonstandard extension used: zero-sized array in struct/union (compiling source file C:\EQMacEmu\shared_memory\main.cpp)
C:\EQMacEmu\common\eq_packet_structs.h(1151,15): message : This member will be ignored by a defaulted constructor or copy/move assignment operator (compiling source file C:\EQMacEmu\shared_memory\main.cpp)
C:\EQMacEmu\common\eq_packet_structs.h(1477,33): warning C4200: nonstandard extension used: zero-sized array in struct/union (compiling source file C:\EQMacEmu\shared_memory\main.cpp)
C:\EQMacEmu\common\eq_packet_structs.h(1477,33): message : This member will be ignored by a defaulted constructor or copy/move assignment operator (compiling source file C:\EQMacEmu\shared_memory\main.cpp)
C:\EQMacEmu\common\eq_packet_structs.h(1813,21): warning C4200: nonstandard extension used: zero-sized array in struct/union (compiling source file C:\EQMacEmu\shared_memory\main.cpp)
C:\EQMacEmu\common\eq_packet_structs.h(1813,21): message : This member will be ignored by a defaulted constructor or copy/move assignment operator (compiling source file C:\EQMacEmu\shared_memory\main.cpp)
C:\EQMacEmu\common\eq_packet_structs.h(2157,21): warning C4200: nonstandard extension used: zero-sized array in struct/union (compiling source file C:\EQMacEmu\shared_memory\main.cpp)
C:\EQMacEmu\common\eq_packet_structs.h(2157,21): message : This member will be ignored by a defaulted constructor or copy/move assignment operator (compiling source file C:\EQMacEmu\shared_memory\main.cpp)
C:\EQMacEmu\common\eq_packet_structs.h(2213,7): warning C4200: nonstandard extension used: zero-sized array in struct/union (compiling source file C:\EQMacEmu\shared_memory\main.cpp)
C:\EQMacEmu\common\eq_packet_structs.h(2213,7): message : This member will be ignored by a defaulted constructor or copy/move assignment operator (compiling source file C:\EQMacEmu\shared_memory\main.cpp)
C:\EQMacEmu\common\eq_packet_structs.h(2237,35): warning C4200: nonstandard extension used: zero-sized array in struct/union (compiling source file C:\EQMacEmu\shared_memory\main.cpp)
C:\EQMacEmu\common\eq_packet_structs.h(2237,35): message : This member will be ignored by a defaulted constructor or copy/move assignment operator (compiling source file C:\EQMacEmu\shared_memory\main.cpp)
C:\EQMacEmu\common\eq_packet_structs.h(2379,19): warning C4200: nonstandard extension used: zero-sized array in struct/union (compiling source file C:\EQMacEmu\shared_memory\main.cpp)
C:\EQMacEmu\common\eq_packet_structs.h(2379,19): message : This member will be ignored by a defaulted constructor or copy/move assignment operator (compiling source file C:\EQMacEmu\shared_memory\main.cpp)
C:\EQMacEmu\common\eq_packet_structs.h(386,7): warning C4200: nonstandard extension used: zero-sized array in struct/union (compiling source file C:\EQMacEmu\shared_memory\npc_faction.cpp)
C:\EQMacEmu\common\eq_packet_structs.h(386,7): message : This member will be ignored by a defaulted constructor or copy/move assignment operator (compiling source file C:\EQMacEmu\shared_memory\npc_faction.cpp)
C:\EQMacEmu\common\eq_packet_structs.h(841,15): warning C4200: nonstandard extension used: zero-sized array in struct/union (compiling source file C:\EQMacEmu\shared_memory\npc_faction.cpp)
C:\EQMacEmu\common\eq_packet_structs.h(841,15): message : This member will be ignored by a defaulted constructor or copy/move assignment operator (compiling source file C:\EQMacEmu\shared_memory\npc_faction.cpp)
C:\EQMacEmu\common\eq_packet_structs.h(1058,7): warning C4200: nonstandard extension used: zero-sized array in struct/union (compiling source file C:\EQMacEmu\shared_memory\npc_faction.cpp)
C:\EQMacEmu\common\eq_packet_structs.h(1058,7): message : This member will be ignored by a defaulted constructor or copy/move assignment operator (compiling source file C:\EQMacEmu\shared_memory\npc_faction.cpp)
C:\EQMacEmu\common\eq_packet_structs.h(1151,15): warning C4200: nonstandard extension used: zero-sized array in struct/union (compiling source file C:\EQMacEmu\shared_memory\npc_faction.cpp)
C:\EQMacEmu\common\eq_packet_structs.h(1151,15): message : This member will be ignored by a defaulted constructor or copy/move assignment operator (compiling source file C:\EQMacEmu\shared_memory\npc_faction.cpp)
C:\EQMacEmu\common\eq_packet_structs.h(1477,33): warning C4200: nonstandard extension used: zero-sized array in struct/union (compiling source file C:\EQMacEmu\shared_memory\npc_faction.cpp)
C:\EQMacEmu\common\eq_packet_structs.h(1477,33): message : This member will be ignored by a defaulted constructor or copy/move assignment operator (compiling source file C:\EQMacEmu\shared_memory\npc_faction.cpp)
C:\EQMacEmu\common\eq_packet_structs.h(1813,21): warning C4200: nonstandard extension used: zero-sized array in struct/union (compiling source file C:\EQMacEmu\shared_memory\npc_faction.cpp)
C:\EQMacEmu\common\eq_packet_structs.h(1813,21): message : This member will be ignored by a defaulted constructor or copy/move assignment operator (compiling source file C:\EQMacEmu\shared_memory\npc_faction.cpp)
C:\EQMacEmu\common\eq_packet_structs.h(2157,21): warning C4200: nonstandard extension used: zero-sized array in struct/union (compiling source file C:\EQMacEmu\shared_memory\npc_faction.cpp)
C:\EQMacEmu\common\eq_packet_structs.h(2157,21): message : This member will be ignored by a defaulted constructor or copy/move assignment operator (compiling source file C:\EQMacEmu\shared_memory\npc_faction.cpp)
C:\EQMacEmu\common\eq_packet_structs.h(2213,7): warning C4200: nonstandard extension used: zero-sized array in struct/union (compiling source file C:\EQMacEmu\shared_memory\npc_faction.cpp)
C:\EQMacEmu\common\eq_packet_structs.h(2213,7): message : This member will be ignored by a defaulted constructor or copy/move assignment operator (compiling source file C:\EQMacEmu\shared_memory\npc_faction.cpp)
C:\EQMacEmu\common\eq_packet_structs.h(2237,35): warning C4200: nonstandard extension used: zero-sized array in struct/union (compiling source file C:\EQMacEmu\shared_memory\npc_faction.cpp)
C:\EQMacEmu\common\eq_packet_structs.h(2237,35): message : This member will be ignored by a defaulted constructor or copy/move assignment operator (compiling source file C:\EQMacEmu\shared_memory\npc_faction.cpp)
C:\EQMacEmu\common\eq_packet_structs.h(2379,19): warning C4200: nonstandard extension used: zero-sized array in struct/union (compiling source file C:\EQMacEmu\shared_memory\npc_faction.cpp)
C:\EQMacEmu\common\eq_packet_structs.h(2379,19): message : This member will be ignored by a defaulted constructor or copy/move assignment operator (compiling source file C:\EQMacEmu\shared_memory\npc_faction.cpp)
C:\EQMacEmu\common\eq_packet_structs.h(386,7): warning C4200: nonstandard extension used: zero-sized array in struct/union (compiling source file C:\EQMacEmu\shared_memory\items.cpp)
C:\EQMacEmu\common\eq_packet_structs.h(386,7): message : This member will be ignored by a defaulted constructor or copy/move assignment operator (compiling source file C:\EQMacEmu\shared_memory\items.cpp)
C:\EQMacEmu\common\eq_packet_structs.h(841,15): warning C4200: nonstandard extension used: zero-sized array in struct/union (compiling source file C:\EQMacEmu\shared_memory\items.cpp)
C:\EQMacEmu\common\eq_packet_structs.h(841,15): message : This member will be ignored by a defaulted constructor or copy/move assignment operator (compiling source file C:\EQMacEmu\shared_memory\items.cpp)
C:\EQMacEmu\common\eq_packet_structs.h(1058,7): warning C4200: nonstandard extension used: zero-sized array in struct/union (compiling source file C:\EQMacEmu\shared_memory\items.cpp)
C:\EQMacEmu\common\eq_packet_structs.h(1058,7): message : This member will be ignored by a defaulted constructor or copy/move assignment operator (compiling source file C:\EQMacEmu\shared_memory\items.cpp)
C:\EQMacEmu\common\eq_packet_structs.h(1151,15): warning C4200: nonstandard extension used: zero-sized array in struct/union (compiling source file C:\EQMacEmu\shared_memory\items.cpp)
C:\EQMacEmu\common\eq_packet_structs.h(1151,15): message : This member will be ignored by a defaulted constructor or copy/move assignment operator (compiling source file C:\EQMacEmu\shared_memory\items.cpp)
C:\EQMacEmu\common\eq_packet_structs.h(1477,33): warning C4200: nonstandard extension used: zero-sized array in struct/union (compiling source file C:\EQMacEmu\shared_memory\items.cpp)
C:\EQMacEmu\common\eq_packet_structs.h(1477,33): message : This member will be ignored by a defaulted constructor or copy/move assignment operator (compiling source file C:\EQMacEmu\shared_memory\items.cpp)
C:\EQMacEmu\common\eq_packet_structs.h(1813,21): warning C4200: nonstandard extension used: zero-sized array in struct/union (compiling source file C:\EQMacEmu\shared_memory\items.cpp)
C:\EQMacEmu\common\eq_packet_structs.h(1813,21): message : This member will be ignored by a defaulted constructor or copy/move assignment operator (compiling source file C:\EQMacEmu\shared_memory\items.cpp)
C:\EQMacEmu\common\eq_packet_structs.h(2157,21): warning C4200: nonstandard extension used: zero-sized array in struct/union (compiling source file C:\EQMacEmu\shared_memory\items.cpp)
C:\EQMacEmu\common\eq_packet_structs.h(2157,21): message : This member will be ignored by a defaulted constructor or copy/move assignment operator (compiling source file C:\EQMacEmu\shared_memory\items.cpp)
C:\EQMacEmu\common\eq_packet_structs.h(2213,7): warning C4200: nonstandard extension used: zero-sized array in struct/union (compiling source file C:\EQMacEmu\shared_memory\items.cpp)
C:\EQMacEmu\common\eq_packet_structs.h(2213,7): message : This member will be ignored by a defaulted constructor or copy/move assignment operator (compiling source file C:\EQMacEmu\shared_memory\items.cpp)
C:\EQMacEmu\common\eq_packet_structs.h(2237,35): warning C4200: nonstandard extension used: zero-sized array in struct/union (compiling source file C:\EQMacEmu\shared_memory\items.cpp)
C:\EQMacEmu\common\eq_packet_structs.h(2237,35): message : This member will be ignored by a defaulted constructor or copy/move assignment operator (compiling source file C:\EQMacEmu\shared_memory\items.cpp)
C:\EQMacEmu\common\eq_packet_structs.h(2379,19): warning C4200: nonstandard extension used: zero-sized array in struct/union (compiling source file C:\EQMacEmu\shared_memory\items.cpp)
C:\EQMacEmu\common\eq_packet_structs.h(2379,19): message : This member will be ignored by a defaulted constructor or copy/move assignment operator (compiling source file C:\EQMacEmu\shared_memory\items.cpp)
C:\EQMacEmu\common\eq_packet_structs.h(386,7): warning C4200: nonstandard extension used: zero-sized array in struct/union (compiling source file C:\EQMacEmu\shared_memory\skill_caps.cpp)
C:\EQMacEmu\common\eq_packet_structs.h(386,7): message : This member will be ignored by a defaulted constructor or copy/move assignment operator (compiling source file C:\EQMacEmu\shared_memory\skill_caps.cpp)
C:\EQMacEmu\common\eq_packet_structs.h(841,15): warning C4200: nonstandard extension used: zero-sized array in struct/union (compiling source file C:\EQMacEmu\shared_memory\skill_caps.cpp)
C:\EQMacEmu\common\eq_packet_structs.h(841,15): message : This member will be ignored by a defaulted constructor or copy/move assignment operator (compiling source file C:\EQMacEmu\shared_memory\skill_caps.cpp)
C:\EQMacEmu\common\eq_packet_structs.h(1058,7): warning C4200: nonstandard extension used: zero-sized array in struct/union (compiling source file C:\EQMacEmu\shared_memory\skill_caps.cpp)
C:\EQMacEmu\common\eq_packet_structs.h(1058,7): message : This member will be ignored by a defaulted constructor or copy/move assignment operator (compiling source file C:\EQMacEmu\shared_memory\skill_caps.cpp)
C:\EQMacEmu\common\eq_packet_structs.h(1151,15): warning C4200: nonstandard extension used: zero-sized array in struct/union (compiling source file C:\EQMacEmu\shared_memory\skill_caps.cpp)
C:\EQMacEmu\common\eq_packet_structs.h(1151,15): message : This member will be ignored by a defaulted constructor or copy/move assignment operator (compiling source file C:\EQMacEmu\shared_memory\skill_caps.cpp)
C:\EQMacEmu\common\eq_packet_structs.h(1477,33): warning C4200: nonstandard extension used: zero-sized array in struct/union (compiling source file C:\EQMacEmu\shared_memory\skill_caps.cpp)
C:\EQMacEmu\common\eq_packet_structs.h(1477,33): message : This member will be ignored by a defaulted constructor or copy/move assignment operator (compiling source file C:\EQMacEmu\shared_memory\skill_caps.cpp)
C:\EQMacEmu\common\eq_packet_structs.h(1813,21): warning C4200: nonstandard extension used: zero-sized array in struct/union (compiling source file C:\EQMacEmu\shared_memory\skill_caps.cpp)
C:\EQMacEmu\common\eq_packet_structs.h(1813,21): message : This member will be ignored by a defaulted constructor or copy/move assignment operator (compiling source file C:\EQMacEmu\shared_memory\skill_caps.cpp)
C:\EQMacEmu\common\eq_packet_structs.h(2157,21): warning C4200: nonstandard extension used: zero-sized array in struct/union (compiling source file C:\EQMacEmu\shared_memory\skill_caps.cpp)
C:\EQMacEmu\common\eq_packet_structs.h(2157,21): message : This member will be ignored by a defaulted constructor or copy/move assignment operator (compiling source file C:\EQMacEmu\shared_memory\skill_caps.cpp)
C:\EQMacEmu\common\eq_packet_structs.h(2213,7): warning C4200: nonstandard extension used: zero-sized array in struct/union (compiling source file C:\EQMacEmu\shared_memory\skill_caps.cpp)
C:\EQMacEmu\common\eq_packet_structs.h(2213,7): message : This member will be ignored by a defaulted constructor or copy/move assignment operator (compiling source file C:\EQMacEmu\shared_memory\skill_caps.cpp)
C:\EQMacEmu\common\eq_packet_structs.h(2237,35): warning C4200: nonstandard extension used: zero-sized array in struct/union (compiling source file C:\EQMacEmu\shared_memory\skill_caps.cpp)
C:\EQMacEmu\common\eq_packet_structs.h(2237,35): message : This member will be ignored by a defaulted constructor or copy/move assignment operator (compiling source file C:\EQMacEmu\shared_memory\skill_caps.cpp)
C:\EQMacEmu\common\eq_packet_structs.h(2379,19): warning C4200: nonstandard extension used: zero-sized array in struct/union (compiling source file C:\EQMacEmu\shared_memory\skill_caps.cpp)
C:\EQMacEmu\common\eq_packet_structs.h(2379,19): message : This member will be ignored by a defaulted constructor or copy/move assignment operator (compiling source file C:\EQMacEmu\shared_memory\skill_caps.cpp)
C:\EQMacEmu\common\eq_packet_structs.h(386,7): warning C4200: nonstandard extension used: zero-sized array in struct/union (compiling source file C:\EQMacEmu\shared_memory\base_data.cpp)
C:\EQMacEmu\common\eq_packet_structs.h(386,7): message : This member will be ignored by a defaulted constructor or copy/move assignment operator (compiling source file C:\EQMacEmu\shared_memory\base_data.cpp)
C:\EQMacEmu\common\eq_packet_structs.h(841,15): warning C4200: nonstandard extension used: zero-sized array in struct/union (compiling source file C:\EQMacEmu\shared_memory\base_data.cpp)
C:\EQMacEmu\common\eq_packet_structs.h(841,15): message : This member will be ignored by a defaulted constructor or copy/move assignment operator (compiling source file C:\EQMacEmu\shared_memory\base_data.cpp)
C:\EQMacEmu\common\eq_packet_structs.h(1058,7): warning C4200: nonstandard extension used: zero-sized array in struct/union (compiling source file C:\EQMacEmu\shared_memory\base_data.cpp)
C:\EQMacEmu\common\eq_packet_structs.h(1058,7): message : This member will be ignored by a defaulted constructor or copy/move assignment operator (compiling source file C:\EQMacEmu\shared_memory\base_data.cpp)
C:\EQMacEmu\common\eq_packet_structs.h(1151,15): warning C4200: nonstandard extension used: zero-sized array in struct/union (compiling source file C:\EQMacEmu\shared_memory\base_data.cpp)
C:\EQMacEmu\common\eq_packet_structs.h(1151,15): message : This member will be ignored by a defaulted constructor or copy/move assignment operator (compiling source file C:\EQMacEmu\shared_memory\base_data.cpp)
C:\EQMacEmu\common\eq_packet_structs.h(1477,33): warning C4200: nonstandard extension used: zero-sized array in struct/union (compiling source file C:\EQMacEmu\shared_memory\base_data.cpp)
C:\EQMacEmu\common\eq_packet_structs.h(1477,33): message : This member will be ignored by a defaulted constructor or copy/move assignment operator (compiling source file C:\EQMacEmu\shared_memory\base_data.cpp)
C:\EQMacEmu\common\eq_packet_structs.h(1813,21): warning C4200: nonstandard extension used: zero-sized array in struct/union (compiling source file C:\EQMacEmu\shared_memory\base_data.cpp)
C:\EQMacEmu\common\eq_packet_structs.h(1813,21): message : This member will be ignored by a defaulted constructor or copy/move assignment operator (compiling source file C:\EQMacEmu\shared_memory\base_data.cpp)
C:\EQMacEmu\common\eq_packet_structs.h(2157,21): warning C4200: nonstandard extension used: zero-sized array in struct/union (compiling source file C:\EQMacEmu\shared_memory\base_data.cpp)
C:\EQMacEmu\common\eq_packet_structs.h(2157,21): message : This member will be ignored by a defaulted constructor or copy/move assignment operator (compiling source file C:\EQMacEmu\shared_memory\base_data.cpp)
C:\EQMacEmu\common\eq_packet_structs.h(2213,7): warning C4200: nonstandard extension used: zero-sized array in struct/union (compiling source file C:\EQMacEmu\shared_memory\base_data.cpp)
C:\EQMacEmu\common\eq_packet_structs.h(2213,7): message : This member will be ignored by a defaulted constructor or copy/move assignment operator (compiling source file C:\EQMacEmu\shared_memory\base_data.cpp)
C:\EQMacEmu\common\eq_packet_structs.h(2237,35): warning C4200: nonstandard extension used: zero-sized array in struct/union (compiling source file C:\EQMacEmu\shared_memory\base_data.cpp)
C:\EQMacEmu\common\eq_packet_structs.h(2237,35): message : This member will be ignored by a defaulted constructor or copy/move assignment operator (compiling source file C:\EQMacEmu\shared_memory\base_data.cpp)
C:\EQMacEmu\common\eq_packet_structs.h(2379,19): warning C4200: nonstandard extension used: zero-sized array in struct/union (compiling source file C:\EQMacEmu\shared_memory\base_data.cpp)
C:\EQMacEmu\common\eq_packet_structs.h(2379,19): message : This member will be ignored by a defaulted constructor or copy/move assignment operator (compiling source file C:\EQMacEmu\shared_memory\base_data.cpp)
C:\EQMacEmu\common\eq_packet_structs.h(386,7): warning C4200: nonstandard extension used: zero-sized array in struct/union (compiling source file C:\EQMacEmu\shared_memory\spells.cpp)
C:\EQMacEmu\common\eq_packet_structs.h(386,7): message : This member will be ignored by a defaulted constructor or copy/move assignment operator (compiling source file C:\EQMacEmu\shared_memory\spells.cpp)
C:\EQMacEmu\common\eq_packet_structs.h(841,15): warning C4200: nonstandard extension used: zero-sized array in struct/union (compiling source file C:\EQMacEmu\shared_memory\spells.cpp)
C:\EQMacEmu\common\eq_packet_structs.h(841,15): message : This member will be ignored by a defaulted constructor or copy/move assignment operator (compiling source file C:\EQMacEmu\shared_memory\spells.cpp)
C:\EQMacEmu\common\eq_packet_structs.h(1058,7): warning C4200: nonstandard extension used: zero-sized array in struct/union (compiling source file C:\EQMacEmu\shared_memory\spells.cpp)
C:\EQMacEmu\common\eq_packet_structs.h(1058,7): message : This member will be ignored by a defaulted constructor or copy/move assignment operator (compiling source file C:\EQMacEmu\shared_memory\spells.cpp)
C:\EQMacEmu\common\eq_packet_structs.h(1151,15): warning C4200: nonstandard extension used: zero-sized array in struct/union (compiling source file C:\EQMacEmu\shared_memory\spells.cpp)
C:\EQMacEmu\common\eq_packet_structs.h(1151,15): message : This member will be ignored by a defaulted constructor or copy/move assignment operator (compiling source file C:\EQMacEmu\shared_memory\spells.cpp)
C:\EQMacEmu\common\eq_packet_structs.h(1477,33): warning C4200: nonstandard extension used: zero-sized array in struct/union (compiling source file C:\EQMacEmu\shared_memory\spells.cpp)
C:\EQMacEmu\common\eq_packet_structs.h(1477,33): message : This member will be ignored by a defaulted constructor or copy/move assignment operator (compiling source file C:\EQMacEmu\shared_memory\spells.cpp)
C:\EQMacEmu\common\eq_packet_structs.h(1813,21): warning C4200: nonstandard extension used: zero-sized array in struct/union (compiling source file C:\EQMacEmu\shared_memory\spells.cpp)
C:\EQMacEmu\common\eq_packet_structs.h(1813,21): message : This member will be ignored by a defaulted constructor or copy/move assignment operator (compiling source file C:\EQMacEmu\shared_memory\spells.cpp)
C:\EQMacEmu\common\eq_packet_structs.h(2157,21): warning C4200: nonstandard extension used: zero-sized array in struct/union (compiling source file C:\EQMacEmu\shared_memory\spells.cpp)
C:\EQMacEmu\common\eq_packet_structs.h(2157,21): message : This member will be ignored by a defaulted constructor or copy/move assignment operator (compiling source file C:\EQMacEmu\shared_memory\spells.cpp)
C:\EQMacEmu\common\eq_packet_structs.h(2213,7): warning C4200: nonstandard extension used: zero-sized array in struct/union (compiling source file C:\EQMacEmu\shared_memory\spells.cpp)
C:\EQMacEmu\common\eq_packet_structs.h(2213,7): message : This member will be ignored by a defaulted constructor or copy/move assignment operator (compiling source file C:\EQMacEmu\shared_memory\spells.cpp)
C:\EQMacEmu\common\eq_packet_structs.h(2237,35): warning C4200: nonstandard extension used: zero-sized array in struct/union (compiling source file C:\EQMacEmu\shared_memory\spells.cpp)
C:\EQMacEmu\common\eq_packet_structs.h(2237,35): message : This member will be ignored by a defaulted constructor or copy/move assignment operator (compiling source file C:\EQMacEmu\shared_memory\spells.cpp)
C:\EQMacEmu\common\eq_packet_structs.h(2379,19): warning C4200: nonstandard extension used: zero-sized array in struct/union (compiling source file C:\EQMacEmu\shared_memory\spells.cpp)
C:\EQMacEmu\common\eq_packet_structs.h(2379,19): message : This member will be ignored by a defaulted constructor or copy/move assignment operator (compiling source file C:\EQMacEmu\shared_memory\spells.cpp)
C:\EQMacEmu\common\eq_packet_structs.h(386,7): warning C4200: nonstandard extension used: zero-sized array in struct/union (compiling source file C:\EQMacEmu\shared_memory\loot.cpp)
C:\EQMacEmu\common\eq_packet_structs.h(386,7): message : This member will be ignored by a defaulted constructor or copy/move assignment operator (compiling source file C:\EQMacEmu\shared_memory\loot.cpp)
C:\EQMacEmu\common\eq_packet_structs.h(841,15): warning C4200: nonstandard extension used: zero-sized array in struct/union (compiling source file C:\EQMacEmu\shared_memory\loot.cpp)
C:\EQMacEmu\common\eq_packet_structs.h(841,15): message : This member will be ignored by a defaulted constructor or copy/move assignment operator (compiling source file C:\EQMacEmu\shared_memory\loot.cpp)
C:\EQMacEmu\common\eq_packet_structs.h(1058,7): warning C4200: nonstandard extension used: zero-sized array in struct/union (compiling source file C:\EQMacEmu\shared_memory\loot.cpp)
C:\EQMacEmu\common\eq_packet_structs.h(1058,7): message : This member will be ignored by a defaulted constructor or copy/move assignment operator (compiling source file C:\EQMacEmu\shared_memory\loot.cpp)
C:\EQMacEmu\common\eq_packet_structs.h(1151,15): warning C4200: nonstandard extension used: zero-sized array in struct/union (compiling source file C:\EQMacEmu\shared_memory\loot.cpp)
C:\EQMacEmu\common\eq_packet_structs.h(1151,15): message : This member will be ignored by a defaulted constructor or copy/move assignment operator (compiling source file C:\EQMacEmu\shared_memory\loot.cpp)
C:\EQMacEmu\common\eq_packet_structs.h(1477,33): warning C4200: nonstandard extension used: zero-sized array in struct/union (compiling source file C:\EQMacEmu\shared_memory\loot.cpp)
C:\EQMacEmu\common\eq_packet_structs.h(1477,33): message : This member will be ignored by a defaulted constructor or copy/move assignment operator (compiling source file C:\EQMacEmu\shared_memory\loot.cpp)
C:\EQMacEmu\common\eq_packet_structs.h(1813,21): warning C4200: nonstandard extension used: zero-sized array in struct/union (compiling source file C:\EQMacEmu\shared_memory\loot.cpp)
C:\EQMacEmu\common\eq_packet_structs.h(1813,21): message : This member will be ignored by a defaulted constructor or copy/move assignment operator (compiling source file C:\EQMacEmu\shared_memory\loot.cpp)
C:\EQMacEmu\common\eq_packet_structs.h(2157,21): warning C4200: nonstandard extension used: zero-sized array in struct/union (compiling source file C:\EQMacEmu\shared_memory\loot.cpp)
C:\EQMacEmu\common\eq_packet_structs.h(2157,21): message : This member will be ignored by a defaulted constructor or copy/move assignment operator (compiling source file C:\EQMacEmu\shared_memory\loot.cpp)
C:\EQMacEmu\common\eq_packet_structs.h(2213,7): warning C4200: nonstandard extension used: zero-sized array in struct/union (compiling source file C:\EQMacEmu\shared_memory\loot.cpp)
C:\EQMacEmu\common\eq_packet_structs.h(2213,7): message : This member will be ignored by a defaulted constructor or copy/move assignment operator (compiling source file C:\EQMacEmu\shared_memory\loot.cpp)
C:\EQMacEmu\common\eq_packet_structs.h(2237,35): warning C4200: nonstandard extension used: zero-sized array in struct/union (compiling source file C:\EQMacEmu\shared_memory\loot.cpp)
C:\EQMacEmu\common\eq_packet_structs.h(2237,35): message : This member will be ignored by a defaulted constructor or copy/move assignment operator (compiling source file C:\EQMacEmu\shared_memory\loot.cpp)
C:\EQMacEmu\common\eq_packet_structs.h(2379,19): warning C4200: nonstandard extension used: zero-sized array in struct/union (compiling source file C:\EQMacEmu\shared_memory\loot.cpp)
C:\EQMacEmu\common\eq_packet_structs.h(2379,19): message : This member will be ignored by a defaulted constructor or copy/move assignment operator (compiling source file C:\EQMacEmu\shared_memory\loot.cpp)
C:\EQMacEmu\shared_memory\../common/loottable.h(39,26): warning C4200: nonstandard extension used: zero-sized array in struct/union (compiling source file C:\EQMacEmu\shared_memory\loot.cpp)
C:\EQMacEmu\shared_memory\../common/loottable.h(39,26): message : This member will be ignored by a defaulted constructor or copy/move assignment operator (compiling source file C:\EQMacEmu\shared_memory\loot.cpp)
C:\EQMacEmu\shared_memory\../common/loottable.h(56,25): warning C4200: nonstandard extension used: zero-sized array in struct/union (compiling source file C:\EQMacEmu\shared_memory\loot.cpp)
C:\EQMacEmu\shared_memory\../common/loottable.h(56,25): message : This member will be ignored by a defaulted constructor or copy/move assignment operator (compiling source file C:\EQMacEmu\shared_memory\loot.cpp)
  shared_memory.vcxproj -> C:\EQMacEmu\Build\bin\RelWithDebInfo\shared_memory.exe
