c:\eqmacemu\build\cmakefiles\generate.stamp
c:\eqmacemu\build\common\cmakefiles\generate.stamp
c:\eqmacemu\build\libs\cmakefiles\generate.stamp
c:\eqmacemu\build\libs\luabind\cmakefiles\generate.stamp
c:\eqmacemu\build\submodules\fmt\cmakefiles\generate.stamp
c:\eqmacemu\build\submodules\libuv\cmakefiles\generate.stamp
c:\eqmacemu\build\libs\zlibng\cmakefiles\generate.stamp
c:\eqmacemu\build\submodules\recastnavigation\cmakefiles\generate.stamp
c:\eqmacemu\build\submodules\recastnavigation\debugutils\cmakefiles\generate.stamp
c:\eqmacemu\build\submodules\recastnavigation\detour\cmakefiles\generate.stamp
c:\eqmacemu\build\submodules\recastnavigation\detourcrowd\cmakefiles\generate.stamp
c:\eqmacemu\build\submodules\recastnavigation\detourtilecache\cmakefiles\generate.stamp
c:\eqmacemu\build\submodules\recastnavigation\recast\cmakefiles\generate.stamp
c:\eqmacemu\build\shared_memory\cmakefiles\generate.stamp
c:\eqmacemu\build\world\cmakefiles\generate.stamp
c:\eqmacemu\build\zone\cmakefiles\generate.stamp
c:\eqmacemu\build\ucs\cmakefiles\generate.stamp
c:\eqmacemu\build\queryserv\cmakefiles\generate.stamp
c:\eqmacemu\build\eqlaunch\cmakefiles\generate.stamp
c:\eqmacemu\build\loginserver\cmakefiles\generate.stamp
c:\eqmacemu\build\x64\debug\zero_check\zero_check.tlog\custombuild.command.1.tlog
c:\eqmacemu\build\x64\debug\zero_check\zero_check.tlog\custombuild.read.1.tlog
c:\eqmacemu\build\x64\debug\zero_check\zero_check.tlog\custombuild.write.1.tlog
