  Checking Build System
  CMake does not need to re-run because C:/EQMacEmu/Build/CMakeFiles/generate.stamp is up-to-date.
  CMake does not need to re-run because C:/EQMacEmu/Build/common/CMakeFiles/generate.stamp is up-to-date.
  CMake does not need to re-run because C:/EQMacEmu/Build/libs/CMakeFiles/generate.stamp is up-to-date.
  CMake does not need to re-run because C:/EQMacEmu/Build/libs/luabind/CMakeFiles/generate.stamp is up-to-date.
  CMake does not need to re-run because C:/EQMacEmu/Build/submodules/fmt/CMakeFiles/generate.stamp is up-to-date.
  CMake does not need to re-run because C:/EQMacEmu/Build/submodules/libuv/CMakeFiles/generate.stamp is up-to-date.
  CMake does not need to re-run because C:/EQMacEmu/Build/libs/zlibng/CMakeFiles/generate.stamp is up-to-date.
  CMake does not need to re-run because C:/EQMacEmu/Build/submodules/recastnavigation/CMakeFiles/generate.stamp is up-to-date.
  CMake does not need to re-run because C:/EQMacEmu/Build/submodules/recastnavigation/DebugUtils/CMakeFiles/generate.stamp is up-to-date.
  CMake does not need to re-run because C:/EQMacEmu/Build/submodules/recastnavigation/Detour/CMakeFiles/generate.stamp is up-to-date.
  CMake does not need to re-run because C:/EQMacEmu/Build/submodules/recastnavigation/DetourCrowd/CMakeFiles/generate.stamp is up-to-date.
  CMake does not need to re-run because C:/EQMacEmu/Build/submodules/recastnavigation/DetourTileCache/CMakeFiles/generate.stamp is up-to-date.
  CMake does not need to re-run because C:/EQMacEmu/Build/submodules/recastnavigation/Recast/CMakeFiles/generate.stamp is up-to-date.
  CMake does not need to re-run because C:/EQMacEmu/Build/shared_memory/CMakeFiles/generate.stamp is up-to-date.
  CMake does not need to re-run because C:/EQMacEmu/Build/world/CMakeFiles/generate.stamp is up-to-date.
  CMake does not need to re-run because C:/EQMacEmu/Build/zone/CMakeFiles/generate.stamp is up-to-date.
  CMake does not need to re-run because C:/EQMacEmu/Build/ucs/CMakeFiles/generate.stamp is up-to-date.
  CMake does not need to re-run because C:/EQMacEmu/Build/queryserv/CMakeFiles/generate.stamp is up-to-date.
  CMake does not need to re-run because C:/EQMacEmu/Build/eqlaunch/CMakeFiles/generate.stamp is up-to-date.
  CMake does not need to re-run because C:/EQMacEmu/Build/loginserver/CMakeFiles/generate.stamp is up-to-date.
